<?xml version="1.0" encoding="UTF-8"?>
<testsuite xmlns:xsi="http://www.w3.org/2001/XMLSchema-instance" xsi:noNamespaceSchemaLocation="https://maven.apache.org/surefire/maven-surefire-plugin/xsd/surefire-test-report-3.0.xsd" version="3.0" name="com.springRest.tenantRent.TenantRentApplicationTests" time="17.202" tests="1" errors="0" skipped="0" failures="0">
  <properties>
[...]
</properties>
  <testcase name="contextLoads" classname="com.springRest.tenantRent.TenantRentApplicationTests" time="0.801">
    <system-out><![CDATA[04:44:53.412 [main] INFO org.springframework.test.context.support.AnnotationConfigContextLoaderUtils -- Could not detect default configuration classes for test class [com.springRest.tenantRent.TenantRentApplicationTests]: TenantRentApplicationTests does not declare any static, non-private, non-final, nested classes annotated with @Configuration.
04:44:53.620 [main] INFO org.springframework.boot.test.context.SpringBootTestContextBootstrapper -- Found @SpringBootConfiguration com.springRest.tenantRent.TenantRentApplication for test class com.springRest.tenantRent.TenantRentApplicationTests

  .   ____          _            __ _ _
 /\\ / ___'_ __ _ _(_)_ __  __ _ \ \ \ \
( ( )\___ | '_ | '_| | '_ \/ _` | \ \ \ \
 \\/  ___)| |_)| | | | | || (_| |  ) ) ) )
  '  |____| .__|_| |_|_| |_\__, | / / / /
 =========|_|==============|___/=/_/_/_/

 :: Spring Boot ::                (v3.3.2)

2024-08-29 04:44:55 - Starting TenantRentApplicationTests using Java 21.0.3 with PID 4320 (started by DELL in c:\Users\DELL\source\repos\nsalunke729\Tenant Rent Management\Tenant Rent Backend)
2024-08-29 04:44:55 - The following 2 profiles are active: "common", "dev"
2024-08-29 04:44:55 - Loading source class com.springRest.tenantRent.TenantRentApplication
2024-08-29 04:44:55 - Refreshing org.springframework.web.context.support.GenericWebApplicationContext@349d0836
2024-08-29 04:44:55 - Creating shared instance of singleton bean 'org.springframework.context.annotation.internalConfigurationAnnotationProcessor'
2024-08-29 04:44:55 - Creating shared instance of singleton bean 'org.springframework.boot.autoconfigure.internalCachingMetadataReaderFactory'
2024-08-29 04:44:55 - Identified candidate component class: file [C:\Users\DELL\source\repos\nsalunke729\Tenant Rent Management\Tenant Rent Backend\target\classes\com\springRest\tenantRent\configuration\WebConfig.class]
2024-08-29 04:44:55 - Identified candidate component class: file [C:\Users\DELL\source\repos\nsalunke729\Tenant Rent Management\Tenant Rent Backend\target\classes\com\springRest\tenantRent\controller\LoginController.class]
2024-08-29 04:44:55 - Identified candidate component class: file [C:\Users\DELL\source\repos\nsalunke729\Tenant Rent Management\Tenant Rent Backend\target\classes\com\springRest\tenantRent\controller\PropertyController.class]
2024-08-29 04:44:55 - Identified candidate component class: file [C:\Users\DELL\source\repos\nsalunke729\Tenant Rent Management\Tenant Rent Backend\target\classes\com\springRest\tenantRent\controller\RentPaymentController.class]
2024-08-29 04:44:55 - Identified candidate component class: file [C:\Users\DELL\source\repos\nsalunke729\Tenant Rent Management\Tenant Rent Backend\target\classes\com\springRest\tenantRent\controller\TenantController.class]
2024-08-29 04:44:55 - Identified candidate component class: file [C:\Users\DELL\source\repos\nsalunke729\Tenant Rent Management\Tenant Rent Backend\target\classes\com\springRest\tenantRent\controller\tenants.class]
2024-08-29 04:44:56 - Ignored because not a concrete top-level class: file [C:\Users\DELL\source\repos\nsalunke729\Tenant Rent Management\Tenant Rent Backend\target\classes\com\springRest\tenantRent\repository\RentPaymentRepository.class]
2024-08-29 04:44:56 - Ignored because not a concrete top-level class: file [C:\Users\DELL\source\repos\nsalunke729\Tenant Rent Management\Tenant Rent Backend\target\classes\com\springRest\tenantRent\repository\TenantRepository.class]
2024-08-29 04:44:56 - Identified candidate component class: file [C:\Users\DELL\source\repos\nsalunke729\Tenant Rent Management\Tenant Rent Backend\target\classes\com\springRest\tenantRent\service\RentPaymentService.class]
2024-08-29 04:44:56 - Identified candidate component class: file [C:\Users\DELL\source\repos\nsalunke729\Tenant Rent Management\Tenant Rent Backend\target\classes\com\springRest\tenantRent\service\SecurityConfig.class]
2024-08-29 04:44:56 - Identified candidate component class: file [C:\Users\DELL\source\repos\nsalunke729\Tenant Rent Management\Tenant Rent Backend\target\classes\com\springRest\tenantRent\service\TenantService.class]
2024-08-29 04:44:58 - Bootstrapping Spring Data JPA repositories in DEFAULT mode.
2024-08-29 04:44:58 - Creating shared instance of singleton bean 'org.springframework.boot.autoconfigure.AutoConfigurationPackages'
2024-08-29 04:44:58 - @EnableAutoConfiguration was declared on a class in the package 'com.springRest.tenantRent'. Automatic @Repository and @Entity scanning is enabled.
2024-08-29 04:44:58 - Scanning for JPA repositories in packages com.springRest.tenantRent.
2024-08-29 04:44:58 - Identified candidate component class: file [C:\Users\DELL\source\repos\nsalunke729\Tenant Rent Management\Tenant Rent Backend\target\classes\com\springRest\tenantRent\repository\RentPaymentRepository.class]
2024-08-29 04:44:58 - Identified candidate component class: file [C:\Users\DELL\source\repos\nsalunke729\Tenant Rent Management\Tenant Rent Backend\target\classes\com\springRest\tenantRent\repository\TenantRepository.class]
2024-08-29 04:44:58 - Finished Spring Data repository scanning in 76 ms. Found 2 JPA repository interfaces.
2024-08-29 04:44:58 - Creating shared instance of singleton bean 'refreshScope'
2024-08-29 04:44:58 - Creating shared instance of singleton bean 'org.springframework.cloud.autoconfigure.RefreshAutoConfiguration$RefreshScopeBeanDefinitionEnhancer'
2024-08-29 04:44:58 - Creating shared instance of singleton bean 'springSecurityHandlerMappingIntrospectorBeanDefinitionRegistryPostProcessor'
2024-08-29 04:44:59 - Generating bean factory id from names: [applicationAvailability, applicationTaskExecutor, authenticationEventPublisher, authenticationManagerBuilder, basicErrorController, beanNameHandlerMapping, beanNameViewResolver, characterEncodingFilter, classLoaderMetrics, configDataContextRefresher, configurationPropertiesBeans, configurationPropertiesRebinder, controllerEndpointDiscoverer, controllerEndpointHandlerMapping, controllerExposeExcludePropertyEndpointFilter, conventionErrorViewResolver, conversionServicePostProcessor, data-jpa.repository-aot-processor#0, dataSource, dataSourcePoolMetadataMeterBinder, dataSourceScriptDatabaseInitializer, dbHealthContributor, defaultMeterObservationHandler, defaultServletHandlerMapping, defaultViewResolver, delegatingApplicationListener, diskSpaceHealthIndicator, diskSpaceMetrics, dispatcherServlet, dispatcherServletRegistration, eagerTaskExecutorMetrics, emBeanDefinitionRegistrarPostProcessor, enableGlobalAuthenticationAutowiredConfigurer, endpointCachingOperationInvokerAdvisor, endpointMediaTypes, endpointObjectMapper, endpointObjectMapperWebMvcConfigurer, endpointOperationParameterMapper, entityManagerFactory, entityManagerFactoryBuilder, environmentManager, error, errorAttributes, errorPageCustomizer, errorPageRegistrarBeanPostProcessor, fileDescriptorMetrics, fileWatcher, flashMapManager, formContentFilter, handlerExceptionResolver, handlerFunctionAdapter, healthContributorRegistry, healthEndpoint, healthEndpointGroupMembershipValidator, healthEndpointGroups, healthEndpointGroupsBeanPostProcessor, healthEndpointWebExtension, healthEndpointWebMvcHandlerMapping, healthHttpCodeStatusMapper, healthStatusAggregator, hikariDataSourceMeterBinder, hikariPoolDataSourceMetadataProvider, httpMessageConvertersRestClientCustomizer, httpRequestHandlerAdapter, initializeAuthenticationProviderBeanManagerConfigurer, initializeUserDetailsBeanManagerConfigurer, jacksonGeoModule, jacksonObjectMapper, jacksonObjectMapperBuilder, jdbcClient, jdbcConnectionDetails, jdbcConnectionDetailsHikariBeanPostProcessor, jdbcTemplate, jpa.RentPaymentRepository.fragments#0, jpa.TenantRepository.fragments#0, jpa.named-queries#0, jpa.named-queries#1, jpaContext, jpaMappingContext, jpaSharedEM_entityManagerFactory, jpaVendorAdapter, jsonComponentModule, jsonMixinModule, jsonMixinModuleEntries, jvmCompilationMetrics, jvmGcMetrics, jvmHeapPressureMetrics, jvmInfoMetrics, jvmMemoryMetrics, jvmThreadMetrics, lifecycleProcessor, localeCharsetMappingsCustomizer, localeResolver, logbackMetrics, loggingRebinder, loginController, management.endpoint.health-org.springframework.boot.actuate.autoconfigure.health.HealthEndpointProperties, management.endpoints.web-org.springframework.boot.actuate.autoconfigure.endpoint.web.WebEndpointProperties, management.endpoints.web.cors-org.springframework.boot.actuate.autoconfigure.endpoint.web.CorsEndpointProperties, management.health.db-org.springframework.boot.actuate.autoconfigure.jdbc.DataSourceHealthIndicatorProperties, management.health.diskspace-org.springframework.boot.actuate.autoconfigure.system.DiskSpaceHealthIndicatorProperties, management.info-org.springframework.boot.actuate.autoconfigure.info.InfoContributorProperties, management.metrics-org.springframework.boot.actuate.autoconfigure.metrics.MetricsProperties, management.observations-org.springframework.boot.actuate.autoconfigure.observation.ObservationProperties, management.server-org.springframework.boot.actuate.autoconfigure.web.server.ManagementServerProperties, management.simple.metrics.export-org.springframework.boot.actuate.autoconfigure.metrics.export.simple.SimpleProperties, managementServletContext, mappingJackson2HttpMessageConverter, messageConverters, meterRegistryCloser, meterRegistryPostProcessor, metricsHttpClientUriTagFilter, metricsHttpServerUriTagFilter, metricsObservationHandlerGrouping, metricsRepositoryMethodInvocationListener, metricsRepositoryMethodInvocationListenerBeanPostProcessor, micrometerClock, multipartConfigElement, multipartResolver, mvcContentNegotiationManager, mvcConversionService, mvcHandlerMappingIntrospector, mvcHandlerMappingIntrospectorRequestTransformer, mvcPathMatcher, mvcPatternParser, mvcResourceUrlProvider, mvcUriComponentsContributor, mvcUrlPathHelper, mvcValidator, mvcViewResolver, namedParameterJdbcTemplate, objectPostProcessor, observabilitySchedulingConfigurer, observationRegistry, observationRegistryPostProcessor, observationRestClientCustomizer, observationRestTemplateCustomizer, observedAspect, offsetResolver, openEntityManagerInViewInterceptor, openEntityManagerInViewInterceptorConfigurer, org.springframework.aop.config.internalAutoProxyCreator, org.springframework.boot.actuate.autoconfigure.availability.AvailabilityHealthContributorAutoConfiguration, org.springframework.boot.actuate.autoconfigure.endpoint.EndpointAutoConfiguration, org.springframework.boot.actuate.autoconfigure.endpoint.jackson.JacksonEndpointAutoConfiguration, org.springframework.boot.actuate.autoconfigure.endpoint.web.ServletEndpointManagementContextConfiguration, org.springframework.boot.actuate.autoconfigure.endpoint.web.ServletEndpointManagementContextConfiguration$WebMvcServletEndpointManagementContextConfiguration, org.springframework.boot.actuate.autoconfigure.endpoint.web.WebEndpointAutoConfiguration, org.springframework.boot.actuate.autoconfigure.endpoint.web.WebEndpointAutoConfiguration$WebEndpointServletConfiguration, org.springframework.boot.actuate.autoconfigure.endpoint.web.servlet.WebMvcEndpointManagementContextConfiguration, org.springframework.boot.actuate.autoconfigure.health.HealthContributorAutoConfiguration, org.springframework.boot.actuate.autoconfigure.health.HealthEndpointAutoConfiguration, org.springframework.boot.actuate.autoconfigure.health.HealthEndpointConfiguration, org.springframework.boot.actuate.autoconfigure.health.HealthEndpointWebExtensionConfiguration, org.springframework.boot.actuate.autoconfigure.health.HealthEndpointWebExtensionConfiguration$MvcAdditionalHealthEndpointPathsConfiguration, org.springframework.boot.actuate.autoconfigure.info.InfoContributorAutoConfiguration, org.springframework.boot.actuate.autoconfigure.jdbc.DataSourceHealthContributorAutoConfiguration, org.springframework.boot.actuate.autoconfigure.metrics.CompositeMeterRegistryAutoConfiguration, org.springframework.boot.actuate.autoconfigure.metrics.JvmMetricsAutoConfiguration, org.springframework.boot.actuate.autoconfigure.metrics.LogbackMetricsAutoConfiguration, org.springframework.boot.actuate.autoconfigure.metrics.MetricsAutoConfiguration, org.springframework.boot.actuate.autoconfigure.metrics.SystemMetricsAutoConfiguration, org.springframework.boot.actuate.autoconfigure.metrics.data.RepositoryMetricsAutoConfiguration, org.springframework.boot.actuate.autoconfigure.metrics.export.simple.SimpleMetricsExportAutoConfiguration, org.springframework.boot.actuate.autoconfigure.metrics.integration.IntegrationMetricsAutoConfiguration, org.springframework.boot.actuate.autoconfigure.metrics.jdbc.DataSourcePoolMetricsAutoConfiguration, org.springframework.boot.actuate.autoconfigure.metrics.jdbc.DataSourcePoolMetricsAutoConfiguration$DataSourcePoolMetadataMetricsConfiguration, org.springframework.boot.actuate.autoconfigure.metrics.jdbc.DataSourcePoolMetricsAutoConfiguration$HikariDataSourceMetricsConfiguration, org.springframework.boot.actuate.autoconfigure.metrics.startup.StartupTimeMetricsListenerAutoConfiguration, org.springframework.boot.actuate.autoconfigure.metrics.task.TaskExecutorMetricsAutoConfiguration, org.springframework.boot.actuate.autoconfigure.metrics.web.tomcat.TomcatMetricsAutoConfiguration, org.springframework.boot.actuate.autoconfigure.observation.ObservationAutoConfiguration, org.springframework.boot.actuate.autoconfigure.observation.ObservationAutoConfiguration$MeterObservationHandlerConfiguration, org.springframework.boot.actuate.autoconfigure.observation.ObservationAutoConfiguration$MeterObservationHandlerConfiguration$OnlyMetricsMeterObservationHandlerConfiguration, org.springframework.boot.actuate.autoconfigure.observation.ObservationAutoConfiguration$ObservedAspectConfiguration, org.springframework.boot.actuate.autoconfigure.observation.ObservationAutoConfiguration$OnlyMetricsConfiguration, org.springframework.boot.actuate.autoconfigure.observation.web.client.HttpClientObservationsAutoConfiguration, org.springframework.boot.actuate.autoconfigure.observation.web.client.HttpClientObservationsAutoConfiguration$MeterFilterConfiguration, org.springframework.boot.actuate.autoconfigure.observation.web.client.RestClientObservationConfiguration, org.springframework.boot.actuate.autoconfigure.observation.web.client.RestTemplateObservationConfiguration, org.springframework.boot.actuate.autoconfigure.observation.web.servlet.WebMvcObservationAutoConfiguration, org.springframework.boot.actuate.autoconfigure.observation.web.servlet.WebMvcObservationAutoConfiguration$MeterFilterConfiguration, org.springframework.boot.actuate.autoconfigure.scheduling.ScheduledTasksObservabilityAutoConfiguration, org.springframework.boot.actuate.autoconfigure.security.servlet.SecurityRequestMatchersManagementContextConfiguration, org.springframework.boot.actuate.autoconfigure.security.servlet.SecurityRequestMatchersManagementContextConfiguration$MvcRequestMatcherConfiguration, org.springframework.boot.actuate.autoconfigure.system.DiskSpaceHealthContributorAutoConfiguration, org.springframework.boot.actuate.autoconfigure.web.server.ManagementContextAutoConfiguration, org.springframework.boot.actuate.autoconfigure.web.server.ManagementContextAutoConfiguration$SameManagementContextConfiguration, org.springframework.boot.actuate.autoconfigure.web.server.ManagementContextAutoConfiguration$SameManagementContextConfiguration$EnableSameManagementContextConfiguration, org.springframework.boot.actuate.autoconfigure.web.servlet.ServletManagementContextAutoConfiguration, org.springframework.boot.autoconfigure.AutoConfigurationPackages, org.springframework.boot.autoconfigure.aop.AopAutoConfiguration, org.springframework.boot.autoconfigure.aop.AopAutoConfiguration$AspectJAutoProxyingConfiguration, org.springframework.boot.autoconfigure.aop.AopAutoConfiguration$AspectJAutoProxyingConfiguration$CglibAutoProxyConfiguration, org.springframework.boot.autoconfigure.availability.ApplicationAvailabilityAutoConfiguration, org.springframework.boot.autoconfigure.context.ConfigurationPropertiesAutoConfiguration, org.springframework.boot.autoconfigure.context.LifecycleAutoConfiguration, org.springframework.boot.autoconfigure.context.PropertyPlaceholderAutoConfiguration, org.springframework.boot.autoconfigure.dao.PersistenceExceptionTranslationAutoConfiguration, org.springframework.boot.autoconfigure.data.jpa.JpaRepositoriesAutoConfiguration, org.springframework.boot.autoconfigure.data.web.SpringDataWebAutoConfiguration, org.springframework.boot.autoconfigure.http.HttpMessageConvertersAutoConfiguration, org.springframework.boot.autoconfigure.http.HttpMessageConvertersAutoConfiguration$StringHttpMessageConverterConfiguration, org.springframework.boot.autoconfigure.http.JacksonHttpMessageConvertersConfiguration, org.springframework.boot.autoconfigure.http.JacksonHttpMessageConvertersConfiguration$MappingJackson2HttpMessageConverterConfiguration, org.springframework.boot.autoconfigure.info.ProjectInfoAutoConfiguration, org.springframework.boot.autoconfigure.internalCachingMetadataReaderFactory, org.springframework.boot.autoconfigure.jackson.JacksonAutoConfiguration, org.springframework.boot.autoconfigure.jackson.JacksonAutoConfiguration$Jackson2ObjectMapperBuilderCustomizerConfiguration, org.springframework.boot.autoconfigure.jackson.JacksonAutoConfiguration$JacksonMixinConfiguration, org.springframework.boot.autoconfigure.jackson.JacksonAutoConfiguration$JacksonObjectMapperBuilderConfiguration, org.springframework.boot.autoconfigure.jackson.JacksonAutoConfiguration$JacksonObjectMapperConfiguration, org.springframework.boot.autoconfigure.jackson.JacksonAutoConfiguration$ParameterNamesModuleConfiguration, org.springframework.boot.autoconfigure.jdbc.DataSourceAutoConfiguration, org.springframework.boot.autoconfigure.jdbc.DataSourceAutoConfiguration$PooledDataSourceConfiguration, org.springframework.boot.autoconfigure.jdbc.DataSourceConfiguration$Hikari, org.springframework.boot.autoconfigure.jdbc.DataSourceTransactionManagerAutoConfiguration, org.springframework.boot.autoconfigure.jdbc.DataSourceTransactionManagerAutoConfiguration$JdbcTransactionManagerConfiguration, org.springframework.boot.autoconfigure.jdbc.JdbcClientAutoConfiguration, org.springframework.boot.autoconfigure.jdbc.JdbcTemplateAutoConfiguration, org.springframework.boot.autoconfigure.jdbc.JdbcTemplateConfiguration, org.springframework.boot.autoconfigure.jdbc.NamedParameterJdbcTemplateConfiguration, org.springframework.boot.autoconfigure.jdbc.metadata.DataSourcePoolMetadataProvidersConfiguration, org.springframework.boot.autoconfigure.jdbc.metadata.DataSourcePoolMetadataProvidersConfiguration$HikariPoolDataSourceMetadataProviderConfiguration, org.springframework.boot.autoconfigure.orm.jpa.HibernateJpaAutoConfiguration, org.springframework.boot.autoconfigure.orm.jpa.HibernateJpaConfiguration, org.springframework.boot.autoconfigure.orm.jpa.JpaBaseConfiguration$JpaWebConfiguration, org.springframework.boot.autoconfigure.orm.jpa.JpaBaseConfiguration$PersistenceManagedTypesConfiguration, org.springframework.boot.autoconfigure.security.servlet.SecurityAutoConfiguration, org.springframework.boot.autoconfigure.security.servlet.SecurityFilterAutoConfiguration, org.springframework.boot.autoconfigure.security.servlet.SpringBootWebSecurityConfiguration, org.springframework.boot.autoconfigure.security.servlet.SpringBootWebSecurityConfiguration$WebSecurityEnablerConfiguration, org.springframework.boot.autoconfigure.sql.init.DataSourceInitializationConfiguration, org.springframework.boot.autoconfigure.sql.init.SqlInitializationAutoConfiguration, org.springframework.boot.autoconfigure.ssl.SslAutoConfiguration, org.springframework.boot.autoconfigure.task.TaskExecutionAutoConfiguration, org.springframework.boot.autoconfigure.task.TaskExecutorConfigurations$SimpleAsyncTaskExecutorBuilderConfiguration, org.springframework.boot.autoconfigure.task.TaskExecutorConfigurations$TaskExecutorBuilderConfiguration, org.springframework.boot.autoconfigure.task.TaskExecutorConfigurations$TaskExecutorConfiguration, org.springframework.boot.autoconfigure.task.TaskExecutorConfigurations$ThreadPoolTaskExecutorBuilderConfiguration, org.springframework.boot.autoconfigure.task.TaskSchedulingAutoConfiguration, org.springframework.boot.autoconfigure.task.TaskSchedulingConfigurations$SimpleAsyncTaskSchedulerBuilderConfiguration, org.springframework.boot.autoconfigure.task.TaskSchedulingConfigurations$TaskSchedulerBuilderConfiguration, org.springframework.boot.autoconfigure.task.TaskSchedulingConfigurations$ThreadPoolTaskSchedulerBuilderConfiguration, org.springframework.boot.autoconfigure.transaction.TransactionAutoConfiguration, org.springframework.boot.autoconfigure.transaction.TransactionAutoConfiguration$EnableTransactionManagementConfiguration, org.springframework.boot.autoconfigure.transaction.TransactionAutoConfiguration$EnableTransactionManagementConfiguration$CglibAutoProxyConfiguration, org.springframework.boot.autoconfigure.transaction.TransactionAutoConfiguration$TransactionTemplateConfiguration, org.springframework.boot.autoconfigure.transaction.TransactionManagerCustomizationAutoConfiguration, org.springframework.boot.autoconfigure.transaction.jta.JtaAutoConfiguration, org.springframework.boot.autoconfigure.web.client.RestClientAutoConfiguration, org.springframework.boot.autoconfigure.web.client.RestTemplateAutoConfiguration, org.springframework.boot.autoconfigure.web.servlet.DispatcherServletAutoConfiguration, org.springframework.boot.autoconfigure.web.servlet.DispatcherServletAutoConfiguration$DispatcherServletConfiguration, org.springframework.boot.autoconfigure.web.servlet.DispatcherServletAutoConfiguration$DispatcherServletRegistrationConfiguration, org.springframework.boot.autoconfigure.web.servlet.HttpEncodingAutoConfiguration, org.springframework.boot.autoconfigure.web.servlet.MultipartAutoConfiguration, org.springframework.boot.autoconfigure.web.servlet.ServletWebServerFactoryAutoConfiguration, org.springframework.boot.autoconfigure.web.servlet.ServletWebServerFactoryConfiguration$EmbeddedTomcat, org.springframework.boot.autoconfigure.web.servlet.WebMvcAutoConfiguration, org.springframework.boot.autoconfigure.web.servlet.WebMvcAutoConfiguration$EnableWebMvcConfiguration, org.springframework.boot.autoconfigure.web.servlet.WebMvcAutoConfiguration$WebMvcAutoConfigurationAdapter, org.springframework.boot.autoconfigure.web.servlet.error.ErrorMvcAutoConfiguration, org.springframework.boot.autoconfigure.web.servlet.error.ErrorMvcAutoConfiguration$DefaultErrorViewResolverConfiguration, org.springframework.boot.autoconfigure.web.servlet.error.ErrorMvcAutoConfiguration$WhitelabelErrorViewConfiguration, org.springframework.boot.autoconfigure.websocket.servlet.WebSocketServletAutoConfiguration, org.springframework.boot.autoconfigure.websocket.servlet.WebSocketServletAutoConfiguration$TomcatWebSocketConfiguration, org.springframework.boot.context.internalConfigurationPropertiesBinder, org.springframework.boot.context.properties.BoundConfigurationProperties, org.springframework.boot.context.properties.ConfigurationPropertiesBindingPostProcessor, org.springframework.boot.context.properties.EnableConfigurationPropertiesRegistrar.methodValidationExcludeFilter, org.springframework.boot.sql.init.dependency.DatabaseInitializationDependencyConfigurer$DependsOnDatabaseInitializationPostProcessor, org.springframework.boot.test.mock.mockito.MockitoPostProcessor, org.springframework.boot.test.mock.mockito.MockitoPostProcessor$SpyPostProcessor, org.springframework.cloud.autoconfigure.ConfigurationPropertiesRebinderAutoConfiguration, org.springframework.cloud.autoconfigure.LifecycleMvcEndpointAutoConfiguration, org.springframework.cloud.autoconfigure.PauseResumeEndpointsConfiguration, org.springframework.cloud.autoconfigure.RefreshAutoConfiguration, org.springframework.cloud.autoconfigure.RefreshAutoConfiguration$RefreshScopeBeanDefinitionEnhancer, org.springframework.cloud.autoconfigure.RefreshEndpointAutoConfiguration, org.springframework.cloud.autoconfigure.RefreshEndpointAutoConfiguration$RefreshEndpointConfiguration, org.springframework.cloud.autoconfigure.RestartEndpointWithoutIntegrationConfiguration, org.springframework.context.annotation.internalAutowiredAnnotationProcessor, org.springframework.context.annotation.internalCommonAnnotationProcessor, org.springframework.context.annotation.internalConfigurationAnnotationProcessor, org.springframework.context.annotation.internalPersistenceAnnotationProcessor, org.springframework.context.event.internalEventListenerFactory, org.springframework.context.event.internalEventListenerProcessor, org.springframework.data.jpa.repository.support.JpaEvaluationContextExtension, org.springframework.data.jpa.util.JpaMetamodelCacheCleanup, org.springframework.data.web.config.ProjectingArgumentResolverRegistrar, org.springframework.data.web.config.SpringDataJacksonConfiguration, org.springframework.data.web.config.SpringDataWebConfiguration, org.springframework.data.web.config.SpringDataWebSettings, org.springframework.security.config.annotation.authentication.configuration.AuthenticationConfiguration, org.springframework.security.config.annotation.configuration.ObjectPostProcessorConfiguration, org.springframework.security.config.annotation.web.configuration.HttpSecurityConfiguration, org.springframework.security.config.annotation.web.configuration.HttpSecurityConfiguration.httpSecurity, org.springframework.security.config.annotation.web.configuration.WebMvcSecurityConfiguration, org.springframework.security.config.annotation.web.configuration.WebSecurityConfiguration, org.springframework.transaction.annotation.ProxyTransactionManagementConfiguration, org.springframework.transaction.config.internalTransactionAdvisor, org.springframework.transaction.config.internalTransactionalEventListenerFactory, pageModule, pageableCustomizer, pageableResolver, parameterNamesModule, pathMappedEndpoints, persistenceExceptionTranslationPostProcessor, persistenceManagedTypes, pingHealthContributor, platformTransactionManagerCustomizers, preserveErrorControllerTargetClassPostProcessor, privilegeEvaluator, processorMetrics, projectingArgumentResolverBeanPostProcessor, propertiesMeterFilter, propertiesObservationFilter, propertyController, propertySourcesPlaceholderConfigurer, refreshEventListener, refreshScope, refreshScopeHealthIndicator, refreshScopeLifecycle, rentPaymentController, rentPaymentRepository, rentPaymentService, repositoryTagsProvider, requestContextFilter, requestDataValueProcessor, requestMappingHandlerAdapter, requestMappingHandlerMapping, requestMatcherProvider, resourceHandlerMapping, restClientBuilder, restClientBuilderConfigurer, restClientSsl, restTemplateBuilder, restTemplateBuilderConfigurer, routerFunctionMapping, securityConfig, securityFilterChain, securityFilterChainRegistration, server-org.springframework.boot.autoconfigure.web.ServerProperties, servletEndpointDiscoverer, servletEndpointRegistrar, servletExposeExcludePropertyEndpointFilter, servletWebChildContextFactory, servletWebServerFactoryCustomizer, simpleAsyncTaskExecutorBuilder, simpleAsyncTaskSchedulerBuilder, simpleConfig, simpleControllerHandlerAdapter, simpleMeterRegistry, sortCustomizer, sortResolver, spring.cloud.refresh-org.springframework.cloud.autoconfigure.RefreshAutoConfiguration$RefreshProperties, spring.data.web-org.springframework.boot.autoconfigure.data.web.SpringDataWebProperties, spring.datasource-org.springframework.boot.autoconfigure.jdbc.DataSourceProperties, spring.info-org.springframework.boot.autoconfigure.info.ProjectInfoProperties, spring.jackson-org.springframework.boot.autoconfigure.jackson.JacksonProperties, spring.jdbc-org.springframework.boot.autoconfigure.jdbc.JdbcProperties, spring.jpa-org.springframework.boot.autoconfigure.orm.jpa.JpaProperties, spring.jpa.hibernate-org.springframework.boot.autoconfigure.orm.jpa.HibernateProperties, spring.lifecycle-org.springframework.boot.autoconfigure.context.LifecycleProperties, spring.mvc-org.springframework.boot.autoconfigure.web.servlet.WebMvcProperties, spring.security-org.springframework.boot.autoconfigure.security.SecurityProperties, spring.servlet.multipart-org.springframework.boot.autoconfigure.web.servlet.MultipartProperties, spring.sql.init-org.springframework.boot.autoconfigure.sql.init.SqlInitializationProperties, spring.ssl-org.springframework.boot.autoconfigure.ssl.SslProperties, spring.task.execution-org.springframework.boot.autoconfigure.task.TaskExecutionProperties, spring.task.scheduling-org.springframework.boot.autoconfigure.task.TaskSchedulingProperties, spring.transaction-org.springframework.boot.autoconfigure.transaction.TransactionProperties, spring.web-org.springframework.boot.autoconfigure.web.WebProperties, springSecurityFilterChain, springSecurityHandlerMappingIntrospectorBeanDefinitionRegistryPostProcessor, sslBundleRegistry, sslPropertiesSslBundleRegistrar, standardJacksonObjectMapperBuilderCustomizer, startupTimeMetrics, stringHttpMessageConverter, taskExecutorBuilder, taskSchedulerBuilder, tenantController, tenantRentApplication, tenantRepository, tenantService, tenants, themeResolver, threadPoolTaskExecutorBuilder, threadPoolTaskSchedulerBuilder, tomcatMetricsBinder, tomcatServletWebServerFactory, tomcatServletWebServerFactoryCustomizer, transactionAttributeSource, transactionExecutionListeners, transactionInterceptor, transactionManager, transactionTemplate, uptimeMetrics, userDetailsService, viewControllerHandlerMapping, viewNameTranslator, viewResolver, webConfig, webEndpointDiscoverer, webEndpointPathMapper, webEndpointServletHandlerMapping, webExposeExcludePropertyEndpointFilter, webMvcObservationFilter, webSecurityExpressionHandler, webServerFactoryCustomizerBeanPostProcessor, websocketServletWebServerCustomizer, welcomePageHandlerMapping, welcomePageNotAcceptableHandlerMapping]
2024-08-29 04:44:59 - BeanFactory id=85a59a97-c959-3dd5-8349-368f84482ee8
2024-08-29 04:44:59 - Creating shared instance of singleton bean 'propertySourcesPlaceholderConfigurer'
2024-08-29 04:44:59 - Creating shared instance of singleton bean 'org.springframework.boot.test.mock.mockito.MockitoPostProcessor'
2024-08-29 04:44:59 - Creating shared instance of singleton bean 'emBeanDefinitionRegistrarPostProcessor'
2024-08-29 04:44:59 - Creating shared instance of singleton bean 'org.springframework.boot.sql.init.dependency.DatabaseInitializationDependencyConfigurer$DependsOnDatabaseInitializationPostProcessor'
2024-08-29 04:44:59 - Creating shared instance of singleton bean 'org.springframework.context.event.internalEventListenerProcessor'
2024-08-29 04:44:59 - Creating shared instance of singleton bean 'preserveErrorControllerTargetClassPostProcessor'
2024-08-29 04:44:59 - Creating shared instance of singleton bean 'conversionServicePostProcessor'
2024-08-29 04:44:59 - Creating shared instance of singleton bean 'org.springframework.context.event.internalEventListenerFactory'
2024-08-29 04:44:59 - Creating shared instance of singleton bean 'org.springframework.transaction.config.internalTransactionalEventListenerFactory'
2024-08-29 04:44:59 - Creating shared instance of singleton bean 'org.springframework.boot.test.mock.mockito.MockitoPostProcessor$SpyPostProcessor'
2024-08-29 04:44:59 - Creating shared instance of singleton bean 'org.springframework.context.annotation.internalAutowiredAnnotationProcessor'
2024-08-29 04:44:59 - Creating shared instance of singleton bean 'org.springframework.context.annotation.internalCommonAnnotationProcessor'
2024-08-29 04:44:59 - Creating shared instance of singleton bean 'org.springframework.context.annotation.internalPersistenceAnnotationProcessor'
2024-08-29 04:44:59 - Creating shared instance of singleton bean 'org.springframework.boot.context.properties.ConfigurationPropertiesBindingPostProcessor'
2024-08-29 04:44:59 - Creating shared instance of singleton bean 'org.springframework.boot.context.internalConfigurationPropertiesBinder'
2024-08-29 04:44:59 - Creating shared instance of singleton bean 'jdbcConnectionDetailsHikariBeanPostProcessor'
2024-08-29 04:44:59 - Creating shared instance of singleton bean 'org.springframework.aop.config.internalAutoProxyCreator'
2024-08-29 04:44:59 - Creating shared instance of singleton bean 'persistenceExceptionTranslationPostProcessor'
2024-08-29 04:44:59 - Autowiring by type from bean name 'persistenceExceptionTranslationPostProcessor' via factory method to bean named 'environment'
2024-08-29 04:44:59 - Creating shared instance of singleton bean 'webServerFactoryCustomizerBeanPostProcessor'
2024-08-29 04:44:59 - Creating shared instance of singleton bean 'errorPageRegistrarBeanPostProcessor'
2024-08-29 04:44:59 - Creating shared instance of singleton bean 'healthEndpointGroupsBeanPostProcessor'
2024-08-29 04:44:59 - Creating shared instance of singleton bean 'org.springframework.transaction.config.internalTransactionAdvisor'
2024-08-29 04:44:59 - Creating shared instance of singleton bean 'org.springframework.transaction.annotation.ProxyTransactionManagementConfiguration'
2024-08-29 04:44:59 - Found AspectJ method: public java.lang.Object io.micrometer.observation.aop.ObservedAspect.observeClass(org.aspectj.lang.ProceedingJoinPoint) throws java.lang.Throwable
2024-08-29 04:44:59 - Found AspectJ method: public java.lang.Object io.micrometer.observation.aop.ObservedAspect.observeMethod(org.aspectj.lang.ProceedingJoinPoint) throws java.lang.Throwable
2024-08-29 04:44:59 - Creating shared instance of singleton bean 'transactionAttributeSource'
2024-08-29 04:44:59 - Creating shared instance of singleton bean 'transactionInterceptor'
2024-08-29 04:44:59 - Autowiring by type from bean name 'transactionInterceptor' via factory method to bean named 'transactionAttributeSource'
2024-08-29 04:44:59 - Autowiring by type from bean name 'org.springframework.transaction.config.internalTransactionAdvisor' via factory method to bean named 'transactionAttributeSource'
2024-08-29 04:44:59 - Autowiring by type from bean name 'org.springframework.transaction.config.internalTransactionAdvisor' via factory method to bean named 'transactionInterceptor'
2024-08-29 04:44:59 - Creating shared instance of singleton bean 'meterRegistryPostProcessor'
2024-08-29 04:44:59 - Autowiring by type from bean name 'meterRegistryPostProcessor' via factory method to bean named 'org.springframework.web.context.support.GenericWebApplicationContext@349d0836'
2024-08-29 04:44:59 - Creating shared instance of singleton bean 'metricsRepositoryMethodInvocationListenerBeanPostProcessor'
2024-08-29 04:44:59 - Creating shared instance of singleton bean 'observationRegistryPostProcessor'
2024-08-29 04:44:59 - Creating shared instance of singleton bean 'projectingArgumentResolverBeanPostProcessor'
2024-08-29 04:44:59 - Creating shared instance of singleton bean 'configurationPropertiesBeans'
2024-08-29 04:44:59 - Unable to locate ThemeSource with name 'themeSource': using default [org.springframework.ui.context.support.ResourceBundleThemeSource@7c0df4ab]
2024-08-29 04:44:59 - Creating shared instance of singleton bean 'dataSourceScriptDatabaseInitializer'
2024-08-29 04:44:59 - Creating shared instance of singleton bean 'org.springframework.boot.autoconfigure.sql.init.DataSourceInitializationConfiguration'
2024-08-29 04:44:59 - Creating shared instance of singleton bean 'dataSource'
2024-08-29 04:44:59 - Creating shared instance of singleton bean 'org.springframework.boot.autoconfigure.jdbc.DataSourceConfiguration$Hikari'
2024-08-29 04:44:59 - Creating shared instance of singleton bean 'spring.datasource-org.springframework.boot.autoconfigure.jdbc.DataSourceProperties'
2024-08-29 04:45:00 - Creating shared instance of singleton bean 'org.springframework.boot.context.properties.BoundConfigurationProperties'
2024-08-29 04:45:00 - Creating shared instance of singleton bean 'jdbcConnectionDetails'
2024-08-29 04:45:00 - Creating shared instance of singleton bean 'org.springframework.boot.autoconfigure.jdbc.DataSourceAutoConfiguration$PooledDataSourceConfiguration'
2024-08-29 04:45:00 - Autowiring by type from bean name 'jdbcConnectionDetails' via factory method to bean named 'spring.datasource-org.springframework.boot.autoconfigure.jdbc.DataSourceProperties'
2024-08-29 04:45:00 - Autowiring by type from bean name 'dataSource' via factory method to bean named 'spring.datasource-org.springframework.boot.autoconfigure.jdbc.DataSourceProperties'
2024-08-29 04:45:00 - Autowiring by type from bean name 'dataSource' via factory method to bean named 'jdbcConnectionDetails'
2024-08-29 04:45:00 - Creating shared instance of singleton bean 'spring.sql.init-org.springframework.boot.autoconfigure.sql.init.SqlInitializationProperties'
2024-08-29 04:45:00 - Autowiring by type from bean name 'dataSourceScriptDatabaseInitializer' via factory method to bean named 'dataSource'
2024-08-29 04:45:00 - Autowiring by type from bean name 'dataSourceScriptDatabaseInitializer' via factory method to bean named 'spring.sql.init-org.springframework.boot.autoconfigure.sql.init.SqlInitializationProperties'
2024-08-29 04:45:00 - Creating shared instance of singleton bean 'entityManagerFactory'
2024-08-29 04:45:00 - Creating shared instance of singleton bean 'org.springframework.boot.autoconfigure.orm.jpa.HibernateJpaConfiguration'
2024-08-29 04:45:00 - Creating shared instance of singleton bean 'spring.jpa-org.springframework.boot.autoconfigure.orm.jpa.JpaProperties'
2024-08-29 04:45:00 - Creating shared instance of singleton bean 'spring.jpa.hibernate-org.springframework.boot.autoconfigure.orm.jpa.HibernateProperties'
2024-08-29 04:45:00 - Autowiring by type from bean name 'org.springframework.boot.autoconfigure.orm.jpa.HibernateJpaConfiguration' via constructor to bean named 'dataSource'
2024-08-29 04:45:00 - Autowiring by type from bean name 'org.springframework.boot.autoconfigure.orm.jpa.HibernateJpaConfiguration' via constructor to bean named 'spring.jpa-org.springframework.boot.autoconfigure.orm.jpa.JpaProperties'
2024-08-29 04:45:00 - Autowiring by type from bean name 'org.springframework.boot.autoconfigure.orm.jpa.HibernateJpaConfiguration' via constructor to bean named 'org.springframework.beans.factory.support.DefaultListableBeanFactory@213860b8'
2024-08-29 04:45:00 - Autowiring by type from bean name 'org.springframework.boot.autoconfigure.orm.jpa.HibernateJpaConfiguration' via constructor to bean named 'spring.jpa.hibernate-org.springframework.boot.autoconfigure.orm.jpa.HibernateProperties'
2024-08-29 04:45:00 - Creating shared instance of singleton bean 'hikariPoolDataSourceMetadataProvider'
2024-08-29 04:45:00 - Creating shared instance of singleton bean 'org.springframework.boot.autoconfigure.jdbc.metadata.DataSourcePoolMetadataProvidersConfiguration$HikariPoolDataSourceMetadataProviderConfiguration'
2024-08-29 04:45:00 - Creating shared instance of singleton bean 'entityManagerFactoryBuilder'
2024-08-29 04:45:00 - Creating shared instance of singleton bean 'jpaVendorAdapter'
2024-08-29 04:45:00 - Autowiring by type from bean name 'entityManagerFactoryBuilder' via factory method to bean named 'jpaVendorAdapter'
2024-08-29 04:45:00 - Creating shared instance of singleton bean 'persistenceManagedTypes'
2024-08-29 04:45:00 - Autowiring by type from bean name 'persistenceManagedTypes' via factory method to bean named 'org.springframework.beans.factory.support.DefaultListableBeanFactory@213860b8'
2024-08-29 04:45:00 - Autowiring by type from bean name 'persistenceManagedTypes' via factory method to bean named 'org.springframework.web.context.support.GenericWebApplicationContext@349d0836'
2024-08-29 04:45:00 - Autowiring by type from bean name 'entityManagerFactory' via factory method to bean named 'entityManagerFactoryBuilder'
2024-08-29 04:45:00 - Autowiring by type from bean name 'entityManagerFactory' via factory method to bean named 'persistenceManagedTypes'
2024-08-29 04:45:00 - Building JPA container EntityManagerFactory for persistence unit 'default'
2024-08-29 04:45:00 - HHH000204: Processing PersistenceUnitInfo [name: default]
2024-08-29 04:45:00 - HHH000412: Hibernate ORM core version 6.5.2.Final
2024-08-29 04:45:00 - HHH000026: Second-level cache disabled
2024-08-29 04:45:01 - No LoadTimeWeaver setup: ignoring JPA class transformer
2024-08-29 04:45:01 - HikariPool-1 - Starting...
2024-08-29 04:45:02 - HikariPool-1 - Added connection com.mysql.cj.jdbc.ConnectionImpl@6723e6b3
2024-08-29 04:45:02 - HikariPool-1 - Start completed.
2024-08-29 04:45:02 - HHH90000025: MySQLDialect does not need to be specified explicitly using 'hibernate.dialect' (remove the property setting and it will be selected by default)
2024-08-29 04:45:03 - HHH000489: No JTA platform available (set 'hibernate.transaction.jta.platform' to enable JTA platform integration)
2024-08-29 04:45:03 - Initialized JPA EntityManagerFactory for persistence unit 'default'
2024-08-29 04:45:03 - Creating shared instance of singleton bean 'tenantRentApplication'
2024-08-29 04:45:03 - Autowired annotation is not supported on static fields: private static java.lang.String com.springRest.tenantRent.TenantRentApplication.environmentName
2024-08-29 04:45:03 - Autowired annotation is not supported on static fields: private static java.lang.String com.springRest.tenantRent.TenantRentApplication.dburl
2024-08-29 04:45:03 - Creating shared instance of singleton bean 'webConfig'
2024-08-29 04:45:03 - Creating shared instance of singleton bean 'loginController'
2024-08-29 04:45:03 - Creating shared instance of singleton bean 'propertyController'
2024-08-29 04:45:03 - Found key 'environment.name' in PropertySource 'environmentProperties' with value of type String
2024-08-29 04:45:03 - Creating shared instance of singleton bean 'rentPaymentController'
2024-08-29 04:45:03 - Creating shared instance of singleton bean 'rentPaymentService'
2024-08-29 04:45:03 - Creating shared instance of singleton bean 'rentPaymentRepository'
2024-08-29 04:45:03 - Creating shared instance of singleton bean 'jpa.named-queries#1'
2024-08-29 04:45:03 - Creating shared instance of singleton bean 'jpa.RentPaymentRepository.fragments#0'
2024-08-29 04:45:03 - Creating shared instance of singleton bean 'jpaSharedEM_entityManagerFactory'
2024-08-29 04:45:03 - Creating shared instance of singleton bean 'jpaMappingContext'
2024-08-29 04:45:03 - Initializing JpaMetamodelMappingContext…
2024-08-29 04:45:03 - Finished initializing JpaMetamodelMappingContext
2024-08-29 04:45:04 - Creating new EntityManager for shared EntityManager invocation
2024-08-29 04:45:04 - Creating new EntityManager for shared EntityManager invocation
2024-08-29 04:45:04 - Creating shared instance of singleton bean 'metricsRepositoryMethodInvocationListener'
2024-08-29 04:45:04 - Creating shared instance of singleton bean 'org.springframework.boot.actuate.autoconfigure.metrics.data.RepositoryMetricsAutoConfiguration'
2024-08-29 04:45:04 - Creating shared instance of singleton bean 'management.metrics-org.springframework.boot.actuate.autoconfigure.metrics.MetricsProperties'
2024-08-29 04:45:04 - Autowiring by type from bean name 'org.springframework.boot.actuate.autoconfigure.metrics.data.RepositoryMetricsAutoConfiguration' via constructor to bean named 'management.metrics-org.springframework.boot.actuate.autoconfigure.metrics.MetricsProperties'
2024-08-29 04:45:04 - Creating shared instance of singleton bean 'repositoryTagsProvider'
2024-08-29 04:45:04 - Autowiring by type from bean name 'metricsRepositoryMethodInvocationListener' via factory method to bean named 'repositoryTagsProvider'
2024-08-29 04:45:04 - Initializing repository instance for com.springRest.tenantRent.repository.RentPaymentRepository…
2024-08-29 04:45:04 - Creating new EntityManager for shared EntityManager invocation
2024-08-29 04:45:04 - Finished creation of repository instance for com.springRest.tenantRent.repository.RentPaymentRepository.
2024-08-29 04:45:04 - Autowiring by type from bean name 'rentPaymentService' via constructor to bean named 'rentPaymentRepository'
2024-08-29 04:45:04 - Creating shared instance of singleton bean 'tenantService'
2024-08-29 04:45:04 - Creating shared instance of singleton bean 'tenantRepository'
2024-08-29 04:45:04 - Creating shared instance of singleton bean 'jpa.named-queries#0'
2024-08-29 04:45:04 - Creating shared instance of singleton bean 'jpa.TenantRepository.fragments#0'
2024-08-29 04:45:04 - Creating new EntityManager for shared EntityManager invocation
2024-08-29 04:45:04 - Initializing repository instance for com.springRest.tenantRent.repository.TenantRepository…
2024-08-29 04:45:04 - Creating new EntityManager for shared EntityManager invocation
2024-08-29 04:45:04 - Looking up named query Tenant.existsById
2024-08-29 04:45:04 - Did not find named query Tenant.existsById
2024-08-29 04:45:04 - Creating new EntityManager for shared EntityManager invocation
2024-08-29 04:45:04 - Finished creation of repository instance for com.springRest.tenantRent.repository.TenantRepository.
2024-08-29 04:45:04 - Autowiring by type from bean name 'tenantService' via constructor to bean named 'tenantRepository'
2024-08-29 04:45:04 - Autowiring by type from bean name 'rentPaymentController' via constructor to bean named 'rentPaymentService'
2024-08-29 04:45:04 - Autowiring by type from bean name 'rentPaymentController' via constructor to bean named 'tenantService'
2024-08-29 04:45:04 - Creating shared instance of singleton bean 'tenantController'
2024-08-29 04:45:04 - Autowiring by type from bean name 'tenantController' via constructor to bean named 'tenantService'
2024-08-29 04:45:04 - Creating shared instance of singleton bean 'tenants'
2024-08-29 04:45:04 - Creating shared instance of singleton bean 'securityConfig'
2024-08-29 04:45:04 - Creating shared instance of singleton bean 'securityFilterChain'
2024-08-29 04:45:04 - Creating shared instance of singleton bean 'org.springframework.security.config.annotation.web.configuration.HttpSecurityConfiguration'
2024-08-29 04:45:04 - Creating shared instance of singleton bean 'objectPostProcessor'
2024-08-29 04:45:04 - Creating shared instance of singleton bean 'org.springframework.security.config.annotation.configuration.ObjectPostProcessorConfiguration'
2024-08-29 04:45:04 - Autowiring by type from bean name 'objectPostProcessor' via factory method to bean named 'org.springframework.beans.factory.support.DefaultListableBeanFactory@213860b8'
2024-08-29 04:45:04 - Creating shared instance of singleton bean 'org.springframework.security.config.annotation.authentication.configuration.AuthenticationConfiguration'
2024-08-29 04:45:04 - Creating shared instance of singleton bean 'enableGlobalAuthenticationAutowiredConfigurer'
2024-08-29 04:45:04 - Autowiring by type from bean name 'enableGlobalAuthenticationAutowiredConfigurer' via factory method to bean named 'org.springframework.web.context.support.GenericWebApplicationContext@349d0836'
2024-08-29 04:45:04 - Creating shared instance of singleton bean 'initializeUserDetailsBeanManagerConfigurer'
2024-08-29 04:45:04 - Autowiring by type from bean name 'initializeUserDetailsBeanManagerConfigurer' via factory method to bean named 'org.springframework.web.context.support.GenericWebApplicationContext@349d0836'
2024-08-29 04:45:04 - Creating shared instance of singleton bean 'initializeAuthenticationProviderBeanManagerConfigurer'
2024-08-29 04:45:04 - Autowiring by type from bean name 'initializeAuthenticationProviderBeanManagerConfigurer' via factory method to bean named 'org.springframework.web.context.support.GenericWebApplicationContext@349d0836'
2024-08-29 04:45:04 - Creating shared instance of singleton bean 'mvcContentNegotiationManager'
2024-08-29 04:45:04 - Creating shared instance of singleton bean 'org.springframework.boot.autoconfigure.web.servlet.WebMvcAutoConfiguration$EnableWebMvcConfiguration'
2024-08-29 04:45:04 - Creating shared instance of singleton bean 'spring.mvc-org.springframework.boot.autoconfigure.web.servlet.WebMvcProperties'
2024-08-29 04:45:04 - Creating shared instance of singleton bean 'spring.web-org.springframework.boot.autoconfigure.web.WebProperties'
2024-08-29 04:45:04 - Autowiring by type from bean name 'org.springframework.boot.autoconfigure.web.servlet.WebMvcAutoConfiguration$EnableWebMvcConfiguration' via constructor to bean named 'spring.mvc-org.springframework.boot.autoconfigure.web.servlet.WebMvcProperties'
2024-08-29 04:45:04 - Autowiring by type from bean name 'org.springframework.boot.autoconfigure.web.servlet.WebMvcAutoConfiguration$EnableWebMvcConfiguration' via constructor to bean named 'spring.web-org.springframework.boot.autoconfigure.web.WebProperties'
2024-08-29 04:45:04 - Autowiring by type from bean name 'org.springframework.boot.autoconfigure.web.servlet.WebMvcAutoConfiguration$EnableWebMvcConfiguration' via constructor to bean named 'org.springframework.beans.factory.support.DefaultListableBeanFactory@213860b8'
2024-08-29 04:45:04 - Creating shared instance of singleton bean 'org.springframework.boot.autoconfigure.web.servlet.WebMvcAutoConfiguration$WebMvcAutoConfigurationAdapter'
2024-08-29 04:45:04 - Autowiring by type from bean name 'org.springframework.boot.autoconfigure.web.servlet.WebMvcAutoConfiguration$WebMvcAutoConfigurationAdapter' via constructor to bean named 'spring.web-org.springframework.boot.autoconfigure.web.WebProperties'
2024-08-29 04:45:04 - Autowiring by type from bean name 'org.springframework.boot.autoconfigure.web.servlet.WebMvcAutoConfiguration$WebMvcAutoConfigurationAdapter' via constructor to bean named 'spring.mvc-org.springframework.boot.autoconfigure.web.servlet.WebMvcProperties'
2024-08-29 04:45:04 - Autowiring by type from bean name 'org.springframework.boot.autoconfigure.web.servlet.WebMvcAutoConfiguration$WebMvcAutoConfigurationAdapter' via constructor to bean named 'org.springframework.beans.factory.support.DefaultListableBeanFactory@213860b8'
2024-08-29 04:45:04 - Creating shared instance of singleton bean 'openEntityManagerInViewInterceptorConfigurer'
2024-08-29 04:45:04 - Creating shared instance of singleton bean 'org.springframework.boot.autoconfigure.orm.jpa.JpaBaseConfiguration$JpaWebConfiguration'
2024-08-29 04:45:04 - Autowiring by type from bean name 'org.springframework.boot.autoconfigure.orm.jpa.JpaBaseConfiguration$JpaWebConfiguration' via constructor to bean named 'spring.jpa-org.springframework.boot.autoconfigure.orm.jpa.JpaProperties'
2024-08-29 04:45:04 - Creating shared instance of singleton bean 'openEntityManagerInViewInterceptor'
2024-08-29 04:45:04 - spring.jpa.open-in-view is enabled by default. Therefore, database queries may be performed during view rendering. Explicitly configure spring.jpa.open-in-view to disable this warning
2024-08-29 04:45:04 - Autowiring by type from bean name 'openEntityManagerInViewInterceptorConfigurer' via factory method to bean named 'openEntityManagerInViewInterceptor'
2024-08-29 04:45:04 - Creating shared instance of singleton bean 'org.springframework.data.web.config.SpringDataWebConfiguration'
2024-08-29 04:45:04 - Autowiring by type from bean name 'org.springframework.data.web.config.SpringDataWebConfiguration' via constructor to bean named 'org.springframework.web.context.support.GenericWebApplicationContext@349d0836'
2024-08-29 04:45:04 - Creating shared instance of singleton bean 'org.springframework.security.config.annotation.web.configuration.WebMvcSecurityConfiguration'
2024-08-29 04:45:04 - Creating shared instance of singleton bean 'endpointObjectMapperWebMvcConfigurer'
2024-08-29 04:45:04 - Creating shared instance of singleton bean 'endpointObjectMapper'
2024-08-29 04:45:04 - Creating shared instance of singleton bean 'org.springframework.boot.actuate.autoconfigure.endpoint.jackson.JacksonEndpointAutoConfiguration'
2024-08-29 04:45:04 - Autowiring by type from bean name 'endpointObjectMapperWebMvcConfigurer' via factory method to bean named 'endpointObjectMapper'
2024-08-29 04:45:04 - Creating shared instance of singleton bean 'authenticationManagerBuilder'
2024-08-29 04:45:04 - Autowiring by type from bean name 'authenticationManagerBuilder' via factory method to bean named 'objectPostProcessor'
2024-08-29 04:45:04 - Autowiring by type from bean name 'authenticationManagerBuilder' via factory method to bean named 'org.springframework.web.context.support.GenericWebApplicationContext@349d0836'
2024-08-29 04:45:04 - Creating shared instance of singleton bean 'authenticationEventPublisher'
2024-08-29 04:45:04 - Creating shared instance of singleton bean 'org.springframework.boot.autoconfigure.security.servlet.SecurityAutoConfiguration'
2024-08-29 04:45:04 - Autowiring by type from bean name 'authenticationEventPublisher' via factory method to bean named 'org.springframework.web.context.support.GenericWebApplicationContext@349d0836'
2024-08-29 04:45:04 - Creating shared instance of singleton bean 'org.springframework.boot.autoconfigure.security.servlet.SpringBootWebSecurityConfiguration$WebSecurityEnablerConfiguration'
2024-08-29 04:45:04 - Creating shared instance of singleton bean 'userDetailsService'
2024-08-29 04:45:04 - Global AuthenticationManager configured with UserDetailsService bean with name userDetailsService
2024-08-29 04:45:05 - Autowiring by type from bean name 'securityFilterChain' via factory method to bean named 'org.springframework.security.config.annotation.web.configuration.HttpSecurityConfiguration.httpSecurity'
2024-08-29 04:45:05 - Creating shared instance of singleton bean 'mvcHandlerMappingIntrospector'
2024-08-29 04:45:05 - Creating shared instance of singleton bean 'welcomePageHandlerMapping'
2024-08-29 04:45:05 - Creating shared instance of singleton bean 'mvcConversionService'
2024-08-29 04:45:05 - Creating shared instance of singleton bean 'mvcResourceUrlProvider'
2024-08-29 04:45:05 - Autowiring by type from bean name 'welcomePageHandlerMapping' via factory method to bean named 'org.springframework.web.context.support.GenericWebApplicationContext@349d0836'
2024-08-29 04:45:05 - Autowiring by type from bean name 'welcomePageHandlerMapping' via factory method to bean named 'mvcConversionService'
2024-08-29 04:45:05 - Autowiring by type from bean name 'welcomePageHandlerMapping' via factory method to bean named 'mvcResourceUrlProvider'
2024-08-29 04:45:05 - Creating shared instance of singleton bean 'welcomePageNotAcceptableHandlerMapping'
2024-08-29 04:45:05 - Autowiring by type from bean name 'welcomePageNotAcceptableHandlerMapping' via factory method to bean named 'org.springframework.web.context.support.GenericWebApplicationContext@349d0836'
2024-08-29 04:45:05 - Autowiring by type from bean name 'welcomePageNotAcceptableHandlerMapping' via factory method to bean named 'mvcConversionService'
2024-08-29 04:45:05 - Autowiring by type from bean name 'welcomePageNotAcceptableHandlerMapping' via factory method to bean named 'mvcResourceUrlProvider'
2024-08-29 04:45:05 - Creating shared instance of singleton bean 'requestMappingHandlerMapping'
2024-08-29 04:45:05 - Autowiring by type from bean name 'requestMappingHandlerMapping' via factory method to bean named 'mvcContentNegotiationManager'
2024-08-29 04:45:05 - Autowiring by type from bean name 'requestMappingHandlerMapping' via factory method to bean named 'mvcConversionService'
2024-08-29 04:45:05 - Autowiring by type from bean name 'requestMappingHandlerMapping' via factory method to bean named 'mvcResourceUrlProvider'
2024-08-29 04:45:05 - 19 mappings in 'requestMappingHandlerMapping'
2024-08-29 04:45:05 - Creating shared instance of singleton bean 'viewControllerHandlerMapping'
2024-08-29 04:45:05 - Autowiring by type from bean name 'viewControllerHandlerMapping' via factory method to bean named 'mvcConversionService'
2024-08-29 04:45:05 - Autowiring by type from bean name 'viewControllerHandlerMapping' via factory method to bean named 'mvcResourceUrlProvider'
2024-08-29 04:45:05 - Creating shared instance of singleton bean 'beanNameHandlerMapping'
2024-08-29 04:45:05 - Autowiring by type from bean name 'beanNameHandlerMapping' via factory method to bean named 'mvcConversionService'
2024-08-29 04:45:05 - Autowiring by type from bean name 'beanNameHandlerMapping' via factory method to bean named 'mvcResourceUrlProvider'
2024-08-29 04:45:05 - Creating shared instance of singleton bean 'routerFunctionMapping'
2024-08-29 04:45:05 - Autowiring by type from bean name 'routerFunctionMapping' via factory method to bean named 'mvcConversionService'
2024-08-29 04:45:05 - Autowiring by type from bean name 'routerFunctionMapping' via factory method to bean named 'mvcResourceUrlProvider'
2024-08-29 04:45:05 - Creating shared instance of singleton bean 'messageConverters'
2024-08-29 04:45:05 - Creating shared instance of singleton bean 'org.springframework.boot.autoconfigure.http.HttpMessageConvertersAutoConfiguration'
2024-08-29 04:45:05 - Creating shared instance of singleton bean 'stringHttpMessageConverter'
2024-08-29 04:45:05 - Creating shared instance of singleton bean 'org.springframework.boot.autoconfigure.http.HttpMessageConvertersAutoConfiguration$StringHttpMessageConverterConfiguration'
2024-08-29 04:45:05 - Autowiring by type from bean name 'stringHttpMessageConverter' via factory method to bean named 'environment'
2024-08-29 04:45:05 - Creating shared instance of singleton bean 'mappingJackson2HttpMessageConverter'
2024-08-29 04:45:05 - Creating shared instance of singleton bean 'org.springframework.boot.autoconfigure.http.JacksonHttpMessageConvertersConfiguration$MappingJackson2HttpMessageConverterConfiguration'
2024-08-29 04:45:05 - Creating shared instance of singleton bean 'jacksonObjectMapper'
2024-08-29 04:45:05 - Creating shared instance of singleton bean 'org.springframework.boot.autoconfigure.jackson.JacksonAutoConfiguration$JacksonObjectMapperConfiguration'
2024-08-29 04:45:05 - Creating shared instance of singleton bean 'org.springframework.boot.autoconfigure.jackson.JacksonAutoConfiguration$JacksonObjectMapperBuilderConfiguration'
2024-08-29 04:45:05 - Creating shared instance of singleton bean 'standardJacksonObjectMapperBuilderCustomizer'
2024-08-29 04:45:05 - Creating shared instance of singleton bean 'org.springframework.boot.autoconfigure.jackson.JacksonAutoConfiguration$Jackson2ObjectMapperBuilderCustomizerConfiguration'
2024-08-29 04:45:05 - Creating shared instance of singleton bean 'spring.jackson-org.springframework.boot.autoconfigure.jackson.JacksonProperties'
2024-08-29 04:45:05 - Autowiring by type from bean name 'standardJacksonObjectMapperBuilderCustomizer' via factory method to bean named 'spring.jackson-org.springframework.boot.autoconfigure.jackson.JacksonProperties'
2024-08-29 04:45:05 - Creating shared instance of singleton bean 'parameterNamesModule'
2024-08-29 04:45:05 - Creating shared instance of singleton bean 'org.springframework.boot.autoconfigure.jackson.JacksonAutoConfiguration$ParameterNamesModuleConfiguration'
2024-08-29 04:45:05 - Creating shared instance of singleton bean 'jsonMixinModule'
2024-08-29 04:45:05 - Creating shared instance of singleton bean 'org.springframework.boot.autoconfigure.jackson.JacksonAutoConfiguration$JacksonMixinConfiguration'
2024-08-29 04:45:05 - Creating shared instance of singleton bean 'jsonMixinModuleEntries'
2024-08-29 04:45:05 - Autowiring by type from bean name 'jsonMixinModuleEntries' via factory method to bean named 'org.springframework.web.context.support.GenericWebApplicationContext@349d0836'
2024-08-29 04:45:05 - Autowiring by type from bean name 'jsonMixinModule' via factory method to bean named 'org.springframework.web.context.support.GenericWebApplicationContext@349d0836'
2024-08-29 04:45:05 - Autowiring by type from bean name 'jsonMixinModule' via factory method to bean named 'jsonMixinModuleEntries'
2024-08-29 04:45:05 - Creating shared instance of singleton bean 'jsonComponentModule'
2024-08-29 04:45:05 - Creating shared instance of singleton bean 'org.springframework.boot.autoconfigure.jackson.JacksonAutoConfiguration'
2024-08-29 04:45:05 - Creating shared instance of singleton bean 'jacksonGeoModule'
2024-08-29 04:45:05 - Creating shared instance of singleton bean 'org.springframework.data.web.config.SpringDataJacksonConfiguration'
2024-08-29 04:45:05 - Creating shared instance of singleton bean 'org.springframework.data.web.config.SpringDataWebSettings'
2024-08-29 04:45:05 - Creating shared instance of singleton bean 'pageModule'
2024-08-29 04:45:05 - Autowiring by type from bean name 'jacksonObjectMapperBuilder' via factory method to bean named 'org.springframework.web.context.support.GenericWebApplicationContext@349d0836'
2024-08-29 04:45:05 - Autowiring by type from bean name 'jacksonObjectMapperBuilder' via factory method to bean named 'standardJacksonObjectMapperBuilderCustomizer'
2024-08-29 04:45:05 - Autowiring by type from bean name 'jacksonObjectMapper' via factory method to bean named 'jacksonObjectMapperBuilder'
2024-08-29 04:45:05 - Autowiring by type from bean name 'mappingJackson2HttpMessageConverter' via factory method to bean named 'jacksonObjectMapper'
2024-08-29 04:45:05 - Creating shared instance of singleton bean 'resourceHandlerMapping'
2024-08-29 04:45:05 - Autowiring by type from bean name 'resourceHandlerMapping' via factory method to bean named 'mvcContentNegotiationManager'
2024-08-29 04:45:05 - Autowiring by type from bean name 'resourceHandlerMapping' via factory method to bean named 'mvcConversionService'
2024-08-29 04:45:05 - Autowiring by type from bean name 'resourceHandlerMapping' via factory method to bean named 'mvcResourceUrlProvider'
2024-08-29 04:45:05 - Patterns [/webjars/**, /**] in 'resourceHandlerMapping'
2024-08-29 04:45:05 - Creating shared instance of singleton bean 'defaultServletHandlerMapping'
2024-08-29 04:45:05 - Creating shared instance of singleton bean 'healthEndpointWebMvcHandlerMapping'
2024-08-29 04:45:05 - Creating shared instance of singleton bean 'org.springframework.boot.actuate.autoconfigure.health.HealthEndpointWebExtensionConfiguration$MvcAdditionalHealthEndpointPathsConfiguration'
2024-08-29 04:45:05 - Creating shared instance of singleton bean 'webEndpointDiscoverer'
2024-08-29 04:45:05 - Creating shared instance of singleton bean 'org.springframework.boot.actuate.autoconfigure.endpoint.web.WebEndpointAutoConfiguration'
2024-08-29 04:45:05 - Creating shared instance of singleton bean 'management.endpoints.web-org.springframework.boot.actuate.autoconfigure.endpoint.web.WebEndpointProperties'
2024-08-29 04:45:05 - Autowiring by type from bean name 'org.springframework.boot.actuate.autoconfigure.endpoint.web.WebEndpointAutoConfiguration' via constructor to bean named 'org.springframework.web.context.support.GenericWebApplicationContext@349d0836'
2024-08-29 04:45:05 - Autowiring by type from bean name 'org.springframework.boot.actuate.autoconfigure.endpoint.web.WebEndpointAutoConfiguration' via constructor to bean named 'management.endpoints.web-org.springframework.boot.actuate.autoconfigure.endpoint.web.WebEndpointProperties'
2024-08-29 04:45:05 - Creating shared instance of singleton bean 'endpointOperationParameterMapper'
2024-08-29 04:45:05 - Creating shared instance of singleton bean 'org.springframework.boot.actuate.autoconfigure.endpoint.EndpointAutoConfiguration'
2024-08-29 04:45:05 - Creating shared instance of singleton bean 'endpointMediaTypes'
2024-08-29 04:45:05 - Autowiring by type from bean name 'webEndpointDiscoverer' via factory method to bean named 'endpointOperationParameterMapper'
2024-08-29 04:45:05 - Autowiring by type from bean name 'webEndpointDiscoverer' via factory method to bean named 'endpointMediaTypes'
2024-08-29 04:45:05 - Creating shared instance of singleton bean 'webEndpointPathMapper'
2024-08-29 04:45:05 - Creating shared instance of singleton bean 'endpointCachingOperationInvokerAdvisor'
2024-08-29 04:45:05 - Autowiring by type from bean name 'endpointCachingOperationInvokerAdvisor' via factory method to bean named 'environment'
2024-08-29 04:45:05 - Creating shared instance of singleton bean 'webExposeExcludePropertyEndpointFilter'
2024-08-29 04:45:05 - Creating shared instance of singleton bean 'healthEndpointGroups'
2024-08-29 04:45:05 - Creating shared instance of singleton bean 'org.springframework.boot.actuate.autoconfigure.health.HealthEndpointConfiguration'
2024-08-29 04:45:05 - Creating shared instance of singleton bean 'management.endpoint.health-org.springframework.boot.actuate.autoconfigure.health.HealthEndpointProperties'
2024-08-29 04:45:05 - Autowiring by type from bean name 'healthEndpointGroups' via factory method to bean named 'org.springframework.web.context.support.GenericWebApplicationContext@349d0836'
2024-08-29 04:45:05 - Autowiring by type from bean name 'healthEndpointGroups' via factory method to bean named 'management.endpoint.health-org.springframework.boot.actuate.autoconfigure.health.HealthEndpointProperties'
2024-08-29 04:45:05 - Creating shared instance of singleton bean 'healthStatusAggregator'
2024-08-29 04:45:05 - Autowiring by type from bean name 'healthStatusAggregator' via factory method to bean named 'management.endpoint.health-org.springframework.boot.actuate.autoconfigure.health.HealthEndpointProperties'
2024-08-29 04:45:05 - Creating shared instance of singleton bean 'healthHttpCodeStatusMapper'
2024-08-29 04:45:05 - Autowiring by type from bean name 'healthHttpCodeStatusMapper' via factory method to bean named 'management.endpoint.health-org.springframework.boot.actuate.autoconfigure.health.HealthEndpointProperties'
2024-08-29 04:45:05 - Autowiring by type from bean name 'healthEndpointWebMvcHandlerMapping' via factory method to bean named 'webEndpointDiscoverer'
2024-08-29 04:45:05 - Autowiring by type from bean name 'healthEndpointWebMvcHandlerMapping' via factory method to bean named 'healthEndpointGroups'
2024-08-29 04:45:05 - Creating shared instance of singleton bean 'healthEndpoint'
2024-08-29 04:45:05 - Creating shared instance of singleton bean 'healthContributorRegistry'
2024-08-29 04:45:05 - Creating shared instance of singleton bean 'diskSpaceHealthIndicator'
2024-08-29 04:45:05 - Creating shared instance of singleton bean 'org.springframework.boot.actuate.autoconfigure.system.DiskSpaceHealthContributorAutoConfiguration'
2024-08-29 04:45:05 - Creating shared instance of singleton bean 'management.health.diskspace-org.springframework.boot.actuate.autoconfigure.system.DiskSpaceHealthIndicatorProperties'
2024-08-29 04:45:05 - Autowiring by type from bean name 'diskSpaceHealthIndicator' via factory method to bean named 'management.health.diskspace-org.springframework.boot.actuate.autoconfigure.system.DiskSpaceHealthIndicatorProperties'
2024-08-29 04:45:05 - Creating shared instance of singleton bean 'pingHealthContributor'
2024-08-29 04:45:05 - Creating shared instance of singleton bean 'org.springframework.boot.actuate.autoconfigure.health.HealthContributorAutoConfiguration'
2024-08-29 04:45:05 - Creating shared instance of singleton bean 'dbHealthContributor'
2024-08-29 04:45:05 - Creating shared instance of singleton bean 'org.springframework.boot.actuate.autoconfigure.jdbc.DataSourceHealthContributorAutoConfiguration'
2024-08-29 04:45:05 - Creating shared instance of singleton bean 'management.health.db-org.springframework.boot.actuate.autoconfigure.jdbc.DataSourceHealthIndicatorProperties'
2024-08-29 04:45:05 - Autowiring by type from bean name 'dbHealthContributor' via factory method to bean named 'dataSource'
2024-08-29 04:45:05 - Autowiring by type from bean name 'dbHealthContributor' via factory method to bean named 'management.health.db-org.springframework.boot.actuate.autoconfigure.jdbc.DataSourceHealthIndicatorProperties'
2024-08-29 04:45:06 - Creating shared instance of singleton bean 'refreshScopeHealthIndicator'
2024-08-29 04:45:06 - Creating shared instance of singleton bean 'org.springframework.cloud.autoconfigure.RefreshEndpointAutoConfiguration'
2024-08-29 04:45:06 - Creating shared instance of singleton bean 'configurationPropertiesRebinder'
2024-08-29 04:45:06 - Creating shared instance of singleton bean 'org.springframework.cloud.autoconfigure.ConfigurationPropertiesRebinderAutoConfiguration'
2024-08-29 04:45:06 - Autowiring by type from bean name 'configurationPropertiesRebinder' via factory method to bean named 'configurationPropertiesBeans'
2024-08-29 04:45:06 - Autowiring by type from bean name 'refreshScopeHealthIndicator' via factory method to bean named 'configurationPropertiesRebinder'
2024-08-29 04:45:06 - Autowiring by type from bean name 'healthContributorRegistry' via factory method to bean named 'org.springframework.web.context.support.GenericWebApplicationContext@349d0836'
2024-08-29 04:45:06 - Autowiring by type from bean name 'healthContributorRegistry' via factory method to bean named 'healthEndpointGroups'
2024-08-29 04:45:06 - Autowiring by type from bean name 'healthContributorRegistry' via factory method to bean named 'diskSpaceHealthIndicator'
2024-08-29 04:45:06 - Autowiring by type from bean name 'healthContributorRegistry' via factory method to bean named 'pingHealthContributor'
2024-08-29 04:45:06 - Autowiring by type from bean name 'healthContributorRegistry' via factory method to bean named 'dbHealthContributor'
2024-08-29 04:45:06 - Autowiring by type from bean name 'healthContributorRegistry' via factory method to bean named 'refreshScopeHealthIndicator'
2024-08-29 04:45:06 - Autowiring by type from bean name 'healthEndpoint' via factory method to bean named 'healthContributorRegistry'
2024-08-29 04:45:06 - Autowiring by type from bean name 'healthEndpoint' via factory method to bean named 'healthEndpointGroups'
2024-08-29 04:45:06 - Autowiring by type from bean name 'healthEndpoint' via factory method to bean named 'management.endpoint.health-org.springframework.boot.actuate.autoconfigure.health.HealthEndpointProperties'
2024-08-29 04:45:06 - Creating shared instance of singleton bean 'healthEndpointWebExtension'
2024-08-29 04:45:06 - Creating shared instance of singleton bean 'org.springframework.boot.actuate.autoconfigure.health.HealthEndpointWebExtensionConfiguration'
2024-08-29 04:45:06 - Autowiring by type from bean name 'healthEndpointWebExtension' via factory method to bean named 'healthContributorRegistry'
2024-08-29 04:45:06 - Autowiring by type from bean name 'healthEndpointWebExtension' via factory method to bean named 'healthEndpointGroups'
2024-08-29 04:45:06 - Autowiring by type from bean name 'healthEndpointWebExtension' via factory method to bean named 'management.endpoint.health-org.springframework.boot.actuate.autoconfigure.health.HealthEndpointProperties'
2024-08-29 04:45:06 - Creating shared instance of singleton bean 'webEndpointServletHandlerMapping'
2024-08-29 04:45:06 - Creating shared instance of singleton bean 'org.springframework.boot.actuate.autoconfigure.endpoint.web.servlet.WebMvcEndpointManagementContextConfiguration'
2024-08-29 04:45:06 - Creating shared instance of singleton bean 'servletEndpointDiscoverer'
2024-08-29 04:45:06 - Creating shared instance of singleton bean 'org.springframework.boot.actuate.autoconfigure.endpoint.web.WebEndpointAutoConfiguration$WebEndpointServletConfiguration'
2024-08-29 04:45:06 - Autowiring by type from bean name 'servletEndpointDiscoverer' via factory method to bean named 'org.springframework.web.context.support.GenericWebApplicationContext@349d0836'
2024-08-29 04:45:06 - Creating shared instance of singleton bean 'servletExposeExcludePropertyEndpointFilter'
2024-08-29 04:45:06 - Creating shared instance of singleton bean 'org.springframework.boot.actuate.autoconfigure.endpoint.web.ServletEndpointManagementContextConfiguration'
2024-08-29 04:45:06 - Autowiring by type from bean name 'servletExposeExcludePropertyEndpointFilter' via factory method to bean named 'management.endpoints.web-org.springframework.boot.actuate.autoconfigure.endpoint.web.WebEndpointProperties'
2024-08-29 04:45:06 - Creating shared instance of singleton bean 'controllerEndpointDiscoverer'
2024-08-29 04:45:06 - Creating shared instance of singleton bean 'controllerExposeExcludePropertyEndpointFilter'
2024-08-29 04:45:06 - Creating shared instance of singleton bean 'management.endpoints.web.cors-org.springframework.boot.actuate.autoconfigure.endpoint.web.CorsEndpointProperties'
2024-08-29 04:45:06 - Autowiring by type from bean name 'webEndpointServletHandlerMapping' via factory method to bean named 'webEndpointDiscoverer'
2024-08-29 04:45:06 - Autowiring by type from bean name 'webEndpointServletHandlerMapping' via factory method to bean named 'servletEndpointDiscoverer'
2024-08-29 04:45:06 - Autowiring by type from bean name 'webEndpointServletHandlerMapping' via factory method to bean named 'controllerEndpointDiscoverer'
2024-08-29 04:45:06 - Autowiring by type from bean name 'webEndpointServletHandlerMapping' via factory method to bean named 'endpointMediaTypes'
2024-08-29 04:45:06 - Autowiring by type from bean name 'webEndpointServletHandlerMapping' via factory method to bean named 'management.endpoints.web.cors-org.springframework.boot.actuate.autoconfigure.endpoint.web.CorsEndpointProperties'
2024-08-29 04:45:06 - Autowiring by type from bean name 'webEndpointServletHandlerMapping' via factory method to bean named 'management.endpoints.web-org.springframework.boot.actuate.autoconfigure.endpoint.web.WebEndpointProperties'
2024-08-29 04:45:06 - Autowiring by type from bean name 'webEndpointServletHandlerMapping' via factory method to bean named 'environment'
2024-08-29 04:45:06 - Exposing 1 endpoint beneath base path '/actuator'
2024-08-29 04:45:06 - Creating shared instance of singleton bean 'controllerEndpointHandlerMapping'
2024-08-29 04:45:06 - Autowiring by type from bean name 'controllerEndpointHandlerMapping' via factory method to bean named 'controllerEndpointDiscoverer'
2024-08-29 04:45:06 - Autowiring by type from bean name 'controllerEndpointHandlerMapping' via factory method to bean named 'management.endpoints.web.cors-org.springframework.boot.actuate.autoconfigure.endpoint.web.CorsEndpointProperties'
2024-08-29 04:45:06 - Autowiring by type from bean name 'controllerEndpointHandlerMapping' via factory method to bean named 'management.endpoints.web-org.springframework.boot.actuate.autoconfigure.endpoint.web.WebEndpointProperties'
2024-08-29 04:45:06 - Creating shared instance of singleton bean 'observationRegistry'
2024-08-29 04:45:06 - Creating shared instance of singleton bean 'org.springframework.boot.actuate.autoconfigure.observation.ObservationAutoConfiguration'
2024-08-29 04:45:06 - Creating shared instance of singleton bean 'propertiesObservationFilter'
2024-08-29 04:45:06 - Creating shared instance of singleton bean 'management.observations-org.springframework.boot.actuate.autoconfigure.observation.ObservationProperties'
2024-08-29 04:45:06 - Autowiring by type from bean name 'propertiesObservationFilter' via factory method to bean named 'management.observations-org.springframework.boot.actuate.autoconfigure.observation.ObservationProperties'
2024-08-29 04:45:06 - Creating shared instance of singleton bean 'metricsObservationHandlerGrouping'
2024-08-29 04:45:06 - Creating shared instance of singleton bean 'org.springframework.boot.actuate.autoconfigure.observation.ObservationAutoConfiguration$OnlyMetricsConfiguration'
2024-08-29 04:45:06 - Creating shared instance of singleton bean 'defaultMeterObservationHandler'
2024-08-29 04:45:06 - Creating shared instance of singleton bean 'org.springframework.boot.actuate.autoconfigure.observation.ObservationAutoConfiguration$MeterObservationHandlerConfiguration$OnlyMetricsMeterObservationHandlerConfiguration'
2024-08-29 04:45:06 - Creating shared instance of singleton bean 'simpleMeterRegistry'
2024-08-29 04:45:06 - Creating shared instance of singleton bean 'org.springframework.boot.actuate.autoconfigure.metrics.export.simple.SimpleMetricsExportAutoConfiguration'
2024-08-29 04:45:06 - Creating shared instance of singleton bean 'simpleConfig'
2024-08-29 04:45:06 - Creating shared instance of singleton bean 'management.simple.metrics.export-org.springframework.boot.actuate.autoconfigure.metrics.export.simple.SimpleProperties'
2024-08-29 04:45:06 - Autowiring by type from bean name 'simpleConfig' via factory method to bean named 'management.simple.metrics.export-org.springframework.boot.actuate.autoconfigure.metrics.export.simple.SimpleProperties'
2024-08-29 04:45:06 - Creating shared instance of singleton bean 'micrometerClock'
2024-08-29 04:45:06 - Creating shared instance of singleton bean 'org.springframework.boot.actuate.autoconfigure.metrics.MetricsAutoConfiguration'
2024-08-29 04:45:06 - Autowiring by type from bean name 'simpleMeterRegistry' via factory method to bean named 'simpleConfig'
2024-08-29 04:45:06 - Autowiring by type from bean name 'simpleMeterRegistry' via factory method to bean named 'micrometerClock'
2024-08-29 04:45:06 - Creating shared instance of singleton bean 'propertiesMeterFilter'
2024-08-29 04:45:06 - Autowiring by type from bean name 'propertiesMeterFilter' via factory method to bean named 'management.metrics-org.springframework.boot.actuate.autoconfigure.metrics.MetricsProperties'
2024-08-29 04:45:06 - Creating shared instance of singleton bean 'metricsHttpClientUriTagFilter'
2024-08-29 04:45:06 - Creating shared instance of singleton bean 'org.springframework.boot.actuate.autoconfigure.observation.web.client.HttpClientObservationsAutoConfiguration$MeterFilterConfiguration'
2024-08-29 04:45:06 - Autowiring by type from bean name 'metricsHttpClientUriTagFilter' via factory method to bean named 'management.observations-org.springframework.boot.actuate.autoconfigure.observation.ObservationProperties'
2024-08-29 04:45:06 - Autowiring by type from bean name 'metricsHttpClientUriTagFilter' via factory method to bean named 'management.metrics-org.springframework.boot.actuate.autoconfigure.metrics.MetricsProperties'
2024-08-29 04:45:06 - Creating shared instance of singleton bean 'metricsHttpServerUriTagFilter'
2024-08-29 04:45:06 - Creating shared instance of singleton bean 'org.springframework.boot.actuate.autoconfigure.observation.web.servlet.WebMvcObservationAutoConfiguration$MeterFilterConfiguration'
2024-08-29 04:45:06 - Autowiring by type from bean name 'metricsHttpServerUriTagFilter' via factory method to bean named 'management.observations-org.springframework.boot.actuate.autoconfigure.observation.ObservationProperties'
2024-08-29 04:45:06 - Autowiring by type from bean name 'metricsHttpServerUriTagFilter' via factory method to bean named 'management.metrics-org.springframework.boot.actuate.autoconfigure.metrics.MetricsProperties'
2024-08-29 04:45:06 - Autowiring by type from bean name 'defaultMeterObservationHandler' via factory method to bean named 'simpleMeterRegistry'
2024-08-29 04:45:06 - Autowiring by type from bean name 'defaultMeterObservationHandler' via factory method to bean named 'management.observations-org.springframework.boot.actuate.autoconfigure.observation.ObservationProperties'
[...]

   ScheduledTasksEndpointAutoConfiguration:
      Did not match:
         - @ConditionalOnAvailableEndpoint no 'management.endpoints' property marked it as exposed (OnAvailableEndpointCondition)

   SecurityDataConfiguration:
      Did not match:
         - @ConditionalOnClass did not find required class 'org.springframework.security.data.repository.query.SecurityEvaluationContextExtension' (OnClassCondition)

   SecurityRequestMatchersManagementContextConfiguration.JerseyRequestMatcherConfiguration:
      Did not match:
         - @ConditionalOnClass did not find required class 'org.glassfish.jersey.server.ResourceConfig' (OnClassCondition)

   SendGridAutoConfiguration:
      Did not match:
         - @ConditionalOnClass did not find required class 'com.sendgrid.SendGrid' (OnClassCondition)

   ServletEndpointManagementContextConfiguration.JerseyServletEndpointManagementContextConfiguration:
      Did not match:
         - @ConditionalOnClass did not find required class 'org.glassfish.jersey.server.ResourceConfig' (OnClassCondition)

   ServletManagementContextAutoConfiguration.ApplicationContextFilterConfiguration:
      Did not match:
         - @ConditionalOnProperty (management.server.add-application-context-header=true) did not find property 'add-application-context-header' (OnPropertyCondition)

   ServletWebServerFactoryAutoConfiguration.ForwardedHeaderFilterConfiguration:
      Did not match:
         - @ConditionalOnProperty (server.forward-headers-strategy=framework) did not find property 'server.forward-headers-strategy' (OnPropertyCondition)

   ServletWebServerFactoryConfiguration.EmbeddedJetty:
      Did not match:
         - @ConditionalOnClass did not find required classes 'org.eclipse.jetty.server.Server', 'org.eclipse.jetty.util.Loader', 'org.eclipse.jetty.ee10.webapp.WebAppContext' (OnClassCondition)

   ServletWebServerFactoryConfiguration.EmbeddedUndertow:
      Did not match:
         - @ConditionalOnClass did not find required classes 'io.undertow.Undertow', 'org.xnio.SslClientAuthMode' (OnClassCondition)

   SessionAutoConfiguration:
      Did not match:
         - @ConditionalOnClass did not find required class 'org.springframework.session.Session' (OnClassCondition)

   SessionsEndpointAutoConfiguration:
      Did not match:
         - @ConditionalOnClass did not find required class 'org.springframework.session.Session' (OnClassCondition)

   ShutdownEndpointAutoConfiguration:
      Did not match:
         - @ConditionalOnAvailableEndpoint no property management.endpoint.shutdown.enabled found so using endpoint default of false (OnAvailableEndpointCondition)

   SignalFxMetricsExportAutoConfiguration:
      Did not match:
         - @ConditionalOnClass did not find required class 'io.micrometer.signalfx.SignalFxMeterRegistry' (OnClassCondition)

   SpringApplicationAdminJmxAutoConfiguration:
      Did not match:
         - @ConditionalOnProperty (spring.application.admin.enabled=true) did not find property 'enabled' (OnPropertyCondition)

   SpringBootWebSecurityConfiguration.SecurityFilterChainConfiguration:
      Did not match:
         - AllNestedConditions 1 matched 1 did not; NestedCondition on DefaultWebSecurityCondition.Beans @ConditionalOnMissingBean (types: org.springframework.security.web.SecurityFilterChain; SearchStrategy: all) found beans of type 'org.springframework.security.web.SecurityFilterChain' securityFilterChain; NestedCondition on DefaultWebSecurityCondition.Classes @ConditionalOnClass found required classes 'org.springframework.security.web.SecurityFilterChain', 'org.springframework.security.config.annotation.web.builders.HttpSecurity' (DefaultWebSecurityCondition)

   StackdriverMetricsExportAutoConfiguration:
      Did not match:
         - @ConditionalOnClass did not find required class 'io.micrometer.stackdriver.StackdriverMeterRegistry' (OnClassCondition)

   StartupEndpointAutoConfiguration:
      Did not match:
         - ApplicationStartup configured applicationStartup is of type class org.springframework.core.metrics.DefaultApplicationStartup, expected BufferingApplicationStartup. (StartupEndpointAutoConfiguration.ApplicationStartupCondition)

   StatsdMetricsExportAutoConfiguration:
      Did not match:
         - @ConditionalOnClass did not find required class 'io.micrometer.statsd.StatsdMeterRegistry' (OnClassCondition)

   TaskExecutorConfigurations.SimpleAsyncTaskExecutorBuilderConfiguration#simpleAsyncTaskExecutorBuilderVirtualThreads:
      Did not match:
         - @ConditionalOnMissingBean (types: org.springframework.boot.task.SimpleAsyncTaskExecutorBuilder; SearchStrategy: all) found beans of type 'org.springframework.boot.task.SimpleAsyncTaskExecutorBuilder' simpleAsyncTaskExecutorBuilder (OnBeanCondition)

   TaskExecutorConfigurations.TaskExecutorConfiguration#applicationTaskExecutorVirtualThreads:
      Did not match:
         - @ConditionalOnThreading did not find VIRTUAL (OnThreadingCondition)

   TaskSchedulingAutoConfiguration#scheduledBeanLazyInitializationExcludeFilter:
      Did not match:
         - @ConditionalOnBean (names: org.springframework.context.annotation.internalScheduledAnnotationProcessor; SearchStrategy: all) did not find any beans named org.springframework.context.annotation.internalScheduledAnnotationProcessor (OnBeanCondition)

   TaskSchedulingConfigurations.SimpleAsyncTaskSchedulerBuilderConfiguration#simpleAsyncTaskSchedulerBuilderVirtualThreads:
      Did not match:
         - @ConditionalOnMissingBean (types: org.springframework.boot.task.SimpleAsyncTaskSchedulerBuilder; SearchStrategy: all) found beans of type 'org.springframework.boot.task.SimpleAsyncTaskSchedulerBuilder' simpleAsyncTaskSchedulerBuilder (OnBeanCondition)

   TaskSchedulingConfigurations.TaskSchedulerConfiguration:
      Did not match:
         - @ConditionalOnBean (names: org.springframework.context.annotation.internalScheduledAnnotationProcessor; SearchStrategy: all) did not find any beans named org.springframework.context.annotation.internalScheduledAnnotationProcessor (OnBeanCondition)

   ThreadDumpEndpointAutoConfiguration:
      Did not match:
         - @ConditionalOnAvailableEndpoint no 'management.endpoints' property marked it as exposed (OnAvailableEndpointCondition)

   ThymeleafAutoConfiguration:
      Did not match:
         - @ConditionalOnClass did not find required class 'org.thymeleaf.spring6.SpringTemplateEngine' (OnClassCondition)

   TransactionAutoConfiguration#transactionalOperator:
      Did not match:
         - @ConditionalOnSingleCandidate (types: org.springframework.transaction.ReactiveTransactionManager; SearchStrategy: all) did not find any beans (OnBeanCondition)

   TransactionAutoConfiguration.AspectJTransactionManagementConfiguration:
      Did not match:
         - @ConditionalOnBean (types: org.springframework.transaction.aspectj.AbstractTransactionAspect; SearchStrategy: all) did not find any beans of type org.springframework.transaction.aspectj.AbstractTransactionAspect (OnBeanCondition)

   TransactionAutoConfiguration.EnableTransactionManagementConfiguration.JdkDynamicAutoProxyConfiguration:
      Did not match:
         - @ConditionalOnProperty (spring.aop.proxy-target-class=false) did not find property 'proxy-target-class' (OnPropertyCondition)

   UserDetailsServiceAutoConfiguration:
      Did not match:
         - @ConditionalOnMissingBean (types: org.springframework.security.authentication.AuthenticationManager,org.springframework.security.authentication.AuthenticationProvider,org.springframework.security.core.userdetails.UserDetailsService,org.springframework.security.authentication.AuthenticationManagerResolver,org.springframework.security.oauth2.jwt.JwtDecoder; SearchStrategy: all) found beans of type 'org.springframework.security.core.userdetails.UserDetailsService' userDetailsService (OnBeanCondition)
      Matched:
         - @ConditionalOnClass found required class 'org.springframework.security.authentication.AuthenticationManager' (OnClassCondition)
         - AnyNestedCondition 1 matched 2 did not; NestedCondition on UserDetailsServiceAutoConfiguration.MissingAlternativeOrUserPropertiesConfigured.PasswordConfigured @ConditionalOnProperty (spring.security.user.password) did not find property 'password'; NestedCondition on UserDetailsServiceAutoConfiguration.MissingAlternativeOrUserPropertiesConfigured.NameConfigured @ConditionalOnProperty (spring.security.user.name) did not find property 'name'; NestedCondition on UserDetailsServiceAutoConfiguration.MissingAlternativeOrUserPropertiesConfigured.MissingAlternative @ConditionalOnMissingClass did not find unwanted classes 'org.springframework.security.oauth2.client.registration.ClientRegistrationRepository', 'org.springframework.security.oauth2.server.resource.introspection.OpaqueTokenIntrospector', 'org.springframework.security.saml2.provider.service.registration.RelyingPartyRegistrationRepository' (UserDetailsServiceAutoConfiguration.MissingAlternativeOrUserPropertiesConfigured)

   ValidationAutoConfiguration:
      Did not match:
         - @ConditionalOnClass did not find required class 'jakarta.validation.executable.ExecutableValidator' (OnClassCondition)

   WavefrontAutoConfiguration:
      Did not match:
         - @ConditionalOnClass did not find required class 'com.wavefront.sdk.common.application.ApplicationTags' (OnClassCondition)

   WavefrontMetricsExportAutoConfiguration:
      Did not match:
         - @ConditionalOnClass did not find required class 'com.wavefront.sdk.common.WavefrontSender' (OnClassCondition)

   WavefrontTracingAutoConfiguration:
      Did not match:
         - @ConditionalOnClass did not find required class 'com.wavefront.sdk.common.WavefrontSender' (OnClassCondition)

   WebClientAutoConfiguration:
      Did not match:
         - @ConditionalOnClass did not find required class 'org.springframework.web.reactive.function.client.WebClient' (OnClassCondition)

   WebClientObservationConfiguration:
      Did not match:
         - @ConditionalOnClass did not find required class 'org.springframework.web.reactive.function.client.WebClient' (OnClassCondition)

   WebFluxAutoConfiguration:
      Did not match:
         - @ConditionalOnClass did not find required class 'org.springframework.web.reactive.config.WebFluxConfigurer' (OnClassCondition)

   WebFluxEndpointManagementContextConfiguration:
      Did not match:
         - @ConditionalOnClass did not find required class 'org.springframework.web.reactive.DispatcherHandler' (OnClassCondition)

   WebFluxObservationAutoConfiguration:
      Did not match:
         - @ConditionalOnWebApplication did not find reactive web application classes (OnWebApplicationCondition)

   WebMvcAutoConfiguration#hiddenHttpMethodFilter:
      Did not match:
         - @ConditionalOnProperty (spring.mvc.hiddenmethod.filter.enabled) did not find property 'enabled' (OnPropertyCondition)

   WebMvcAutoConfiguration.ProblemDetailsErrorHandlingConfiguration:
      Did not match:
         - @ConditionalOnProperty (spring.mvc.problemdetails.enabled=true) did not find property 'enabled' (OnPropertyCondition)

   WebMvcAutoConfiguration.ResourceChainCustomizerConfiguration:
      Did not match:
         - @ConditionalOnEnabledResourceChain did not find class org.webjars.WebJarAssetLocator (OnEnabledResourceChainCondition)

   WebMvcAutoConfiguration.WebMvcAutoConfigurationAdapter#beanNameViewResolver:
      Did not match:
         - @ConditionalOnMissingBean (types: org.springframework.web.servlet.view.BeanNameViewResolver; SearchStrategy: all) found beans of type 'org.springframework.web.servlet.view.BeanNameViewResolver' beanNameViewResolver (OnBeanCondition)

   WebMvcEndpointManagementContextConfiguration#managementHealthEndpointWebMvcHandlerMapping:
      Did not match:
         - Management Port actual port type (SAME) did not match required type (DIFFERENT) (OnManagementPortCondition)

   WebServiceTemplateAutoConfiguration:
      Did not match:
         - @ConditionalOnClass did not find required class 'org.springframework.oxm.Marshaller' (OnClassCondition)

   WebServicesAutoConfiguration:
      Did not match:
         - @ConditionalOnClass did not find required class 'org.springframework.ws.transport.http.MessageDispatcherServlet' (OnClassCondition)

   WebSessionIdResolverAutoConfiguration:
      Did not match:
         - @ConditionalOnClass did not find required class 'reactor.core.publisher.Mono' (OnClassCondition)

   WebSocketMessagingAutoConfiguration:
      Did not match:
         - @ConditionalOnClass did not find required class 'org.springframework.web.socket.config.annotation.WebSocketMessageBrokerConfigurer' (OnClassCondition)

   WebSocketReactiveAutoConfiguration:
      Did not match:
         - @ConditionalOnWebApplication did not find reactive web application classes (OnWebApplicationCondition)

   WebSocketServletAutoConfiguration.JettyWebSocketConfiguration:
      Did not match:
         - @ConditionalOnClass did not find required class 'org.eclipse.jetty.ee10.websocket.jakarta.server.config.JakartaWebSocketServletContainerInitializer' (OnClassCondition)

   WebSocketServletAutoConfiguration.UndertowWebSocketConfiguration:
      Did not match:
         - @ConditionalOnClass did not find required class 'io.undertow.websockets.jsr.Bootstrap' (OnClassCondition)

   WritableEnvironmentEndpointAutoConfiguration:
      Did not match:
         - @ConditionalOnProperty (management.endpoint.env.post.enabled) did not find property 'management.endpoint.env.post.enabled' (OnPropertyCondition)
      Matched:
         - @ConditionalOnClass found required classes 'org.springframework.boot.actuate.env.EnvironmentEndpoint', 'org.springframework.boot.actuate.autoconfigure.env.EnvironmentEndpointProperties' (OnClassCondition)

   XADataSourceAutoConfiguration:
      Did not match:
         - @ConditionalOnBean (types: org.springframework.boot.jdbc.XADataSourceWrapper; SearchStrategy: all) did not find any beans of type org.springframework.boot.jdbc.XADataSourceWrapper (OnBeanCondition)
      Matched:
         - @ConditionalOnClass found required classes 'javax.sql.DataSource', 'jakarta.transaction.TransactionManager', 'org.springframework.jdbc.datasource.embedded.EmbeddedDatabaseType' (OnClassCondition)

   ZipkinAutoConfiguration:
      Did not match:
         - @ConditionalOnClass did not find required class 'zipkin2.reporter.Encoding' (OnClassCondition)


Exclusions:
-----------

    None


Unconditional classes:
----------------------

    org.springframework.boot.autoconfigure.context.ConfigurationPropertiesAutoConfiguration

    org.springframework.boot.actuate.autoconfigure.availability.AvailabilityHealthContributorAutoConfiguration

    org.springframework.boot.autoconfigure.ssl.SslAutoConfiguration

    org.springframework.boot.actuate.autoconfigure.info.InfoContributorAutoConfiguration

    org.springframework.boot.autoconfigure.context.PropertyPlaceholderAutoConfiguration

    org.springframework.boot.autoconfigure.context.LifecycleAutoConfiguration

    org.springframework.boot.actuate.autoconfigure.metrics.integration.IntegrationMetricsAutoConfiguration

    org.springframework.boot.actuate.autoconfigure.endpoint.EndpointAutoConfiguration

    org.springframework.boot.actuate.autoconfigure.web.server.ManagementContextAutoConfiguration

    org.springframework.boot.actuate.autoconfigure.health.HealthContributorAutoConfiguration

    org.springframework.cloud.autoconfigure.LifecycleMvcEndpointAutoConfiguration

    org.springframework.boot.actuate.autoconfigure.endpoint.jackson.JacksonEndpointAutoConfiguration

    org.springframework.boot.autoconfigure.availability.ApplicationAvailabilityAutoConfiguration

    org.springframework.boot.autoconfigure.info.ProjectInfoAutoConfiguration



2024-08-29 04:45:08 - Started TenantRentApplicationTests in 14.893 seconds (process running for 16.547)
2024-08-29 04:45:09 - Application availability state LivenessState changed to CORRECT
2024-08-29 04:45:09 - Application availability state ReadinessState changed to ACCEPTING_TRAFFIC
2024-08-29 04:45:09 - Spring test ApplicationContext cache statistics: [DefaultContextCache@47620803 size = 1, maxSize = 32, parentContextCount = 0, hitCount = 0, missCount = 1, failureCount = 0]
2024-08-29 04:45:09 - Setting up MockHttpServletRequest, MockHttpServletResponse, ServletWebRequest, and RequestContextHolder for test class com.springRest.tenantRent.TenantRentApplicationTests
2024-08-29 04:45:09 - Performing dependency injection for test class com.springRest.tenantRent.TenantRentApplicationTests
2024-08-29 04:45:09 - Spring test ApplicationContext cache statistics: [DefaultContextCache@47620803 size = 1, maxSize = 32, parentContextCount = 0, hitCount = 1, missCount = 1, failureCount = 0]
2024-08-29 04:45:09 - Spring test ApplicationContext cache statistics: [DefaultContextCache@47620803 size = 1, maxSize = 32, parentContextCount = 0, hitCount = 2, missCount = 1, failureCount = 0]
2024-08-29 04:45:09 - Before test method: class [TenantRentApplicationTests], method [contextLoads], class annotated with @DirtiesContext [false] with mode [null], method annotated with @DirtiesContext [false] with mode [null]
2024-08-29 04:45:09 - Spring test ApplicationContext cache statistics: [DefaultContextCache@47620803 size = 1, maxSize = 32, parentContextCount = 0, hitCount = 3, missCount = 1, failureCount = 0]
2024-08-29 04:45:09 - Spring test ApplicationContext cache statistics: [DefaultContextCache@47620803 size = 1, maxSize = 32, parentContextCount = 0, hitCount = 4, missCount = 1, failureCount = 0]
2024-08-29 04:45:10 - Spring test ApplicationContext cache statistics: [DefaultContextCache@47620803 size = 1, maxSize = 32, parentContextCount = 0, hitCount = 5, missCount = 1, failureCount = 0]
2024-08-29 04:45:10 - Spring test ApplicationContext cache statistics: [DefaultContextCache@47620803 size = 1, maxSize = 32, parentContextCount = 0, hitCount = 6, missCount = 1, failureCount = 0]
2024-08-29 04:45:10 - Spring test ApplicationContext cache statistics: [DefaultContextCache@47620803 size = 1, maxSize = 32, parentContextCount = 0, hitCount = 7, missCount = 1, failureCount = 0]
2024-08-29 04:45:10 - Spring test ApplicationContext cache statistics: [DefaultContextCache@47620803 size = 1, maxSize = 32, parentContextCount = 0, hitCount = 8, missCount = 1, failureCount = 0]
2024-08-29 04:45:10 - Spring test ApplicationContext cache statistics: [DefaultContextCache@47620803 size = 1, maxSize = 32, parentContextCount = 0, hitCount = 9, missCount = 1, failureCount = 0]
2024-08-29 04:45:10 - Spring test ApplicationContext cache statistics: [DefaultContextCache@47620803 size = 1, maxSize = 32, parentContextCount = 0, hitCount = 10, missCount = 1, failureCount = 0]
2024-08-29 04:45:10 - Spring test ApplicationContext cache statistics: [DefaultContextCache@47620803 size = 1, maxSize = 32, parentContextCount = 0, hitCount = 11, missCount = 1, failureCount = 0]
2024-08-29 04:45:10 - After test method: class [TenantRentApplicationTests], method [contextLoads], class annotated with @DirtiesContext [false] with mode [null], method annotated with @DirtiesContext [false] with mode [null]
2024-08-29 04:45:10 - Resetting RequestContextHolder for test class com.springRest.tenantRent.TenantRentApplicationTests
]]></system-out>
    <system-err><![CDATA[WARNING: A Java agent has been loaded dynamically (C:\Users\DELL\.m2\repository\net\bytebuddy\byte-buddy-agent\1.14.18\byte-buddy-agent-1.14.18.jar)
WARNING: If a serviceability tool is in use, please run with -XX:+EnableDynamicAgentLoading to hide this warning
WARNING: If a serviceability tool is not in use, please run with -Djdk.instrument.traceUsage for more information
WARNING: Dynamic loading of agents will be disallowed by default in a future release
]]></system-err>
  </testcase>
</testsuite>