<?xml version="1.0" encoding="UTF-8"?>
<testsuite xmlns:xsi="http://www.w3.org/2001/XMLSchema-instance" xsi:noNamespaceSchemaLocation="https://maven.apache.org/surefire/maven-surefire-plugin/xsd/surefire-test-report-3.0.xsd" version="3.0" name="com.springRest.tenantRent.TenantRentApplicationTests" time="15.417" tests="1" errors="0" skipped="0" failures="0">
  <properties>
[...]
</properties>
  <testcase name="contextLoads" classname="com.springRest.tenantRent.TenantRentApplicationTests" time="1.293">
    <system-out><![CDATA[16:50:49.068 [main] INFO org.springframework.test.context.support.AnnotationConfigContextLoaderUtils -- Could not detect default configuration classes for test class [com.springRest.tenantRent.TenantRentApplicationTests]: TenantRentApplicationTests does not declare any static, non-private, non-final, nested classes annotated with @Configuration.
16:50:49.250 [main] INFO org.springframework.boot.test.context.SpringBootTestContextBootstrapper -- Found @SpringBootConfiguration com.springRest.tenantRent.TenantRentApplication for test class com.springRest.tenantRent.TenantRentApplicationTests

  .   ____          _            __ _ _
 /\\ / ___'_ __ _ _(_)_ __  __ _ \ \ \ \
( ( )\___ | '_ | '_| | '_ \/ _` | \ \ \ \
 \\/  ___)| |_)| | | | | || (_| |  ) ) ) )
  '  |____| .__|_| |_|_| |_\__, | / / / /
 =========|_|==============|___/=/_/_/_/

 :: Spring Boot ::                (v3.3.2)

2024-08-26T16:50:49.952+01:00  INFO 10572 --- [Tenant Rent Backend] [           main] c.s.t.TenantRentApplicationTests         : Starting TenantRentApplicationTests using Java 21.0.3 with PID 10572 (started by DELL in c:\Users\DELL\source\repos\nsalunke729\Tenant Rent Management\Tenant Rent Backend)
2024-08-26T16:50:49.966+01:00  INFO 10572 --- [Tenant Rent Backend] [           main] c.s.t.TenantRentApplicationTests         : The following 2 profiles are active: "common", "development"
2024-08-26T16:50:49.967+01:00 DEBUG 10572 --- [Tenant Rent Backend] [           main] o.s.boot.SpringApplication               : Loading source class com.springRest.tenantRent.TenantRentApplication
2024-08-26T16:50:50.023+01:00 DEBUG 10572 --- [Tenant Rent Backend] [           main] o.s.w.c.s.GenericWebApplicationContext   : Refreshing org.springframework.web.context.support.GenericWebApplicationContext@22db8f4
2024-08-26T16:50:50.085+01:00 DEBUG 10572 --- [Tenant Rent Backend] [           main] o.s.b.f.s.DefaultListableBeanFactory     : Creating shared instance of singleton bean 'org.springframework.context.annotation.internalConfigurationAnnotationProcessor'
2024-08-26T16:50:50.115+01:00 DEBUG 10572 --- [Tenant Rent Backend] [           main] o.s.b.f.s.DefaultListableBeanFactory     : Creating shared instance of singleton bean 'org.springframework.boot.autoconfigure.internalCachingMetadataReaderFactory'
2024-08-26T16:50:50.198+01:00 DEBUG 10572 --- [Tenant Rent Backend] [           main] o.s.c.a.ClassPathBeanDefinitionScanner   : Identified candidate component class: file [C:\Users\DELL\source\repos\nsalunke729\Tenant Rent Management\Tenant Rent Backend\target\classes\com\springRest\tenantRent\configuration\WebConfig.class]
2024-08-26T16:50:50.232+01:00 DEBUG 10572 --- [Tenant Rent Backend] [           main] o.s.c.a.ClassPathBeanDefinitionScanner   : Identified candidate component class: file [C:\Users\DELL\source\repos\nsalunke729\Tenant Rent Management\Tenant Rent Backend\target\classes\com\springRest\tenantRent\controller\LoginController.class]
2024-08-26T16:50:50.233+01:00 DEBUG 10572 --- [Tenant Rent Backend] [           main] o.s.c.a.ClassPathBeanDefinitionScanner   : Identified candidate component class: file [C:\Users\DELL\source\repos\nsalunke729\Tenant Rent Management\Tenant Rent Backend\target\classes\com\springRest\tenantRent\controller\PropertyController.class]
2024-08-26T16:50:50.241+01:00 DEBUG 10572 --- [Tenant Rent Backend] [           main] o.s.c.a.ClassPathBeanDefinitionScanner   : Identified candidate component class: file [C:\Users\DELL\source\repos\nsalunke729\Tenant Rent Management\Tenant Rent Backend\target\classes\com\springRest\tenantRent\controller\RentPaymentController.class]
2024-08-26T16:50:50.242+01:00 DEBUG 10572 --- [Tenant Rent Backend] [           main] o.s.c.a.ClassPathBeanDefinitionScanner   : Identified candidate component class: file [C:\Users\DELL\source\repos\nsalunke729\Tenant Rent Management\Tenant Rent Backend\target\classes\com\springRest\tenantRent\controller\TenantController.class]
2024-08-26T16:50:50.243+01:00 DEBUG 10572 --- [Tenant Rent Backend] [           main] o.s.c.a.ClassPathBeanDefinitionScanner   : Identified candidate component class: file [C:\Users\DELL\source\repos\nsalunke729\Tenant Rent Management\Tenant Rent Backend\target\classes\com\springRest\tenantRent\controller\tenants.class]
2024-08-26T16:50:50.245+01:00 DEBUG 10572 --- [Tenant Rent Backend] [           main] o.s.c.a.ClassPathBeanDefinitionScanner   : Ignored because not a concrete top-level class: file [C:\Users\DELL\source\repos\nsalunke729\Tenant Rent Management\Tenant Rent Backend\target\classes\com\springRest\tenantRent\repository\RentPaymentRepository.class]
2024-08-26T16:50:50.245+01:00 DEBUG 10572 --- [Tenant Rent Backend] [           main] o.s.c.a.ClassPathBeanDefinitionScanner   : Ignored because not a concrete top-level class: file [C:\Users\DELL\source\repos\nsalunke729\Tenant Rent Management\Tenant Rent Backend\target\classes\com\springRest\tenantRent\repository\TenantRepository.class]
2024-08-26T16:50:50.262+01:00 DEBUG 10572 --- [Tenant Rent Backend] [           main] o.s.c.a.ClassPathBeanDefinitionScanner   : Identified candidate component class: file [C:\Users\DELL\source\repos\nsalunke729\Tenant Rent Management\Tenant Rent Backend\target\classes\com\springRest\tenantRent\service\RentPaymentService.class]
2024-08-26T16:50:50.262+01:00 DEBUG 10572 --- [Tenant Rent Backend] [           main] o.s.c.a.ClassPathBeanDefinitionScanner   : Identified candidate component class: file [C:\Users\DELL\source\repos\nsalunke729\Tenant Rent Management\Tenant Rent Backend\target\classes\com\springRest\tenantRent\service\SecurityConfig.class]
2024-08-26T16:50:50.262+01:00 DEBUG 10572 --- [Tenant Rent Backend] [           main] o.s.c.a.ClassPathBeanDefinitionScanner   : Identified candidate component class: file [C:\Users\DELL\source\repos\nsalunke729\Tenant Rent Management\Tenant Rent Backend\target\classes\com\springRest\tenantRent\service\TenantService.class]
2024-08-26T16:50:52.249+01:00  INFO 10572 --- [Tenant Rent Backend] [           main] .s.d.r.c.RepositoryConfigurationDelegate : Bootstrapping Spring Data JPA repositories in DEFAULT mode.
2024-08-26T16:50:52.261+01:00 DEBUG 10572 --- [Tenant Rent Backend] [           main] o.s.b.f.s.DefaultListableBeanFactory     : Creating shared instance of singleton bean 'org.springframework.boot.autoconfigure.AutoConfigurationPackages'
2024-08-26T16:50:52.278+01:00 DEBUG 10572 --- [Tenant Rent Backend] [           main] o.s.b.a.AutoConfigurationPackages        : @EnableAutoConfiguration was declared on a class in the package 'com.springRest.tenantRent'. Automatic @Repository and @Entity scanning is enabled.
2024-08-26T16:50:52.282+01:00 DEBUG 10572 --- [Tenant Rent Backend] [           main] .s.d.r.c.RepositoryConfigurationDelegate : Scanning for JPA repositories in packages com.springRest.tenantRent.
2024-08-26T16:50:52.307+01:00 DEBUG 10572 --- [Tenant Rent Backend] [           main] o.s.d.r.c.RepositoryComponentProvider    : Identified candidate component class: file [C:\Users\DELL\source\repos\nsalunke729\Tenant Rent Management\Tenant Rent Backend\target\classes\com\springRest\tenantRent\repository\RentPaymentRepository.class]
2024-08-26T16:50:52.309+01:00 DEBUG 10572 --- [Tenant Rent Backend] [           main] o.s.d.r.c.RepositoryComponentProvider    : Identified candidate component class: file [C:\Users\DELL\source\repos\nsalunke729\Tenant Rent Management\Tenant Rent Backend\target\classes\com\springRest\tenantRent\repository\TenantRepository.class]
2024-08-26T16:50:52.418+01:00  INFO 10572 --- [Tenant Rent Backend] [           main] .s.d.r.c.RepositoryConfigurationDelegate : Finished Spring Data repository scanning in 131 ms. Found 2 JPA repository interfaces.
2024-08-26T16:50:52.598+01:00 DEBUG 10572 --- [Tenant Rent Backend] [           main] o.s.b.f.s.DefaultListableBeanFactory     : Creating shared instance of singleton bean 'springSecurityHandlerMappingIntrospectorBeanDefinitionRegistryPostProcessor'
2024-08-26T16:50:52.750+01:00 DEBUG 10572 --- [Tenant Rent Backend] [           main] o.s.b.f.s.DefaultListableBeanFactory     : Creating shared instance of singleton bean 'propertySourcesPlaceholderConfigurer'
2024-08-26T16:50:52.757+01:00 DEBUG 10572 --- [Tenant Rent Backend] [           main] o.s.b.f.s.DefaultListableBeanFactory     : Creating shared instance of singleton bean 'org.springframework.boot.test.mock.mockito.MockitoPostProcessor'
2024-08-26T16:50:52.759+01:00 DEBUG 10572 --- [Tenant Rent Backend] [           main] o.s.b.f.s.DefaultListableBeanFactory     : Creating shared instance of singleton bean 'emBeanDefinitionRegistrarPostProcessor'
2024-08-26T16:50:52.760+01:00 DEBUG 10572 --- [Tenant Rent Backend] [           main] o.s.b.f.s.DefaultListableBeanFactory     : Creating shared instance of singleton bean 'org.springframework.boot.sql.init.dependency.DatabaseInitializationDependencyConfigurer$DependsOnDatabaseInitializationPostProcessor'
2024-08-26T16:50:52.873+01:00 DEBUG 10572 --- [Tenant Rent Backend] [           main] o.s.b.f.s.DefaultListableBeanFactory     : Creating shared instance of singleton bean 'org.springframework.context.event.internalEventListenerProcessor'
2024-08-26T16:50:52.875+01:00 DEBUG 10572 --- [Tenant Rent Backend] [           main] o.s.b.f.s.DefaultListableBeanFactory     : Creating shared instance of singleton bean 'preserveErrorControllerTargetClassPostProcessor'
2024-08-26T16:50:52.877+01:00 DEBUG 10572 --- [Tenant Rent Backend] [           main] o.s.b.f.s.DefaultListableBeanFactory     : Creating shared instance of singleton bean 'conversionServicePostProcessor'
2024-08-26T16:50:52.877+01:00 DEBUG 10572 --- [Tenant Rent Backend] [           main] o.s.b.f.s.DefaultListableBeanFactory     : Creating shared instance of singleton bean 'org.springframework.context.event.internalEventListenerFactory'
2024-08-26T16:50:52.877+01:00 DEBUG 10572 --- [Tenant Rent Backend] [           main] o.s.b.f.s.DefaultListableBeanFactory     : Creating shared instance of singleton bean 'org.springframework.transaction.config.internalTransactionalEventListenerFactory'
2024-08-26T16:50:52.895+01:00 DEBUG 10572 --- [Tenant Rent Backend] [           main] o.s.b.f.s.DefaultListableBeanFactory     : Creating shared instance of singleton bean 'org.springframework.boot.test.mock.mockito.MockitoPostProcessor$SpyPostProcessor'
2024-08-26T16:50:52.895+01:00 DEBUG 10572 --- [Tenant Rent Backend] [           main] o.s.b.f.s.DefaultListableBeanFactory     : Creating shared instance of singleton bean 'org.springframework.context.annotation.internalAutowiredAnnotationProcessor'
2024-08-26T16:50:52.895+01:00 DEBUG 10572 --- [Tenant Rent Backend] [           main] o.s.b.f.s.DefaultListableBeanFactory     : Creating shared instance of singleton bean 'org.springframework.context.annotation.internalCommonAnnotationProcessor'
2024-08-26T16:50:52.895+01:00 DEBUG 10572 --- [Tenant Rent Backend] [           main] o.s.b.f.s.DefaultListableBeanFactory     : Creating shared instance of singleton bean 'org.springframework.context.annotation.internalPersistenceAnnotationProcessor'
2024-08-26T16:50:52.895+01:00 DEBUG 10572 --- [Tenant Rent Backend] [           main] o.s.b.f.s.DefaultListableBeanFactory     : Creating shared instance of singleton bean 'org.springframework.boot.context.properties.ConfigurationPropertiesBindingPostProcessor'
2024-08-26T16:50:52.895+01:00 DEBUG 10572 --- [Tenant Rent Backend] [           main] o.s.b.f.s.DefaultListableBeanFactory     : Creating shared instance of singleton bean 'org.springframework.boot.context.internalConfigurationPropertiesBinder'
2024-08-26T16:50:52.912+01:00 DEBUG 10572 --- [Tenant Rent Backend] [           main] o.s.b.f.s.DefaultListableBeanFactory     : Creating shared instance of singleton bean 'jdbcConnectionDetailsHikariBeanPostProcessor'
2024-08-26T16:50:52.916+01:00 DEBUG 10572 --- [Tenant Rent Backend] [           main] o.s.b.f.s.DefaultListableBeanFactory     : Creating shared instance of singleton bean 'org.springframework.aop.config.internalAutoProxyCreator'
2024-08-26T16:50:52.944+01:00 DEBUG 10572 --- [Tenant Rent Backend] [           main] o.s.b.f.s.DefaultListableBeanFactory     : Creating shared instance of singleton bean 'persistenceExceptionTranslationPostProcessor'
2024-08-26T16:50:52.979+01:00 DEBUG 10572 --- [Tenant Rent Backend] [           main] o.s.b.f.s.DefaultListableBeanFactory     : Autowiring by type from bean name 'persistenceExceptionTranslationPostProcessor' via factory method to bean named 'environment'
2024-08-26T16:50:52.979+01:00 DEBUG 10572 --- [Tenant Rent Backend] [           main] o.s.b.f.s.DefaultListableBeanFactory     : Creating shared instance of singleton bean 'webServerFactoryCustomizerBeanPostProcessor'
2024-08-26T16:50:52.996+01:00 DEBUG 10572 --- [Tenant Rent Backend] [           main] o.s.b.f.s.DefaultListableBeanFactory     : Creating shared instance of singleton bean 'errorPageRegistrarBeanPostProcessor'
2024-08-26T16:50:52.996+01:00 DEBUG 10572 --- [Tenant Rent Backend] [           main] o.s.b.f.s.DefaultListableBeanFactory     : Creating shared instance of singleton bean 'healthEndpointGroupsBeanPostProcessor'
2024-08-26T16:50:52.996+01:00 DEBUG 10572 --- [Tenant Rent Backend] [           main] o.s.b.f.s.DefaultListableBeanFactory     : Creating shared instance of singleton bean 'org.springframework.transaction.config.internalTransactionAdvisor'
2024-08-26T16:50:52.996+01:00 DEBUG 10572 --- [Tenant Rent Backend] [           main] o.s.b.f.s.DefaultListableBeanFactory     : Creating shared instance of singleton bean 'org.springframework.transaction.annotation.ProxyTransactionManagementConfiguration'
2024-08-26T16:50:53.028+01:00 DEBUG 10572 --- [Tenant Rent Backend] [           main] .s.a.a.a.ReflectiveAspectJAdvisorFactory : Found AspectJ method: public java.lang.Object io.micrometer.observation.aop.ObservedAspect.observeClass(org.aspectj.lang.ProceedingJoinPoint) throws java.lang.Throwable
2024-08-26T16:50:53.028+01:00 DEBUG 10572 --- [Tenant Rent Backend] [           main] .s.a.a.a.ReflectiveAspectJAdvisorFactory : Found AspectJ method: public java.lang.Object io.micrometer.observation.aop.ObservedAspect.observeMethod(org.aspectj.lang.ProceedingJoinPoint) throws java.lang.Throwable
2024-08-26T16:50:53.434+01:00 DEBUG 10572 --- [Tenant Rent Backend] [           main] o.s.b.f.s.DefaultListableBeanFactory     : Creating shared instance of singleton bean 'transactionAttributeSource'
2024-08-26T16:50:53.439+01:00 DEBUG 10572 --- [Tenant Rent Backend] [           main] o.s.b.f.s.DefaultListableBeanFactory     : Creating shared instance of singleton bean 'transactionInterceptor'
2024-08-26T16:50:53.439+01:00 DEBUG 10572 --- [Tenant Rent Backend] [           main] o.s.b.f.s.DefaultListableBeanFactory     : Autowiring by type from bean name 'transactionInterceptor' via factory method to bean named 'transactionAttributeSource'
2024-08-26T16:50:53.439+01:00 DEBUG 10572 --- [Tenant Rent Backend] [           main] o.s.b.f.s.DefaultListableBeanFactory     : Autowiring by type from bean name 'org.springframework.transaction.config.internalTransactionAdvisor' via factory method to bean named 'transactionAttributeSource'
2024-08-26T16:50:53.439+01:00 DEBUG 10572 --- [Tenant Rent Backend] [           main] o.s.b.f.s.DefaultListableBeanFactory     : Autowiring by type from bean name 'org.springframework.transaction.config.internalTransactionAdvisor' via factory method to bean named 'transactionInterceptor'
2024-08-26T16:50:53.455+01:00 DEBUG 10572 --- [Tenant Rent Backend] [           main] o.s.b.f.s.DefaultListableBeanFactory     : Creating shared instance of singleton bean 'meterRegistryPostProcessor'
2024-08-26T16:50:53.478+01:00 DEBUG 10572 --- [Tenant Rent Backend] [           main] o.s.b.f.s.DefaultListableBeanFactory     : Autowiring by type from bean name 'meterRegistryPostProcessor' via factory method to bean named 'org.springframework.web.context.support.GenericWebApplicationContext@22db8f4'
2024-08-26T16:50:53.478+01:00 DEBUG 10572 --- [Tenant Rent Backend] [           main] o.s.b.f.s.DefaultListableBeanFactory     : Creating shared instance of singleton bean 'metricsRepositoryMethodInvocationListenerBeanPostProcessor'
2024-08-26T16:50:53.494+01:00 DEBUG 10572 --- [Tenant Rent Backend] [           main] o.s.b.f.s.DefaultListableBeanFactory     : Creating shared instance of singleton bean 'observationRegistryPostProcessor'
2024-08-26T16:50:53.494+01:00 DEBUG 10572 --- [Tenant Rent Backend] [           main] o.s.b.f.s.DefaultListableBeanFactory     : Creating shared instance of singleton bean 'projectingArgumentResolverBeanPostProcessor'
2024-08-26T16:50:53.555+01:00 DEBUG 10572 --- [Tenant Rent Backend] [           main] o.s.u.c.s.UiApplicationContextUtils      : Unable to locate ThemeSource with name 'themeSource': using default [org.springframework.ui.context.support.ResourceBundleThemeSource@5a14e60d]
2024-08-26T16:50:53.560+01:00 DEBUG 10572 --- [Tenant Rent Backend] [           main] o.s.b.f.s.DefaultListableBeanFactory     : Creating shared instance of singleton bean 'dataSourceScriptDatabaseInitializer'
2024-08-26T16:50:53.561+01:00 DEBUG 10572 --- [Tenant Rent Backend] [           main] o.s.b.f.s.DefaultListableBeanFactory     : Creating shared instance of singleton bean 'org.springframework.boot.autoconfigure.sql.init.DataSourceInitializationConfiguration'
2024-08-26T16:50:53.565+01:00 DEBUG 10572 --- [Tenant Rent Backend] [           main] o.s.b.f.s.DefaultListableBeanFactory     : Creating shared instance of singleton bean 'dataSource'
2024-08-26T16:50:53.566+01:00 DEBUG 10572 --- [Tenant Rent Backend] [           main] o.s.b.f.s.DefaultListableBeanFactory     : Creating shared instance of singleton bean 'org.springframework.boot.autoconfigure.jdbc.DataSourceConfiguration$Hikari'
2024-08-26T16:50:53.570+01:00 DEBUG 10572 --- [Tenant Rent Backend] [           main] o.s.b.f.s.DefaultListableBeanFactory     : Creating shared instance of singleton bean 'spring.datasource-org.springframework.boot.autoconfigure.jdbc.DataSourceProperties'
2024-08-26T16:50:53.572+01:00 DEBUG 10572 --- [Tenant Rent Backend] [           main] o.s.b.f.s.DefaultListableBeanFactory     : Creating shared instance of singleton bean 'org.springframework.boot.context.properties.BoundConfigurationProperties'
2024-08-26T16:50:53.646+01:00 DEBUG 10572 --- [Tenant Rent Backend] [           main] o.s.b.f.s.DefaultListableBeanFactory     : Creating shared instance of singleton bean 'jdbcConnectionDetails'
2024-08-26T16:50:53.646+01:00 DEBUG 10572 --- [Tenant Rent Backend] [           main] o.s.b.f.s.DefaultListableBeanFactory     : Creating shared instance of singleton bean 'org.springframework.boot.autoconfigure.jdbc.DataSourceAutoConfiguration$PooledDataSourceConfiguration'
2024-08-26T16:50:53.646+01:00 DEBUG 10572 --- [Tenant Rent Backend] [           main] o.s.b.f.s.DefaultListableBeanFactory     : Autowiring by type from bean name 'jdbcConnectionDetails' via factory method to bean named 'spring.datasource-org.springframework.boot.autoconfigure.jdbc.DataSourceProperties'
2024-08-26T16:50:53.661+01:00 DEBUG 10572 --- [Tenant Rent Backend] [           main] o.s.b.f.s.DefaultListableBeanFactory     : Autowiring by type from bean name 'dataSource' via factory method to bean named 'spring.datasource-org.springframework.boot.autoconfigure.jdbc.DataSourceProperties'
2024-08-26T16:50:53.662+01:00 DEBUG 10572 --- [Tenant Rent Backend] [           main] o.s.b.f.s.DefaultListableBeanFactory     : Autowiring by type from bean name 'dataSource' via factory method to bean named 'jdbcConnectionDetails'
2024-08-26T16:50:53.860+01:00 DEBUG 10572 --- [Tenant Rent Backend] [           main] o.s.b.f.s.DefaultListableBeanFactory     : Creating shared instance of singleton bean 'spring.sql.init-org.springframework.boot.autoconfigure.sql.init.SqlInitializationProperties'
2024-08-26T16:50:53.866+01:00 DEBUG 10572 --- [Tenant Rent Backend] [           main] o.s.b.f.s.DefaultListableBeanFactory     : Autowiring by type from bean name 'dataSourceScriptDatabaseInitializer' via factory method to bean named 'dataSource'
2024-08-26T16:50:53.866+01:00 DEBUG 10572 --- [Tenant Rent Backend] [           main] o.s.b.f.s.DefaultListableBeanFactory     : Autowiring by type from bean name 'dataSourceScriptDatabaseInitializer' via factory method to bean named 'spring.sql.init-org.springframework.boot.autoconfigure.sql.init.SqlInitializationProperties'
2024-08-26T16:50:53.877+01:00 DEBUG 10572 --- [Tenant Rent Backend] [           main] o.s.b.f.s.DefaultListableBeanFactory     : Creating shared instance of singleton bean 'entityManagerFactory'
2024-08-26T16:50:53.877+01:00 DEBUG 10572 --- [Tenant Rent Backend] [           main] o.s.b.f.s.DefaultListableBeanFactory     : Creating shared instance of singleton bean 'org.springframework.boot.autoconfigure.orm.jpa.HibernateJpaConfiguration'
2024-08-26T16:50:53.879+01:00 DEBUG 10572 --- [Tenant Rent Backend] [           main] o.s.b.f.s.DefaultListableBeanFactory     : Creating shared instance of singleton bean 'spring.jpa-org.springframework.boot.autoconfigure.orm.jpa.JpaProperties'
2024-08-26T16:50:53.890+01:00 DEBUG 10572 --- [Tenant Rent Backend] [           main] o.s.b.f.s.DefaultListableBeanFactory     : Creating shared instance of singleton bean 'spring.jpa.hibernate-org.springframework.boot.autoconfigure.orm.jpa.HibernateProperties'
2024-08-26T16:50:53.894+01:00 DEBUG 10572 --- [Tenant Rent Backend] [           main] o.s.b.f.s.DefaultListableBeanFactory     : Autowiring by type from bean name 'org.springframework.boot.autoconfigure.orm.jpa.HibernateJpaConfiguration' via constructor to bean named 'dataSource'
2024-08-26T16:50:53.894+01:00 DEBUG 10572 --- [Tenant Rent Backend] [           main] o.s.b.f.s.DefaultListableBeanFactory     : Autowiring by type from bean name 'org.springframework.boot.autoconfigure.orm.jpa.HibernateJpaConfiguration' via constructor to bean named 'spring.jpa-org.springframework.boot.autoconfigure.orm.jpa.JpaProperties'
2024-08-26T16:50:53.894+01:00 DEBUG 10572 --- [Tenant Rent Backend] [           main] o.s.b.f.s.DefaultListableBeanFactory     : Autowiring by type from bean name 'org.springframework.boot.autoconfigure.orm.jpa.HibernateJpaConfiguration' via constructor to bean named 'org.springframework.beans.factory.support.DefaultListableBeanFactory@27494e46'
2024-08-26T16:50:53.894+01:00 DEBUG 10572 --- [Tenant Rent Backend] [           main] o.s.b.f.s.DefaultListableBeanFactory     : Autowiring by type from bean name 'org.springframework.boot.autoconfigure.orm.jpa.HibernateJpaConfiguration' via constructor to bean named 'spring.jpa.hibernate-org.springframework.boot.autoconfigure.orm.jpa.HibernateProperties'
2024-08-26T16:50:53.894+01:00 DEBUG 10572 --- [Tenant Rent Backend] [           main] o.s.b.f.s.DefaultListableBeanFactory     : Creating shared instance of singleton bean 'hikariPoolDataSourceMetadataProvider'
2024-08-26T16:50:53.894+01:00 DEBUG 10572 --- [Tenant Rent Backend] [           main] o.s.b.f.s.DefaultListableBeanFactory     : Creating shared instance of singleton bean 'org.springframework.boot.autoconfigure.jdbc.metadata.DataSourcePoolMetadataProvidersConfiguration$HikariPoolDataSourceMetadataProviderConfiguration'
2024-08-26T16:50:53.933+01:00 DEBUG 10572 --- [Tenant Rent Backend] [           main] o.s.b.f.s.DefaultListableBeanFactory     : Creating shared instance of singleton bean 'entityManagerFactoryBuilder'
2024-08-26T16:50:53.942+01:00 DEBUG 10572 --- [Tenant Rent Backend] [           main] o.s.b.f.s.DefaultListableBeanFactory     : Creating shared instance of singleton bean 'jpaVendorAdapter'
2024-08-26T16:50:53.975+01:00 DEBUG 10572 --- [Tenant Rent Backend] [           main] o.s.b.f.s.DefaultListableBeanFactory     : Autowiring by type from bean name 'entityManagerFactoryBuilder' via factory method to bean named 'jpaVendorAdapter'
2024-08-26T16:50:53.993+01:00 DEBUG 10572 --- [Tenant Rent Backend] [           main] o.s.b.f.s.DefaultListableBeanFactory     : Creating shared instance of singleton bean 'persistenceManagedTypes'
2024-08-26T16:50:53.993+01:00 DEBUG 10572 --- [Tenant Rent Backend] [           main] o.s.b.f.s.DefaultListableBeanFactory     : Autowiring by type from bean name 'persistenceManagedTypes' via factory method to bean named 'org.springframework.beans.factory.support.DefaultListableBeanFactory@27494e46'
2024-08-26T16:50:53.993+01:00 DEBUG 10572 --- [Tenant Rent Backend] [           main] o.s.b.f.s.DefaultListableBeanFactory     : Autowiring by type from bean name 'persistenceManagedTypes' via factory method to bean named 'org.springframework.web.context.support.GenericWebApplicationContext@22db8f4'
2024-08-26T16:50:54.026+01:00 DEBUG 10572 --- [Tenant Rent Backend] [           main] o.s.b.f.s.DefaultListableBeanFactory     : Autowiring by type from bean name 'entityManagerFactory' via factory method to bean named 'entityManagerFactoryBuilder'
2024-08-26T16:50:54.026+01:00 DEBUG 10572 --- [Tenant Rent Backend] [           main] o.s.b.f.s.DefaultListableBeanFactory     : Autowiring by type from bean name 'entityManagerFactory' via factory method to bean named 'persistenceManagedTypes'
2024-08-26T16:50:54.077+01:00 DEBUG 10572 --- [Tenant Rent Backend] [           main] j.LocalContainerEntityManagerFactoryBean : Building JPA container EntityManagerFactory for persistence unit 'default'
2024-08-26T16:50:54.198+01:00  INFO 10572 --- [Tenant Rent Backend] [           main] o.hibernate.jpa.internal.util.LogHelper  : HHH000204: Processing PersistenceUnitInfo [name: default]
2024-08-26T16:50:54.326+01:00  INFO 10572 --- [Tenant Rent Backend] [           main] org.hibernate.Version                    : HHH000412: Hibernate ORM core version 6.5.2.Final
2024-08-26T16:50:54.402+01:00  INFO 10572 --- [Tenant Rent Backend] [           main] o.h.c.internal.RegionFactoryInitiator    : HHH000026: Second-level cache disabled
2024-08-26T16:50:55.042+01:00  INFO 10572 --- [Tenant Rent Backend] [           main] o.s.o.j.p.SpringPersistenceUnitInfo      : No LoadTimeWeaver setup: ignoring JPA class transformer
2024-08-26T16:50:55.085+01:00  INFO 10572 --- [Tenant Rent Backend] [           main] com.zaxxer.hikari.HikariDataSource       : HikariPool-1 - Starting...
2024-08-26T16:50:55.143+01:00 DEBUG 10572 --- [Tenant Rent Backend] [           main] c.m.s.jdbc.internals.SQLServerDriver     : Property:serverName Value:127.0.0.1
2024-08-26T16:50:55.143+01:00 DEBUG 10572 --- [Tenant Rent Backend] [           main] c.m.s.jdbc.internals.SQLServerDriver     : Property:portNumber Value:1433
2024-08-26T16:50:55.144+01:00 DEBUG 10572 --- [Tenant Rent Backend] [           main] c.m.s.jdbc.internals.SQLServerDriver     : Property:databaseName Value:master
2024-08-26T16:50:55.144+01:00 DEBUG 10572 --- [Tenant Rent Backend] [           main] c.m.s.jdbc.internals.SQLServerDriver     : Property:trustServerCertificate Value:true
2024-08-26T16:50:55.144+01:00 DEBUG 10572 --- [Tenant Rent Backend] [           main] c.m.s.jdbc.internals.SQLServerDriver     : Property:integratedSecurity Value:false
2024-08-26T16:50:55.144+01:00 DEBUG 10572 --- [Tenant Rent Backend] [           main] c.m.s.jdbc.internals.SQLServerDriver     : Property:encrypt Value:false
2024-08-26T16:50:55.155+01:00 DEBUG 10572 --- [Tenant Rent Backend] [           main] com.microsoft.sqlserver.jdbc.Driver      : Microsoft JDBC Driver 12.2.0.0 for SQL Server
2024-08-26T16:50:55.156+01:00 DEBUG 10572 --- [Tenant Rent Backend] [           main] c.m.s.jdbc.internals.SQLServerDriver     : Property:serverName Value:127.0.0.1
2024-08-26T16:50:55.156+01:00 DEBUG 10572 --- [Tenant Rent Backend] [           main] c.m.s.jdbc.internals.SQLServerDriver     : Property:portNumber Value:1433
2024-08-26T16:50:55.156+01:00 DEBUG 10572 --- [Tenant Rent Backend] [           main] c.m.s.jdbc.internals.SQLServerDriver     : Property:databaseName Value:master
2024-08-26T16:50:55.156+01:00 DEBUG 10572 --- [Tenant Rent Backend] [           main] c.m.s.jdbc.internals.SQLServerDriver     : Property:trustServerCertificate Value:true
2024-08-26T16:50:55.156+01:00 DEBUG 10572 --- [Tenant Rent Backend] [           main] c.m.s.jdbc.internals.SQLServerDriver     : Property:integratedSecurity Value:false
2024-08-26T16:50:55.156+01:00 DEBUG 10572 --- [Tenant Rent Backend] [           main] c.m.s.jdbc.internals.SQLServerDriver     : Property:encrypt Value:false
2024-08-26T16:50:55.230+01:00 DEBUG 10572 --- [Tenant Rent Backend] [           main] c.m.s.j.internals.SQLServerConnection    : ConnectionID:1 created by (SQLServerDriver:1)
2024-08-26T16:50:55.244+01:00 DEBUG 10572 --- [Tenant Rent Backend] [           main] c.m.s.j.internals.SQLServerConnection    : ConnectionID:1 This attempt server name: 127.0.0.1 port: 1433 InstanceName: null useParallel: false
2024-08-26T16:50:55.244+01:00 DEBUG 10572 --- [Tenant Rent Backend] [           main] c.m.s.j.internals.SQLServerConnection    : ConnectionID:1 This attempt endtime: 1724687458980
2024-08-26T16:50:55.244+01:00 DEBUG 10572 --- [Tenant Rent Backend] [           main] c.m.s.j.internals.SQLServerConnection    : ConnectionID:1 This attempt No: 0
2024-08-26T16:50:55.244+01:00 DEBUG 10572 --- [Tenant Rent Backend] [           main] c.m.s.j.internals.SQLServerConnection    : ConnectionID:1 Connecting with server: 127.0.0.1 port: 1433 Timeout slice: 3736 Timeout Full: 30
2024-08-26T16:50:55.292+01:00 DEBUG 10572 --- [Tenant Rent Backend] [           main] c.m.s.j.internals.SQLServerConnection    : ConnectionID:1 ClientConnectionId: 1c81fdd8-33ad-457c-afaa-3b07d5371374 Server returned major version:16
2024-08-26T16:50:55.668+01:00 DEBUG 10572 --- [Tenant Rent Backend] [           main] c.m.s.jdbc.internals.SQLServerStatement  : SQLServerStatement:1 created by (ConnectionID:1 ClientConnectionId: 1c81fdd8-33ad-457c-afaa-3b07d5371374)
2024-08-26T16:50:55.668+01:00 DEBUG 10572 --- [Tenant Rent Backend] [           main] c.m.s.jdbc.internals.SQLServerStatement  : SQLServerStatement:1 Executing (not server cursor) SELECT 1
2024-08-26T16:50:55.736+01:00 DEBUG 10572 --- [Tenant Rent Backend] [           main] c.m.s.jdbc.internals.SQLServerResultSet  : SQLServerResultSet:1 created by (SQLServerStatement:1)
2024-08-26T16:50:55.736+01:00  INFO 10572 --- [Tenant Rent Backend] [           main] com.zaxxer.hikari.pool.HikariPool        : HikariPool-1 - Added connection ConnectionID:1 ClientConnectionId: 1c81fdd8-33ad-457c-afaa-3b07d5371374
2024-08-26T16:50:55.736+01:00  INFO 10572 --- [Tenant Rent Backend] [           main] com.zaxxer.hikari.HikariDataSource       : HikariPool-1 - Start completed.
2024-08-26T16:50:55.752+01:00 DEBUG 10572 --- [Tenant Rent Backend] [           main] c.m.s.j.i.SQLServerDatabaseMetaData      :  SQLServerDatabaseMetaData:1 created by (ConnectionID:1 ClientConnectionId: 1c81fdd8-33ad-457c-afaa-3b07d5371374)
2024-08-26T16:50:55.792+01:00  WARN 10572 --- [Tenant Rent Backend] [           main] org.hibernate.orm.deprecation            : HHH90000025: SQLServerDialect does not need to be specified explicitly using 'hibernate.dialect' (remove the property setting and it will be selected by default)
2024-08-26T16:50:55.812+01:00 DEBUG 10572 --- [Tenant Rent Backend] [           main] c.m.s.jdbc.internals.SQLServerStatement  : SQLServerStatement:2 created by (ConnectionID:1 ClientConnectionId: 1c81fdd8-33ad-457c-afaa-3b07d5371374)
2024-08-26T16:50:55.812+01:00 DEBUG 10572 --- [Tenant Rent Backend] [           main] c.m.s.jdbc.internals.SQLServerStatement  : SQLServerStatement:2 Executing (not server cursor) SELECT SCHEMA_NAME()
2024-08-26T16:50:55.825+01:00 DEBUG 10572 --- [Tenant Rent Backend] [           main] c.m.s.jdbc.internals.SQLServerResultSet  : SQLServerResultSet:2 created by (SQLServerStatement:2)
2024-08-26T16:50:55.825+01:00 DEBUG 10572 --- [Tenant Rent Backend] [           main] c.m.s.jdbc.internals.SQLServerStatement  : SQLServerStatement:3 created by (ConnectionID:1 ClientConnectionId: 1c81fdd8-33ad-457c-afaa-3b07d5371374)
2024-08-26T16:50:55.825+01:00 DEBUG 10572 --- [Tenant Rent Backend] [           main] c.m.s.jdbc.internals.SQLServerStatement  : SQLServerStatement:3 Executing (not server cursor) SELECT SCHEMA_NAME()
2024-08-26T16:50:55.825+01:00 DEBUG 10572 --- [Tenant Rent Backend] [           main] c.m.s.jdbc.internals.SQLServerResultSet  : SQLServerResultSet:3 created by (SQLServerStatement:3)
2024-08-26T16:50:55.843+01:00 DEBUG 10572 --- [Tenant Rent Backend] [onnection adder] com.microsoft.sqlserver.jdbc.Driver      : Microsoft JDBC Driver 12.2.0.0 for SQL Server
2024-08-26T16:50:55.843+01:00 DEBUG 10572 --- [Tenant Rent Backend] [onnection adder] c.m.s.jdbc.internals.SQLServerDriver     : Property:serverName Value:127.0.0.1
2024-08-26T16:50:55.843+01:00 DEBUG 10572 --- [Tenant Rent Backend] [onnection adder] c.m.s.jdbc.internals.SQLServerDriver     : Property:portNumber Value:1433
2024-08-26T16:50:55.843+01:00 DEBUG 10572 --- [Tenant Rent Backend] [onnection adder] c.m.s.jdbc.internals.SQLServerDriver     : Property:databaseName Value:master
2024-08-26T16:50:55.843+01:00 DEBUG 10572 --- [Tenant Rent Backend] [onnection adder] c.m.s.jdbc.internals.SQLServerDriver     : Property:trustServerCertificate Value:true
2024-08-26T16:50:55.843+01:00 DEBUG 10572 --- [Tenant Rent Backend] [onnection adder] c.m.s.jdbc.internals.SQLServerDriver     : Property:integratedSecurity Value:false
2024-08-26T16:50:55.843+01:00 DEBUG 10572 --- [Tenant Rent Backend] [onnection adder] c.m.s.jdbc.internals.SQLServerDriver     : Property:encrypt Value:false
2024-08-26T16:50:55.843+01:00 DEBUG 10572 --- [Tenant Rent Backend] [onnection adder] c.m.s.j.internals.SQLServerConnection    : ConnectionID:2 created by (SQLServerDriver:1)
2024-08-26T16:50:55.843+01:00 DEBUG 10572 --- [Tenant Rent Backend] [onnection adder] c.m.s.j.internals.SQLServerConnection    : ConnectionID:2 This attempt server name: 127.0.0.1 port: 1433 InstanceName: null useParallel: false
2024-08-26T16:50:55.843+01:00 DEBUG 10572 --- [Tenant Rent Backend] [onnection adder] c.m.s.j.internals.SQLServerConnection    : ConnectionID:2 This attempt endtime: 1724687459593
2024-08-26T16:50:55.843+01:00 DEBUG 10572 --- [Tenant Rent Backend] [onnection adder] c.m.s.j.internals.SQLServerConnection    : ConnectionID:2 This attempt No: 0
2024-08-26T16:50:55.843+01:00 DEBUG 10572 --- [Tenant Rent Backend] [onnection adder] c.m.s.j.internals.SQLServerConnection    : ConnectionID:2 Connecting with server: 127.0.0.1 port: 1433 Timeout slice: 3750 Timeout Full: 30
2024-08-26T16:50:55.843+01:00 DEBUG 10572 --- [Tenant Rent Backend] [onnection adder] c.m.s.j.internals.SQLServerConnection    : ConnectionID:2 ClientConnectionId: cde2ad33-d6f6-41b6-9b6b-d5af20460f8e Server returned major version:16
2024-08-26T16:50:55.843+01:00 DEBUG 10572 --- [Tenant Rent Backend] [           main] c.m.s.jdbc.internals.SQLServerClob       : SQLServerClob:1 created by (ConnectionID:1 ClientConnectionId: 1c81fdd8-33ad-457c-afaa-3b07d5371374)
2024-08-26T16:50:55.843+01:00 DEBUG 10572 --- [Tenant Rent Backend] [           main] c.m.s.jdbc.internals.SQLServerNClob      : SQLServerNClob:2 created by (ConnectionID:1 ClientConnectionId: 1c81fdd8-33ad-457c-afaa-3b07d5371374)
2024-08-26T16:50:56.027+01:00 DEBUG 10572 --- [Tenant Rent Backend] [onnection adder] com.microsoft.sqlserver.jdbc.Driver      : Microsoft JDBC Driver 12.2.0.0 for SQL Server
2024-08-26T16:50:56.028+01:00 DEBUG 10572 --- [Tenant Rent Backend] [onnection adder] c.m.s.jdbc.internals.SQLServerDriver     : Property:serverName Value:127.0.0.1
2024-08-26T16:50:56.044+01:00 DEBUG 10572 --- [Tenant Rent Backend] [onnection adder] c.m.s.jdbc.internals.SQLServerDriver     : Property:portNumber Value:1433
2024-08-26T16:50:56.044+01:00 DEBUG 10572 --- [Tenant Rent Backend] [onnection adder] c.m.s.jdbc.internals.SQLServerDriver     : Property:databaseName Value:master
2024-08-26T16:50:56.044+01:00 DEBUG 10572 --- [Tenant Rent Backend] [onnection adder] c.m.s.jdbc.internals.SQLServerDriver     : Property:trustServerCertificate Value:true
2024-08-26T16:50:56.044+01:00 DEBUG 10572 --- [Tenant Rent Backend] [onnection adder] c.m.s.jdbc.internals.SQLServerDriver     : Property:integratedSecurity Value:false
2024-08-26T16:50:56.044+01:00 DEBUG 10572 --- [Tenant Rent Backend] [onnection adder] c.m.s.jdbc.internals.SQLServerDriver     : Property:encrypt Value:false
2024-08-26T16:50:56.044+01:00 DEBUG 10572 --- [Tenant Rent Backend] [onnection adder] c.m.s.j.internals.SQLServerConnection    : ConnectionID:3 created by (SQLServerDriver:1)
2024-08-26T16:50:56.044+01:00 DEBUG 10572 --- [Tenant Rent Backend] [onnection adder] c.m.s.j.internals.SQLServerConnection    : ConnectionID:3 This attempt server name: 127.0.0.1 port: 1433 InstanceName: null useParallel: false
2024-08-26T16:50:56.044+01:00 DEBUG 10572 --- [Tenant Rent Backend] [onnection adder] c.m.s.j.internals.SQLServerConnection    : ConnectionID:3 This attempt endtime: 1724687459794
2024-08-26T16:50:56.044+01:00 DEBUG 10572 --- [Tenant Rent Backend] [onnection adder] c.m.s.j.internals.SQLServerConnection    : ConnectionID:3 This attempt No: 0
2024-08-26T16:50:56.044+01:00 DEBUG 10572 --- [Tenant Rent Backend] [onnection adder] c.m.s.j.internals.SQLServerConnection    : ConnectionID:3 Connecting with server: 127.0.0.1 port: 1433 Timeout slice: 3750 Timeout Full: 30
2024-08-26T16:50:56.091+01:00 DEBUG 10572 --- [Tenant Rent Backend] [onnection adder] c.m.s.j.internals.SQLServerConnection    : ConnectionID:3 ClientConnectionId: 1fad22f4-1c08-4755-9b3d-6d39de33dc1c Server returned major version:16
2024-08-26T16:50:56.262+01:00 DEBUG 10572 --- [Tenant Rent Backend] [onnection adder] com.microsoft.sqlserver.jdbc.Driver      : Microsoft JDBC Driver 12.2.0.0 for SQL Server
2024-08-26T16:50:56.262+01:00 DEBUG 10572 --- [Tenant Rent Backend] [onnection adder] c.m.s.jdbc.internals.SQLServerDriver     : Property:serverName Value:127.0.0.1
2024-08-26T16:50:56.262+01:00 DEBUG 10572 --- [Tenant Rent Backend] [onnection adder] c.m.s.jdbc.internals.SQLServerDriver     : Property:portNumber Value:1433
2024-08-26T16:50:56.262+01:00 DEBUG 10572 --- [Tenant Rent Backend] [onnection adder] c.m.s.jdbc.internals.SQLServerDriver     : Property:databaseName Value:master
2024-08-26T16:50:56.262+01:00 DEBUG 10572 --- [Tenant Rent Backend] [onnection adder] c.m.s.jdbc.internals.SQLServerDriver     : Property:trustServerCertificate Value:true
2024-08-26T16:50:56.262+01:00 DEBUG 10572 --- [Tenant Rent Backend] [onnection adder] c.m.s.jdbc.internals.SQLServerDriver     : Property:integratedSecurity Value:false
2024-08-26T16:50:56.262+01:00 DEBUG 10572 --- [Tenant Rent Backend] [onnection adder] c.m.s.jdbc.internals.SQLServerDriver     : Property:encrypt Value:false
2024-08-26T16:50:56.263+01:00 DEBUG 10572 --- [Tenant Rent Backend] [onnection adder] c.m.s.j.internals.SQLServerConnection    : ConnectionID:4 created by (SQLServerDriver:1)
2024-08-26T16:50:56.263+01:00 DEBUG 10572 --- [Tenant Rent Backend] [onnection adder] c.m.s.j.internals.SQLServerConnection    : ConnectionID:4 This attempt server name: 127.0.0.1 port: 1433 InstanceName: null useParallel: false
2024-08-26T16:50:56.263+01:00 DEBUG 10572 --- [Tenant Rent Backend] [onnection adder] c.m.s.j.internals.SQLServerConnection    : ConnectionID:4 This attempt endtime: 1724687460013
2024-08-26T16:50:56.263+01:00 DEBUG 10572 --- [Tenant Rent Backend] [onnection adder] c.m.s.j.internals.SQLServerConnection    : ConnectionID:4 This attempt No: 0
2024-08-26T16:50:56.263+01:00 DEBUG 10572 --- [Tenant Rent Backend] [onnection adder] c.m.s.j.internals.SQLServerConnection    : ConnectionID:4 Connecting with server: 127.0.0.1 port: 1433 Timeout slice: 3750 Timeout Full: 30
2024-08-26T16:50:56.264+01:00 DEBUG 10572 --- [Tenant Rent Backend] [onnection adder] c.m.s.j.internals.SQLServerConnection    : ConnectionID:4 ClientConnectionId: e27ef5dd-c1a9-42db-92dd-2a6909d460e7 Server returned major version:16
2024-08-26T16:50:56.346+01:00 DEBUG 10572 --- [Tenant Rent Backend] [onnection adder] com.microsoft.sqlserver.jdbc.Driver      : Microsoft JDBC Driver 12.2.0.0 for SQL Server
2024-08-26T16:50:56.346+01:00 DEBUG 10572 --- [Tenant Rent Backend] [onnection adder] c.m.s.jdbc.internals.SQLServerDriver     : Property:serverName Value:127.0.0.1
2024-08-26T16:50:56.346+01:00 DEBUG 10572 --- [Tenant Rent Backend] [onnection adder] c.m.s.jdbc.internals.SQLServerDriver     : Property:portNumber Value:1433
2024-08-26T16:50:56.347+01:00 DEBUG 10572 --- [Tenant Rent Backend] [onnection adder] c.m.s.jdbc.internals.SQLServerDriver     : Property:databaseName Value:master
2024-08-26T16:50:56.347+01:00 DEBUG 10572 --- [Tenant Rent Backend] [onnection adder] c.m.s.jdbc.internals.SQLServerDriver     : Property:trustServerCertificate Value:true
2024-08-26T16:50:56.347+01:00 DEBUG 10572 --- [Tenant Rent Backend] [onnection adder] c.m.s.jdbc.internals.SQLServerDriver     : Property:integratedSecurity Value:false
2024-08-26T16:50:56.347+01:00 DEBUG 10572 --- [Tenant Rent Backend] [onnection adder] c.m.s.jdbc.internals.SQLServerDriver     : Property:encrypt Value:false
2024-08-26T16:50:56.347+01:00 DEBUG 10572 --- [Tenant Rent Backend] [onnection adder] c.m.s.j.internals.SQLServerConnection    : ConnectionID:5 created by (SQLServerDriver:1)
2024-08-26T16:50:56.347+01:00 DEBUG 10572 --- [Tenant Rent Backend] [onnection adder] c.m.s.j.internals.SQLServerConnection    : ConnectionID:5 This attempt server name: 127.0.0.1 port: 1433 InstanceName: null useParallel: false
2024-08-26T16:50:56.347+01:00 DEBUG 10572 --- [Tenant Rent Backend] [onnection adder] c.m.s.j.internals.SQLServerConnection    : ConnectionID:5 This attempt endtime: 1724687460097
2024-08-26T16:50:56.347+01:00 DEBUG 10572 --- [Tenant Rent Backend] [onnection adder] c.m.s.j.internals.SQLServerConnection    : ConnectionID:5 This attempt No: 0
2024-08-26T16:50:56.347+01:00 DEBUG 10572 --- [Tenant Rent Backend] [onnection adder] c.m.s.j.internals.SQLServerConnection    : ConnectionID:5 Connecting with server: 127.0.0.1 port: 1433 Timeout slice: 3750 Timeout Full: 30
2024-08-26T16:50:56.402+01:00 DEBUG 10572 --- [Tenant Rent Backend] [onnection adder] c.m.s.j.internals.SQLServerConnection    : ConnectionID:5 ClientConnectionId: 76119866-9b35-4e3c-abfe-ab3a3e4fa33e Server returned major version:16
2024-08-26T16:50:56.547+01:00 DEBUG 10572 --- [Tenant Rent Backend] [onnection adder] com.microsoft.sqlserver.jdbc.Driver      : Microsoft JDBC Driver 12.2.0.0 for SQL Server
2024-08-26T16:50:56.547+01:00 DEBUG 10572 --- [Tenant Rent Backend] [onnection adder] c.m.s.jdbc.internals.SQLServerDriver     : Property:serverName Value:127.0.0.1
2024-08-26T16:50:56.547+01:00 DEBUG 10572 --- [Tenant Rent Backend] [onnection adder] c.m.s.jdbc.internals.SQLServerDriver     : Property:portNumber Value:1433
2024-08-26T16:50:56.548+01:00 DEBUG 10572 --- [Tenant Rent Backend] [onnection adder] c.m.s.jdbc.internals.SQLServerDriver     : Property:databaseName Value:master
2024-08-26T16:50:56.548+01:00 DEBUG 10572 --- [Tenant Rent Backend] [onnection adder] c.m.s.jdbc.internals.SQLServerDriver     : Property:trustServerCertificate Value:true
2024-08-26T16:50:56.548+01:00 DEBUG 10572 --- [Tenant Rent Backend] [onnection adder] c.m.s.jdbc.internals.SQLServerDriver     : Property:integratedSecurity Value:false
2024-08-26T16:50:56.548+01:00 DEBUG 10572 --- [Tenant Rent Backend] [onnection adder] c.m.s.jdbc.internals.SQLServerDriver     : Property:encrypt Value:false
2024-08-26T16:50:56.548+01:00 DEBUG 10572 --- [Tenant Rent Backend] [onnection adder] c.m.s.j.internals.SQLServerConnection    : ConnectionID:6 created by (SQLServerDriver:1)
2024-08-26T16:50:56.548+01:00 DEBUG 10572 --- [Tenant Rent Backend] [onnection adder] c.m.s.j.internals.SQLServerConnection    : ConnectionID:6 This attempt server name: 127.0.0.1 port: 1433 InstanceName: null useParallel: false
2024-08-26T16:50:56.548+01:00 DEBUG 10572 --- [Tenant Rent Backend] [onnection adder] c.m.s.j.internals.SQLServerConnection    : ConnectionID:6 This attempt endtime: 1724687460298
2024-08-26T16:50:56.548+01:00 DEBUG 10572 --- [Tenant Rent Backend] [onnection adder] c.m.s.j.internals.SQLServerConnection    : ConnectionID:6 This attempt No: 0
2024-08-26T16:50:56.548+01:00 DEBUG 10572 --- [Tenant Rent Backend] [onnection adder] c.m.s.j.internals.SQLServerConnection    : ConnectionID:6 Connecting with server: 127.0.0.1 port: 1433 Timeout slice: 3750 Timeout Full: 30
2024-08-26T16:50:56.575+01:00 DEBUG 10572 --- [Tenant Rent Backend] [onnection adder] c.m.s.j.internals.SQLServerConnection    : ConnectionID:6 ClientConnectionId: 7355ecd4-e3b1-462b-a894-c366f8663505 Server returned major version:16
2024-08-26T16:50:56.674+01:00 DEBUG 10572 --- [Tenant Rent Backend] [onnection adder] com.microsoft.sqlserver.jdbc.Driver      : Microsoft JDBC Driver 12.2.0.0 for SQL Server
2024-08-26T16:50:56.674+01:00 DEBUG 10572 --- [Tenant Rent Backend] [onnection adder] c.m.s.jdbc.internals.SQLServerDriver     : Property:serverName Value:127.0.0.1
2024-08-26T16:50:56.674+01:00 DEBUG 10572 --- [Tenant Rent Backend] [onnection adder] c.m.s.jdbc.internals.SQLServerDriver     : Property:portNumber Value:1433
2024-08-26T16:50:56.674+01:00 DEBUG 10572 --- [Tenant Rent Backend] [onnection adder] c.m.s.jdbc.internals.SQLServerDriver     : Property:databaseName Value:master
2024-08-26T16:50:56.674+01:00 DEBUG 10572 --- [Tenant Rent Backend] [onnection adder] c.m.s.jdbc.internals.SQLServerDriver     : Property:trustServerCertificate Value:true
2024-08-26T16:50:56.674+01:00 DEBUG 10572 --- [Tenant Rent Backend] [onnection adder] c.m.s.jdbc.internals.SQLServerDriver     : Property:integratedSecurity Value:false
2024-08-26T16:50:56.674+01:00 DEBUG 10572 --- [Tenant Rent Backend] [onnection adder] c.m.s.jdbc.internals.SQLServerDriver     : Property:encrypt Value:false
2024-08-26T16:50:56.675+01:00 DEBUG 10572 --- [Tenant Rent Backend] [onnection adder] c.m.s.j.internals.SQLServerConnection    : ConnectionID:7 created by (SQLServerDriver:1)
2024-08-26T16:50:56.675+01:00 DEBUG 10572 --- [Tenant Rent Backend] [onnection adder] c.m.s.j.internals.SQLServerConnection    : ConnectionID:7 This attempt server name: 127.0.0.1 port: 1433 InstanceName: null useParallel: false
2024-08-26T16:50:56.675+01:00 DEBUG 10572 --- [Tenant Rent Backend] [onnection adder] c.m.s.j.internals.SQLServerConnection    : ConnectionID:7 This attempt endtime: 1724687460425
2024-08-26T16:50:56.675+01:00 DEBUG 10572 --- [Tenant Rent Backend] [onnection adder] c.m.s.j.internals.SQLServerConnection    : ConnectionID:7 This attempt No: 0
2024-08-26T16:50:56.675+01:00 DEBUG 10572 --- [Tenant Rent Backend] [onnection adder] c.m.s.j.internals.SQLServerConnection    : ConnectionID:7 Connecting with server: 127.0.0.1 port: 1433 Timeout slice: 3750 Timeout Full: 30
2024-08-26T16:50:56.676+01:00 DEBUG 10572 --- [Tenant Rent Backend] [onnection adder] c.m.s.j.internals.SQLServerConnection    : ConnectionID:7 ClientConnectionId: 3921ea4b-08a4-43b3-8b4e-f72bd000fbe5 Server returned major version:16
2024-08-26T16:50:56.747+01:00 DEBUG 10572 --- [Tenant Rent Backend] [onnection adder] com.microsoft.sqlserver.jdbc.Driver      : Microsoft JDBC Driver 12.2.0.0 for SQL Server
2024-08-26T16:50:56.747+01:00 DEBUG 10572 --- [Tenant Rent Backend] [onnection adder] c.m.s.jdbc.internals.SQLServerDriver     : Property:serverName Value:127.0.0.1
2024-08-26T16:50:56.747+01:00 DEBUG 10572 --- [Tenant Rent Backend] [onnection adder] c.m.s.jdbc.internals.SQLServerDriver     : Property:portNumber Value:1433
2024-08-26T16:50:56.747+01:00 DEBUG 10572 --- [Tenant Rent Backend] [onnection adder] c.m.s.jdbc.internals.SQLServerDriver     : Property:databaseName Value:master
2024-08-26T16:50:56.747+01:00 DEBUG 10572 --- [Tenant Rent Backend] [onnection adder] c.m.s.jdbc.internals.SQLServerDriver     : Property:trustServerCertificate Value:true
2024-08-26T16:50:56.747+01:00 DEBUG 10572 --- [Tenant Rent Backend] [onnection adder] c.m.s.jdbc.internals.SQLServerDriver     : Property:integratedSecurity Value:false
2024-08-26T16:50:56.747+01:00 DEBUG 10572 --- [Tenant Rent Backend] [onnection adder] c.m.s.jdbc.internals.SQLServerDriver     : Property:encrypt Value:false
2024-08-26T16:50:56.748+01:00 DEBUG 10572 --- [Tenant Rent Backend] [onnection adder] c.m.s.j.internals.SQLServerConnection    : ConnectionID:8 created by (SQLServerDriver:1)
2024-08-26T16:50:56.748+01:00 DEBUG 10572 --- [Tenant Rent Backend] [onnection adder] c.m.s.j.internals.SQLServerConnection    : ConnectionID:8 This attempt server name: 127.0.0.1 port: 1433 InstanceName: null useParallel: false
2024-08-26T16:50:56.748+01:00 DEBUG 10572 --- [Tenant Rent Backend] [onnection adder] c.m.s.j.internals.SQLServerConnection    : ConnectionID:8 This attempt endtime: 1724687460498
2024-08-26T16:50:56.748+01:00 DEBUG 10572 --- [Tenant Rent Backend] [onnection adder] c.m.s.j.internals.SQLServerConnection    : ConnectionID:8 This attempt No: 0
2024-08-26T16:50:56.748+01:00 DEBUG 10572 --- [Tenant Rent Backend] [onnection adder] c.m.s.j.internals.SQLServerConnection    : ConnectionID:8 Connecting with server: 127.0.0.1 port: 1433 Timeout slice: 3750 Timeout Full: 30
2024-08-26T16:50:56.751+01:00 DEBUG 10572 --- [Tenant Rent Backend] [onnection adder] c.m.s.j.internals.SQLServerConnection    : ConnectionID:8 ClientConnectionId: eba04731-f7f5-47b6-a9fb-71f53b3bcc06 Server returned major version:16
2024-08-26T16:50:56.859+01:00 DEBUG 10572 --- [Tenant Rent Backend] [onnection adder] com.microsoft.sqlserver.jdbc.Driver      : Microsoft JDBC Driver 12.2.0.0 for SQL Server
2024-08-26T16:50:56.859+01:00 DEBUG 10572 --- [Tenant Rent Backend] [onnection adder] c.m.s.jdbc.internals.SQLServerDriver     : Property:serverName Value:127.0.0.1
2024-08-26T16:50:56.859+01:00 DEBUG 10572 --- [Tenant Rent Backend] [onnection adder] c.m.s.jdbc.internals.SQLServerDriver     : Property:portNumber Value:1433
2024-08-26T16:50:56.859+01:00 DEBUG 10572 --- [Tenant Rent Backend] [onnection adder] c.m.s.jdbc.internals.SQLServerDriver     : Property:databaseName Value:master
2024-08-26T16:50:56.859+01:00 DEBUG 10572 --- [Tenant Rent Backend] [onnection adder] c.m.s.jdbc.internals.SQLServerDriver     : Property:trustServerCertificate Value:true
2024-08-26T16:50:56.859+01:00 DEBUG 10572 --- [Tenant Rent Backend] [onnection adder] c.m.s.jdbc.internals.SQLServerDriver     : Property:integratedSecurity Value:false
2024-08-26T16:50:56.860+01:00 DEBUG 10572 --- [Tenant Rent Backend] [onnection adder] c.m.s.jdbc.internals.SQLServerDriver     : Property:encrypt Value:false
2024-08-26T16:50:56.860+01:00 DEBUG 10572 --- [Tenant Rent Backend] [onnection adder] c.m.s.j.internals.SQLServerConnection    : ConnectionID:9 created by (SQLServerDriver:1)
2024-08-26T16:50:56.860+01:00 DEBUG 10572 --- [Tenant Rent Backend] [onnection adder] c.m.s.j.internals.SQLServerConnection    : ConnectionID:9 This attempt server name: 127.0.0.1 port: 1433 InstanceName: null useParallel: false
2024-08-26T16:50:56.860+01:00 DEBUG 10572 --- [Tenant Rent Backend] [onnection adder] c.m.s.j.internals.SQLServerConnection    : ConnectionID:9 This attempt endtime: 1724687460610
2024-08-26T16:50:56.860+01:00 DEBUG 10572 --- [Tenant Rent Backend] [onnection adder] c.m.s.j.internals.SQLServerConnection    : ConnectionID:9 This attempt No: 0
2024-08-26T16:50:56.860+01:00 DEBUG 10572 --- [Tenant Rent Backend] [onnection adder] c.m.s.j.internals.SQLServerConnection    : ConnectionID:9 Connecting with server: 127.0.0.1 port: 1433 Timeout slice: 3750 Timeout Full: 30
2024-08-26T16:50:56.953+01:00 DEBUG 10572 --- [Tenant Rent Backend] [onnection adder] c.m.s.j.internals.SQLServerConnection    : ConnectionID:9 ClientConnectionId: 95dd75c8-e123-4866-af7c-87a5179ceee6 Server returned major version:16
2024-08-26T16:50:57.214+01:00 DEBUG 10572 --- [Tenant Rent Backend] [onnection adder] com.microsoft.sqlserver.jdbc.Driver      : Microsoft JDBC Driver 12.2.0.0 for SQL Server
2024-08-26T16:50:57.214+01:00 DEBUG 10572 --- [Tenant Rent Backend] [onnection adder] c.m.s.jdbc.internals.SQLServerDriver     : Property:serverName Value:127.0.0.1
2024-08-26T16:50:57.214+01:00 DEBUG 10572 --- [Tenant Rent Backend] [onnection adder] c.m.s.jdbc.internals.SQLServerDriver     : Property:portNumber Value:1433
2024-08-26T16:50:57.216+01:00 DEBUG 10572 --- [Tenant Rent Backend] [onnection adder] c.m.s.jdbc.internals.SQLServerDriver     : Property:databaseName Value:master
2024-08-26T16:50:57.216+01:00 DEBUG 10572 --- [Tenant Rent Backend] [onnection adder] c.m.s.jdbc.internals.SQLServerDriver     : Property:trustServerCertificate Value:true
2024-08-26T16:50:57.216+01:00 DEBUG 10572 --- [Tenant Rent Backend] [onnection adder] c.m.s.jdbc.internals.SQLServerDriver     : Property:integratedSecurity Value:false
2024-08-26T16:50:57.216+01:00 DEBUG 10572 --- [Tenant Rent Backend] [onnection adder] c.m.s.jdbc.internals.SQLServerDriver     : Property:encrypt Value:false
2024-08-26T16:50:57.217+01:00 DEBUG 10572 --- [Tenant Rent Backend] [onnection adder] c.m.s.j.internals.SQLServerConnection    : ConnectionID:10 created by (SQLServerDriver:1)
2024-08-26T16:50:57.217+01:00 DEBUG 10572 --- [Tenant Rent Backend] [onnection adder] c.m.s.j.internals.SQLServerConnection    : ConnectionID:10 This attempt server name: 127.0.0.1 port: 1433 InstanceName: null useParallel: false
2024-08-26T16:50:57.217+01:00 DEBUG 10572 --- [Tenant Rent Backend] [onnection adder] c.m.s.j.internals.SQLServerConnection    : ConnectionID:10 This attempt endtime: 1724687460967
2024-08-26T16:50:57.217+01:00 DEBUG 10572 --- [Tenant Rent Backend] [onnection adder] c.m.s.j.internals.SQLServerConnection    : ConnectionID:10 This attempt No: 0
2024-08-26T16:50:57.218+01:00 DEBUG 10572 --- [Tenant Rent Backend] [onnection adder] c.m.s.j.internals.SQLServerConnection    : ConnectionID:10 Connecting with server: 127.0.0.1 port: 1433 Timeout slice: 3749 Timeout Full: 30
2024-08-26T16:50:57.221+01:00 DEBUG 10572 --- [Tenant Rent Backend] [onnection adder] c.m.s.j.internals.SQLServerConnection    : ConnectionID:10 ClientConnectionId: 8b11d923-e55b-465d-94a0-6aab0b5ba6eb Server returned major version:16
2024-08-26T16:50:57.783+01:00  INFO 10572 --- [Tenant Rent Backend] [           main] o.h.e.t.j.p.i.JtaPlatformInitiator       : HHH000489: No JTA platform available (set 'hibernate.transaction.jta.platform' to enable JTA platform integration)
2024-08-26T16:50:57.814+01:00 DEBUG 10572 --- [Tenant Rent Backend] [           main] c.m.s.jdbc.internals.SQLServerStatement  : SQLServerStatement:4 created by (ConnectionID:1 ClientConnectionId: 1c81fdd8-33ad-457c-afaa-3b07d5371374)
2024-08-26T16:50:57.814+01:00 DEBUG 10572 --- [Tenant Rent Backend] [           main] c.m.s.jdbc.internals.SQLServerStatement  : SQLServerStatement:4 Executing (not server cursor) SELECT 1
2024-08-26T16:50:57.814+01:00 DEBUG 10572 --- [Tenant Rent Backend] [           main] c.m.s.jdbc.internals.SQLServerResultSet  : SQLServerResultSet:4 created by (SQLServerStatement:4)
2024-08-26T16:50:57.814+01:00 DEBUG 10572 --- [Tenant Rent Backend] [           main] c.m.s.jdbc.internals.SQLServerStatement  : SQLServerPreparedStatement:5 created by (ConnectionID:1 ClientConnectionId: 1c81fdd8-33ad-457c-afaa-3b07d5371374)
2024-08-26T16:50:57.834+01:00 DEBUG 10572 --- [Tenant Rent Backend] [           main] c.m.s.jdbc.internals.SQLServerStatement  : SQLServerPreparedStatement:5: calling sp_executesql: SQL:select * from INFORMATION_SCHEMA.SEQUENCES
2024-08-26T16:50:57.889+01:00 DEBUG 10572 --- [Tenant Rent Backend] [           main] c.m.s.jdbc.internals.SQLServerResultSet  : SQLServerResultSet:5 created by (SQLServerPreparedStatement:5)
2024-08-26T16:50:57.905+01:00 DEBUG 10572 --- [Tenant Rent Backend] [           main] c.m.s.jdbc.internals.SQLServerStatement  : SQLServerCallableStatement:6 created by (ConnectionID:1 ClientConnectionId: 1c81fdd8-33ad-457c-afaa-3b07d5371374)
2024-08-26T16:50:57.905+01:00 DEBUG 10572 --- [Tenant Rent Backend] [           main] c.m.s.jdbc.internals.SQLServerStatement  : SQLServerCallableStatement:6: calling sp_executesql: SQL:EXEC sp_tables @P0, @P1, @P2, @P3
2024-08-26T16:50:58.045+01:00 DEBUG 10572 --- [Tenant Rent Backend] [           main] c.m.s.jdbc.internals.SQLServerResultSet  : SQLServerResultSet:6 created by (SQLServerCallableStatement:6)
2024-08-26T16:50:58.047+01:00 DEBUG 10572 --- [Tenant Rent Backend] [           main] c.m.s.jdbc.internals.SQLServerStatement  : SQLServerStatement:7 created by (ConnectionID:1 ClientConnectionId: 1c81fdd8-33ad-457c-afaa-3b07d5371374)
2024-08-26T16:50:58.047+01:00 DEBUG 10572 --- [Tenant Rent Backend] [           main] c.m.s.jdbc.internals.SQLServerStatement  : SQLServerStatement:7 Executing (not server cursor) SELECT CAST(SERVERPROPERTY('EngineEdition') as INT)
2024-08-26T16:50:58.049+01:00 DEBUG 10572 --- [Tenant Rent Backend] [           main] c.m.s.jdbc.internals.SQLServerResultSet  : SQLServerResultSet:7 created by (SQLServerStatement:7)
2024-08-26T16:50:58.049+01:00 DEBUG 10572 --- [Tenant Rent Backend] [           main] c.m.s.jdbc.internals.SQLServerStatement  : SQLServerPreparedStatement:8 created by (ConnectionID:1 ClientConnectionId: 1c81fdd8-33ad-457c-afaa-3b07d5371374)
2024-08-26T16:50:58.049+01:00 DEBUG 10572 --- [Tenant Rent Backend] [           main] c.m.s.jdbc.internals.SQLServerStatement  : SQLServerPreparedStatement:8: calling sp_executesql: SQL:DECLARE @mssqljdbc_temp_sp_columns_result TABLE(TABLE_QUALIFIER SYSNAME, TABLE_OWNER SYSNAME,TABLE_NAME SYSNAME, COLUMN_NAME SYSNAME, DATA_TYPE SMALLINT, TYPE_NAME SYSNAME, PRECISION INT,LENGTH INT, SCALE SMALLINT, RADIX SMALLINT, NULLABLE SMALLINT, REMARKS VARCHAR(254), COLUMN_DEF NVARCHAR(4000),SQL_DATA_TYPE SMALLINT, SQL_DATETIME_SUB SMALLINT, CHAR_OCTET_LENGTH INT, ORDINAL_POSITION INT,IS_NULLABLE VARCHAR(254), SS_IS_SPARSE SMALLINT, SS_IS_COLUMN_SET SMALLINT, SS_IS_COMPUTED SMALLINT,SS_IS_IDENTITY SMALLINT, SS_UDT_CATALOG_NAME NVARCHAR(128), SS_UDT_SCHEMA_NAME NVARCHAR(128),SS_UDT_ASSEMBLY_TYPE_NAME NVARCHAR(max), SS_XML_SCHEMACOLLECTION_CATALOG_NAME NVARCHAR(128),SS_XML_SCHEMACOLLECTION_SCHEMA_NAME NVARCHAR(128), SS_XML_SCHEMACOLLECTION_NAME NVARCHAR(128),SS_DATA_TYPE TINYINT);INSERT INTO @mssqljdbc_temp_sp_columns_result EXEC sp_columns_100 @P0,@P1,@P2,@P3,@P4,@P5;SELECT TABLE_QUALIFIER AS TABLE_CAT, TABLE_OWNER AS TABLE_SCHEM, TABLE_NAME, COLUMN_NAME, DATA_TYPE,TYPE_NAME, PRECISION AS COLUMN_SIZE, LENGTH AS BUFFER_LENGTH, SCALE AS DECIMAL_DIGITS, RADIX AS NUM_PREC_RADIX,NULLABLE, REMARKS, COLUMN_DEF, SQL_DATA_TYPE, SQL_DATETIME_SUB, CHAR_OCTET_LENGTH, ORDINAL_POSITION, IS_NULLABLE,NULL AS SCOPE_CATALOG, NULL AS SCOPE_SCHEMA, NULL AS SCOPE_TABLE, SS_DATA_TYPE AS SOURCE_DATA_TYPE,CASE SS_IS_IDENTITY WHEN 0 THEN 'NO' WHEN 1 THEN 'YES' WHEN '' THEN '' END AS IS_AUTOINCREMENT,CASE SS_IS_COMPUTED WHEN 0 THEN 'NO' WHEN 1 THEN 'YES' WHEN '' THEN '' END AS IS_GENERATEDCOLUMN, SS_IS_SPARSE, SS_IS_COLUMN_SET, SS_UDT_CATALOG_NAME, SS_UDT_SCHEMA_NAME, SS_UDT_ASSEMBLY_TYPE_NAME,SS_XML_SCHEMACOLLECTION_CATALOG_NAME, SS_XML_SCHEMACOLLECTION_SCHEMA_NAME, SS_XML_SCHEMACOLLECTION_NAME FROM @mssqljdbc_temp_sp_columns_result ORDER BY TABLE_CAT, TABLE_SCHEM, TABLE_NAME, ORDINAL_POSITION;
2024-08-26T16:50:58.307+01:00 DEBUG 10572 --- [Tenant Rent Backend] [           main] c.m.s.jdbc.internals.SQLServerResultSet  : SQLServerResultSet:8 created by (SQLServerPreparedStatement:8)
Hibernate: 
    create table rentpayments (
        paymentid int identity not null,
        amount int not null,
        paymentdate datetime2(6) not null,
        paymentmethod varchar(50) not null,
        tenantid int not null,
        primary key (paymentid)
    )
2024-08-26T16:50:58.307+01:00 DEBUG 10572 --- [Tenant Rent Backend] [           main] c.m.s.jdbc.internals.SQLServerStatement  : SQLServerStatement:9 created by (ConnectionID:1 ClientConnectionId: 1c81fdd8-33ad-457c-afaa-3b07d5371374)
2024-08-26T16:50:58.307+01:00 DEBUG 10572 --- [Tenant Rent Backend] [           main] c.m.s.jdbc.internals.SQLServerStatement  : SQLServerStatement:9 Executing (not server cursor) 
    create table rentpayments (
        paymentid int identity not null,
        amount int not null,
        paymentdate datetime2(6) not null,
        paymentmethod varchar(50) not null,
        tenantid int not null,
        primary key (paymentid)
    )
2024-08-26T16:50:58.323+01:00 DEBUG 10572 --- [Tenant Rent Backend] [           main] c.m.s.jdbc.internals.SQLServerException  : *** SQLException: com.microsoft.sqlserver.jdbc.SQLServerException: There is already an object named 'rentpayments' in the database. Msg 2714, Level 16, State 6, There is already an object named 'rentpayments' in the database.
2024-08-26T16:50:58.323+01:00  WARN 10572 --- [Tenant Rent Backend] [           main] o.h.t.s.i.ExceptionHandlerLoggedImpl     : GenerationTarget encountered exception accepting command : Error executing DDL "
    create table rentpayments (
        paymentid int identity not null,
        amount int not null,
        paymentdate datetime2(6) not null,
        paymentmethod varchar(50) not null,
        tenantid int not null,
        primary key (paymentid)
    )" via JDBC [There is already an object named 'rentpayments' in the database.]

org.hibernate.tool.schema.spi.CommandAcceptanceException: Error executing DDL "
    create table rentpayments (
        paymentid int identity not null,
        amount int not null,
        paymentdate datetime2(6) not null,
        paymentmethod varchar(50) not null,
        tenantid int not null,
        primary key (paymentid)
    )" via JDBC [There is already an object named 'rentpayments' in the database.]
	at org.hibernate.tool.schema.internal.exec.GenerationTargetToDatabase.accept(GenerationTargetToDatabase.java:94) ~[hibernate-core-6.5.2.Final.jar:6.5.2.Final]
	at org.hibernate.tool.schema.internal.AbstractSchemaMigrator.applySqlString(AbstractSchemaMigrator.java:575) ~[hibernate-core-6.5.2.Final.jar:6.5.2.Final]
	at org.hibernate.tool.schema.internal.AbstractSchemaMigrator.applySqlStrings(AbstractSchemaMigrator.java:515) ~[hibernate-core-6.5.2.Final.jar:6.5.2.Final]
	at org.hibernate.tool.schema.internal.AbstractSchemaMigrator.createTable(AbstractSchemaMigrator.java:315) ~[hibernate-core-6.5.2.Final.jar:6.5.2.Final]
	at org.hibernate.tool.schema.internal.GroupedSchemaMigratorImpl.performTablesMigration(GroupedSchemaMigratorImpl.java:80) ~[hibernate-core-6.5.2.Final.jar:6.5.2.Final]
	at org.hibernate.tool.schema.internal.AbstractSchemaMigrator.performMigration(AbstractSchemaMigrator.java:232) ~[hibernate-core-6.5.2.Final.jar:6.5.2.Final]
	at org.hibernate.tool.schema.internal.AbstractSchemaMigrator.doMigration(AbstractSchemaMigrator.java:117) ~[hibernate-core-6.5.2.Final.jar:6.5.2.Final]
	at org.hibernate.tool.schema.spi.SchemaManagementToolCoordinator.performDatabaseAction(SchemaManagementToolCoordinator.java:280) ~[hibernate-core-6.5.2.Final.jar:6.5.2.Final]
	at org.hibernate.tool.schema.spi.SchemaManagementToolCoordinator.lambda$process$5(SchemaManagementToolCoordinator.java:144) ~[hibernate-core-6.5.2.Final.jar:6.5.2.Final]
	at java.base/java.util.HashMap.forEach(HashMap.java:1429) ~[na:na]
	at org.hibernate.tool.schema.spi.SchemaManagementToolCoordinator.process(SchemaManagementToolCoordinator.java:141) ~[hibernate-core-6.5.2.Final.jar:6.5.2.Final]
	at org.hibernate.boot.internal.SessionFactoryObserverForSchemaExport.sessionFactoryCreated(SessionFactoryObserverForSchemaExport.java:37) ~[hibernate-core-6.5.2.Final.jar:6.5.2.Final]
	at org.hibernate.internal.SessionFactoryObserverChain.sessionFactoryCreated(SessionFactoryObserverChain.java:35) ~[hibernate-core-6.5.2.Final.jar:6.5.2.Final]
	at org.hibernate.internal.SessionFactoryImpl.<init>(SessionFactoryImpl.java:322) ~[hibernate-core-6.5.2.Final.jar:6.5.2.Final]
	at org.hibernate.boot.internal.SessionFactoryBuilderImpl.build(SessionFactoryBuilderImpl.java:457) ~[hibernate-core-6.5.2.Final.jar:6.5.2.Final]
	at org.hibernate.jpa.boot.internal.EntityManagerFactoryBuilderImpl.build(EntityManagerFactoryBuilderImpl.java:1506) ~[hibernate-core-6.5.2.Final.jar:6.5.2.Final]
	at org.springframework.orm.jpa.vendor.SpringHibernateJpaPersistenceProvider.createContainerEntityManagerFactory(SpringHibernateJpaPersistenceProvider.java:75) ~[spring-orm-6.1.11.jar:6.1.11]
	at org.springframework.orm.jpa.LocalContainerEntityManagerFactoryBean.createNativeEntityManagerFactory(LocalContainerEntityManagerFactoryBean.java:390) ~[spring-orm-6.1.11.jar:6.1.11]
	at org.springframework.orm.jpa.AbstractEntityManagerFactoryBean.buildNativeEntityManagerFactory(AbstractEntityManagerFactoryBean.java:409) ~[spring-orm-6.1.11.jar:6.1.11]
	at org.springframework.orm.jpa.AbstractEntityManagerFactoryBean.afterPropertiesSet(AbstractEntityManagerFactoryBean.java:396) ~[spring-orm-6.1.11.jar:6.1.11]
	at org.springframework.orm.jpa.LocalContainerEntityManagerFactoryBean.afterPropertiesSet(LocalContainerEntityManagerFactoryBean.java:366) ~[spring-orm-6.1.11.jar:6.1.11]
	at org.springframework.beans.factory.support.AbstractAutowireCapableBeanFactory.invokeInitMethods(AbstractAutowireCapableBeanFactory.java:1853) ~[spring-beans-6.1.11.jar:6.1.11]
	at org.springframework.beans.factory.support.AbstractAutowireCapableBeanFactory.initializeBean(AbstractAutowireCapableBeanFactory.java:1802) ~[spring-beans-6.1.11.jar:6.1.11]
	at org.springframework.beans.factory.support.AbstractAutowireCapableBeanFactory.doCreateBean(AbstractAutowireCapableBeanFactory.java:600) ~[spring-beans-6.1.11.jar:6.1.11]
	at org.springframework.beans.factory.support.AbstractAutowireCapableBeanFactory.createBean(AbstractAutowireCapableBeanFactory.java:522) ~[spring-beans-6.1.11.jar:6.1.11]
	at org.springframework.beans.factory.support.AbstractBeanFactory.lambda$doGetBean$0(AbstractBeanFactory.java:337) ~[spring-beans-6.1.11.jar:6.1.11]
	at org.springframework.beans.factory.support.DefaultSingletonBeanRegistry.getSingleton(DefaultSingletonBeanRegistry.java:234) ~[spring-beans-6.1.11.jar:6.1.11]
	at org.springframework.beans.factory.support.AbstractBeanFactory.doGetBean(AbstractBeanFactory.java:335) ~[spring-beans-6.1.11.jar:6.1.11]
	at org.springframework.beans.factory.support.AbstractBeanFactory.getBean(AbstractBeanFactory.java:205) ~[spring-beans-6.1.11.jar:6.1.11]
	at org.springframework.context.support.AbstractApplicationContext.finishBeanFactoryInitialization(AbstractApplicationContext.java:954) ~[spring-context-6.1.11.jar:6.1.11]
	at org.springframework.context.support.AbstractApplicationContext.refresh(AbstractApplicationContext.java:625) ~[spring-context-6.1.11.jar:6.1.11]
	at org.springframework.boot.SpringApplication.refresh(SpringApplication.java:754) ~[spring-boot-3.3.2.jar:3.3.2]
	at org.springframework.boot.SpringApplication.refreshContext(SpringApplication.java:456) ~[spring-boot-3.3.2.jar:3.3.2]
	at org.springframework.boot.SpringApplication.run(SpringApplication.java:335) ~[spring-boot-3.3.2.jar:3.3.2]
	at org.springframework.boot.test.context.SpringBootContextLoader.lambda$loadContext$3(SpringBootContextLoader.java:137) ~[spring-boot-test-3.3.2.jar:3.3.2]
	at org.springframework.util.function.ThrowingSupplier.get(ThrowingSupplier.java:58) ~[spring-core-6.1.11.jar:6.1.11]
	at org.springframework.util.function.ThrowingSupplier.get(ThrowingSupplier.java:46) ~[spring-core-6.1.11.jar:6.1.11]
	at org.springframework.boot.SpringApplication.withHook(SpringApplication.java:1463) ~[spring-boot-3.3.2.jar:3.3.2]
	at org.springframework.boot.test.context.SpringBootContextLoader$ContextLoaderHook.run(SpringBootContextLoader.java:553) ~[spring-boot-test-3.3.2.jar:3.3.2]
	at org.springframework.boot.test.context.SpringBootContextLoader.loadContext(SpringBootContextLoader.java:137) ~[spring-boot-test-3.3.2.jar:3.3.2]
	at org.springframework.boot.test.context.SpringBootContextLoader.loadContext(SpringBootContextLoader.java:108) ~[spring-boot-test-3.3.2.jar:3.3.2]
	at org.springframework.test.context.cache.DefaultCacheAwareContextLoaderDelegate.loadContextInternal(DefaultCacheAwareContextLoaderDelegate.java:225) ~[spring-test-6.1.11.jar:6.1.11]
	at org.springframework.test.context.cache.DefaultCacheAwareContextLoaderDelegate.loadContext(DefaultCacheAwareContextLoaderDelegate.java:152) ~[spring-test-6.1.11.jar:6.1.11]
	at org.springframework.test.context.support.DefaultTestContext.getApplicationContext(DefaultTestContext.java:130) ~[spring-test-6.1.11.jar:6.1.11]
	at org.springframework.test.context.web.ServletTestExecutionListener.setUpRequestContextIfNecessary(ServletTestExecutionListener.java:191) ~[spring-test-6.1.11.jar:6.1.11]
	at org.springframework.test.context.web.ServletTestExecutionListener.prepareTestInstance(ServletTestExecutionListener.java:130) ~[spring-test-6.1.11.jar:6.1.11]
	at org.springframework.test.context.TestContextManager.prepareTestInstance(TestContextManager.java:260) ~[spring-test-6.1.11.jar:6.1.11]
	at org.springframework.test.context.junit.jupiter.SpringExtension.postProcessTestInstance(SpringExtension.java:163) ~[spring-test-6.1.11.jar:6.1.11]
	at org.junit.jupiter.engine.descriptor.ClassBasedTestDescriptor.lambda$invokeTestInstancePostProcessors$10(ClassBasedTestDescriptor.java:378) ~[junit-jupiter-engine-5.10.3.jar:5.10.3]
	at org.junit.jupiter.engine.descriptor.ClassBasedTestDescriptor.executeAndMaskThrowable(ClassBasedTestDescriptor.java:383) ~[junit-jupiter-engine-5.10.3.jar:5.10.3]
	at org.junit.jupiter.engine.descriptor.ClassBasedTestDescriptor.lambda$invokeTestInstancePostProcessors$11(ClassBasedTestDescriptor.java:378) ~[junit-jupiter-engine-5.10.3.jar:5.10.3]
	at java.base/java.util.stream.ReferencePipeline$3$1.accept(ReferencePipeline.java:197) ~[na:na]
	at java.base/java.util.stream.ReferencePipeline$2$1.accept(ReferencePipeline.java:179) ~[na:na]
	at java.base/java.util.ArrayList$ArrayListSpliterator.forEachRemaining(ArrayList.java:1708) ~[na:na]
	at java.base/java.util.stream.AbstractPipeline.copyInto(AbstractPipeline.java:509) ~[na:na]
	at java.base/java.util.stream.AbstractPipeline.wrapAndCopyInto(AbstractPipeline.java:499) ~[na:na]
	at java.base/java.util.stream.StreamSpliterators$WrappingSpliterator.forEachRemaining(StreamSpliterators.java:310) ~[na:na]
	at java.base/java.util.stream.Streams$ConcatSpliterator.forEachRemaining(Streams.java:735) ~[na:na]
	at java.base/java.util.stream.Streams$ConcatSpliterator.forEachRemaining(Streams.java:734) ~[na:na]
	at java.base/java.util.stream.ReferencePipeline$Head.forEach(ReferencePipeline.java:762) ~[na:na]
	at org.junit.jupiter.engine.descriptor.ClassBasedTestDescriptor.invokeTestInstancePostProcessors(ClassBasedTestDescriptor.java:377) ~[junit-jupiter-engine-5.10.3.jar:5.10.3]
	at org.junit.jupiter.engine.descriptor.ClassBasedTestDescriptor.lambda$instantiateAndPostProcessTestInstance$6(ClassBasedTestDescriptor.java:290) ~[junit-jupiter-engine-5.10.3.jar:5.10.3]
	at org.junit.platform.engine.support.hierarchical.ThrowableCollector.execute(ThrowableCollector.java:73) ~[junit-platform-engine-1.10.3.jar:1.10.3]
	at org.junit.jupiter.engine.descriptor.ClassBasedTestDescriptor.instantiateAndPostProcessTestInstance(ClassBasedTestDescriptor.java:289) ~[junit-jupiter-engine-5.10.3.jar:5.10.3]
	at org.junit.jupiter.engine.descriptor.ClassBasedTestDescriptor.lambda$testInstancesProvider$4(ClassBasedTestDescriptor.java:279) ~[junit-jupiter-engine-5.10.3.jar:5.10.3]
	at java.base/java.util.Optional.orElseGet(Optional.java:364) ~[na:na]
	at org.junit.jupiter.engine.descriptor.ClassBasedTestDescriptor.lambda$testInstancesProvider$5(ClassBasedTestDescriptor.java:278) ~[junit-jupiter-engine-5.10.3.jar:5.10.3]
	at org.junit.jupiter.engine.execution.TestInstancesProvider.getTestInstances(TestInstancesProvider.java:31) ~[junit-jupiter-engine-5.10.3.jar:5.10.3]
	at org.junit.jupiter.engine.descriptor.TestMethodTestDescriptor.lambda$prepare$0(TestMethodTestDescriptor.java:106) ~[junit-jupiter-engine-5.10.3.jar:5.10.3]
	at org.junit.platform.engine.support.hierarchical.ThrowableCollector.execute(ThrowableCollector.java:73) ~[junit-platform-engine-1.10.3.jar:1.10.3]
	at org.junit.jupiter.engine.descriptor.TestMethodTestDescriptor.prepare(TestMethodTestDescriptor.java:105) ~[junit-jupiter-engine-5.10.3.jar:5.10.3]
	at org.junit.jupiter.engine.descriptor.TestMethodTestDescriptor.prepare(TestMethodTestDescriptor.java:69) ~[junit-jupiter-engine-5.10.3.jar:5.10.3]
	at org.junit.platform.engine.support.hierarchical.NodeTestTask.lambda$prepare$2(NodeTestTask.java:123) ~[junit-platform-engine-1.10.3.jar:1.10.3]
	at org.junit.platform.engine.support.hierarchical.ThrowableCollector.execute(ThrowableCollector.java:73) ~[junit-platform-engine-1.10.3.jar:1.10.3]
	at org.junit.platform.engine.support.hierarchical.NodeTestTask.prepare(NodeTestTask.java:123) ~[junit-platform-engine-1.10.3.jar:1.10.3]
	at org.junit.platform.engine.support.hierarchical.NodeTestTask.execute(NodeTestTask.java:90) ~[junit-platform-engine-1.10.3.jar:1.10.3]
	at java.base/java.util.ArrayList.forEach(ArrayList.java:1596) ~[na:na]
	at org.junit.platform.engine.support.hierarchical.SameThreadHierarchicalTestExecutorService.invokeAll(SameThreadHierarchicalTestExecutorService.java:41) ~[junit-platform-engine-1.10.3.jar:1.10.3]
	at org.junit.platform.engine.support.hierarchical.NodeTestTask.lambda$executeRecursively$6(NodeTestTask.java:155) ~[junit-platform-engine-1.10.3.jar:1.10.3]
	at org.junit.platform.engine.support.hierarchical.ThrowableCollector.execute(ThrowableCollector.java:73) ~[junit-platform-engine-1.10.3.jar:1.10.3]
	at org.junit.platform.engine.support.hierarchical.NodeTestTask.lambda$executeRecursively$8(NodeTestTask.java:141) ~[junit-platform-engine-1.10.3.jar:1.10.3]
	at org.junit.platform.engine.support.hierarchical.Node.around(Node.java:137) ~[junit-platform-engine-1.10.3.jar:1.10.3]
	at org.junit.platform.engine.support.hierarchical.NodeTestTask.lambda$executeRecursively$9(NodeTestTask.java:139) ~[junit-platform-engine-1.10.3.jar:1.10.3]
	at org.junit.platform.engine.support.hierarchical.ThrowableCollector.execute(ThrowableCollector.java:73) ~[junit-platform-engine-1.10.3.jar:1.10.3]
	at org.junit.platform.engine.support.hierarchical.NodeTestTask.executeRecursively(NodeTestTask.java:138) ~[junit-platform-engine-1.10.3.jar:1.10.3]
	at org.junit.platform.engine.support.hierarchical.NodeTestTask.execute(NodeTestTask.java:95) ~[junit-platform-engine-1.10.3.jar:1.10.3]
	at java.base/java.util.ArrayList.forEach(ArrayList.java:1596) ~[na:na]
	at org.junit.platform.engine.support.hierarchical.SameThreadHierarchicalTestExecutorService.invokeAll(SameThreadHierarchicalTestExecutorService.java:41) ~[junit-platform-engine-1.10.3.jar:1.10.3]
	at org.junit.platform.engine.support.hierarchical.NodeTestTask.lambda$executeRecursively$6(NodeTestTask.java:155) ~[junit-platform-engine-1.10.3.jar:1.10.3]
	at org.junit.platform.engine.support.hierarchical.ThrowableCollector.execute(ThrowableCollector.java:73) ~[junit-platform-engine-1.10.3.jar:1.10.3]
	at org.junit.platform.engine.support.hierarchical.NodeTestTask.lambda$executeRecursively$8(NodeTestTask.java:141) ~[junit-platform-engine-1.10.3.jar:1.10.3]
	at org.junit.platform.engine.support.hierarchical.Node.around(Node.java:137) ~[junit-platform-engine-1.10.3.jar:1.10.3]
	at org.junit.platform.engine.support.hierarchical.NodeTestTask.lambda$executeRecursively$9(NodeTestTask.java:139) ~[junit-platform-engine-1.10.3.jar:1.10.3]
	at org.junit.platform.engine.support.hierarchical.ThrowableCollector.execute(ThrowableCollector.java:73) ~[junit-platform-engine-1.10.3.jar:1.10.3]
	at org.junit.platform.engine.support.hierarchical.NodeTestTask.executeRecursively(NodeTestTask.java:138) ~[junit-platform-engine-1.10.3.jar:1.10.3]
	at org.junit.platform.engine.support.hierarchical.NodeTestTask.execute(NodeTestTask.java:95) ~[junit-platform-engine-1.10.3.jar:1.10.3]
	at org.junit.platform.engine.support.hierarchical.SameThreadHierarchicalTestExecutorService.submit(SameThreadHierarchicalTestExecutorService.java:35) ~[junit-platform-engine-1.10.3.jar:1.10.3]
	at org.junit.platform.engine.support.hierarchical.HierarchicalTestExecutor.execute(HierarchicalTestExecutor.java:57) ~[junit-platform-engine-1.10.3.jar:1.10.3]
	at org.junit.platform.engine.support.hierarchical.HierarchicalTestEngine.execute(HierarchicalTestEngine.java:54) ~[junit-platform-engine-1.10.3.jar:1.10.3]
	at org.junit.platform.launcher.core.EngineExecutionOrchestrator.execute(EngineExecutionOrchestrator.java:198) ~[junit-platform-launcher-1.10.3.jar:1.10.3]
	at org.junit.platform.launcher.core.EngineExecutionOrchestrator.execute(EngineExecutionOrchestrator.java:169) ~[junit-platform-launcher-1.10.3.jar:1.10.3]
	at org.junit.platform.launcher.core.EngineExecutionOrchestrator.execute(EngineExecutionOrchestrator.java:93) ~[junit-platform-launcher-1.10.3.jar:1.10.3]
	at org.junit.platform.launcher.core.EngineExecutionOrchestrator.lambda$execute$0(EngineExecutionOrchestrator.java:58) ~[junit-platform-launcher-1.10.3.jar:1.10.3]
	at org.junit.platform.launcher.core.EngineExecutionOrchestrator.withInterceptedStreams(EngineExecutionOrchestrator.java:141) ~[junit-platform-launcher-1.10.3.jar:1.10.3]
	at org.junit.platform.launcher.core.EngineExecutionOrchestrator.execute(EngineExecutionOrchestrator.java:57) ~[junit-platform-launcher-1.10.3.jar:1.10.3]
	at org.junit.platform.launcher.core.DefaultLauncher.execute(DefaultLauncher.java:103) ~[junit-platform-launcher-1.10.3.jar:1.10.3]
	at org.junit.platform.launcher.core.DefaultLauncher.execute(DefaultLauncher.java:85) ~[junit-platform-launcher-1.10.3.jar:1.10.3]
	at org.junit.platform.launcher.core.DelegatingLauncher.execute(DelegatingLauncher.java:47) ~[junit-platform-launcher-1.10.3.jar:1.10.3]
	at org.apache.maven.surefire.junitplatform.LazyLauncher.execute(LazyLauncher.java:56) ~[surefire-junit-platform-3.2.5.jar:3.2.5]
	at org.apache.maven.surefire.junitplatform.JUnitPlatformProvider.execute(JUnitPlatformProvider.java:184) ~[surefire-junit-platform-3.2.5.jar:3.2.5]
	at org.apache.maven.surefire.junitplatform.JUnitPlatformProvider.invokeAllTests(JUnitPlatformProvider.java:148) ~[surefire-junit-platform-3.2.5.jar:3.2.5]
	at org.apache.maven.surefire.junitplatform.JUnitPlatformProvider.invoke(JUnitPlatformProvider.java:122) ~[surefire-junit-platform-3.2.5.jar:3.2.5]
	at org.apache.maven.surefire.booter.ForkedBooter.runSuitesInProcess(ForkedBooter.java:385) ~[surefire-booter-3.2.5.jar:3.2.5]
	at org.apache.maven.surefire.booter.ForkedBooter.execute(ForkedBooter.java:162) ~[surefire-booter-3.2.5.jar:3.2.5]
	at org.apache.maven.surefire.booter.ForkedBooter.run(ForkedBooter.java:507) ~[surefire-booter-3.2.5.jar:3.2.5]
	at org.apache.maven.surefire.booter.ForkedBooter.main(ForkedBooter.java:495) ~[surefire-booter-3.2.5.jar:3.2.5]
Caused by: com.microsoft.sqlserver.jdbc.SQLServerException: There is already an object named 'rentpayments' in the database.
	at com.microsoft.sqlserver.jdbc.SQLServerException.makeFromDatabaseError(SQLServerException.java:265) ~[mssql-jdbc-12.2.0.jre11.jar:na]
	at com.microsoft.sqlserver.jdbc.SQLServerStatement.getNextResult(SQLServerStatement.java:1695) ~[mssql-jdbc-12.2.0.jre11.jar:na]
	at com.microsoft.sqlserver.jdbc.SQLServerStatement.doExecuteStatement(SQLServerStatement.java:920) ~[mssql-jdbc-12.2.0.jre11.jar:na]
[...]

   ServletWebServerFactoryConfiguration.EmbeddedJetty:
      Did not match:
         - @ConditionalOnClass did not find required classes 'org.eclipse.jetty.server.Server', 'org.eclipse.jetty.util.Loader', 'org.eclipse.jetty.ee10.webapp.WebAppContext' (OnClassCondition)

   ServletWebServerFactoryConfiguration.EmbeddedUndertow:
      Did not match:
         - @ConditionalOnClass did not find required classes 'io.undertow.Undertow', 'org.xnio.SslClientAuthMode' (OnClassCondition)

   SessionAutoConfiguration:
      Did not match:
         - @ConditionalOnClass did not find required class 'org.springframework.session.Session' (OnClassCondition)

   SessionsEndpointAutoConfiguration:
      Did not match:
         - @ConditionalOnClass did not find required class 'org.springframework.session.Session' (OnClassCondition)

   ShutdownEndpointAutoConfiguration:
      Did not match:
         - @ConditionalOnAvailableEndpoint no property management.endpoint.shutdown.enabled found so using endpoint default of false (OnAvailableEndpointCondition)

   SignalFxMetricsExportAutoConfiguration:
      Did not match:
         - @ConditionalOnClass did not find required class 'io.micrometer.signalfx.SignalFxMeterRegistry' (OnClassCondition)

   SpringApplicationAdminJmxAutoConfiguration:
      Did not match:
         - @ConditionalOnProperty (spring.application.admin.enabled=true) did not find property 'enabled' (OnPropertyCondition)

   SpringBootWebSecurityConfiguration.SecurityFilterChainConfiguration:
      Did not match:
         - AllNestedConditions 1 matched 1 did not; NestedCondition on DefaultWebSecurityCondition.Beans @ConditionalOnMissingBean (types: org.springframework.security.web.SecurityFilterChain; SearchStrategy: all) found beans of type 'org.springframework.security.web.SecurityFilterChain' securityFilterChain; NestedCondition on DefaultWebSecurityCondition.Classes @ConditionalOnClass found required classes 'org.springframework.security.web.SecurityFilterChain', 'org.springframework.security.config.annotation.web.builders.HttpSecurity' (DefaultWebSecurityCondition)

   StackdriverMetricsExportAutoConfiguration:
      Did not match:
         - @ConditionalOnClass did not find required class 'io.micrometer.stackdriver.StackdriverMeterRegistry' (OnClassCondition)

   StartupEndpointAutoConfiguration:
      Did not match:
         - ApplicationStartup configured applicationStartup is of type class org.springframework.core.metrics.DefaultApplicationStartup, expected BufferingApplicationStartup. (StartupEndpointAutoConfiguration.ApplicationStartupCondition)

   StatsdMetricsExportAutoConfiguration:
      Did not match:
         - @ConditionalOnClass did not find required class 'io.micrometer.statsd.StatsdMeterRegistry' (OnClassCondition)

   TaskExecutorConfigurations.SimpleAsyncTaskExecutorBuilderConfiguration#simpleAsyncTaskExecutorBuilderVirtualThreads:
      Did not match:
         - @ConditionalOnMissingBean (types: org.springframework.boot.task.SimpleAsyncTaskExecutorBuilder; SearchStrategy: all) found beans of type 'org.springframework.boot.task.SimpleAsyncTaskExecutorBuilder' simpleAsyncTaskExecutorBuilder (OnBeanCondition)

   TaskExecutorConfigurations.TaskExecutorConfiguration#applicationTaskExecutorVirtualThreads:
      Did not match:
         - @ConditionalOnThreading did not find VIRTUAL (OnThreadingCondition)

   TaskSchedulingAutoConfiguration#scheduledBeanLazyInitializationExcludeFilter:
      Did not match:
         - @ConditionalOnBean (names: org.springframework.context.annotation.internalScheduledAnnotationProcessor; SearchStrategy: all) did not find any beans named org.springframework.context.annotation.internalScheduledAnnotationProcessor (OnBeanCondition)

   TaskSchedulingConfigurations.SimpleAsyncTaskSchedulerBuilderConfiguration#simpleAsyncTaskSchedulerBuilderVirtualThreads:
      Did not match:
         - @ConditionalOnMissingBean (types: org.springframework.boot.task.SimpleAsyncTaskSchedulerBuilder; SearchStrategy: all) found beans of type 'org.springframework.boot.task.SimpleAsyncTaskSchedulerBuilder' simpleAsyncTaskSchedulerBuilder (OnBeanCondition)

   TaskSchedulingConfigurations.TaskSchedulerConfiguration:
      Did not match:
         - @ConditionalOnBean (names: org.springframework.context.annotation.internalScheduledAnnotationProcessor; SearchStrategy: all) did not find any beans named org.springframework.context.annotation.internalScheduledAnnotationProcessor (OnBeanCondition)

   ThreadDumpEndpointAutoConfiguration:
      Did not match:
         - @ConditionalOnAvailableEndpoint no 'management.endpoints' property marked it as exposed (OnAvailableEndpointCondition)

   ThymeleafAutoConfiguration:
      Did not match:
         - @ConditionalOnClass did not find required class 'org.thymeleaf.spring6.SpringTemplateEngine' (OnClassCondition)

   TransactionAutoConfiguration#transactionalOperator:
      Did not match:
         - @ConditionalOnSingleCandidate (types: org.springframework.transaction.ReactiveTransactionManager; SearchStrategy: all) did not find any beans (OnBeanCondition)

   TransactionAutoConfiguration.AspectJTransactionManagementConfiguration:
      Did not match:
         - @ConditionalOnBean (types: org.springframework.transaction.aspectj.AbstractTransactionAspect; SearchStrategy: all) did not find any beans of type org.springframework.transaction.aspectj.AbstractTransactionAspect (OnBeanCondition)

   TransactionAutoConfiguration.EnableTransactionManagementConfiguration.JdkDynamicAutoProxyConfiguration:
      Did not match:
         - @ConditionalOnProperty (spring.aop.proxy-target-class=false) did not find property 'proxy-target-class' (OnPropertyCondition)

   UserDetailsServiceAutoConfiguration:
      Did not match:
         - @ConditionalOnMissingBean (types: org.springframework.security.authentication.AuthenticationManager,org.springframework.security.authentication.AuthenticationProvider,org.springframework.security.core.userdetails.UserDetailsService,org.springframework.security.authentication.AuthenticationManagerResolver,org.springframework.security.oauth2.jwt.JwtDecoder; SearchStrategy: all) found beans of type 'org.springframework.security.core.userdetails.UserDetailsService' userDetailsService (OnBeanCondition)
      Matched:
         - @ConditionalOnClass found required class 'org.springframework.security.authentication.AuthenticationManager' (OnClassCondition)
         - AnyNestedCondition 1 matched 2 did not; NestedCondition on UserDetailsServiceAutoConfiguration.MissingAlternativeOrUserPropertiesConfigured.PasswordConfigured @ConditionalOnProperty (spring.security.user.password) did not find property 'password'; NestedCondition on UserDetailsServiceAutoConfiguration.MissingAlternativeOrUserPropertiesConfigured.NameConfigured @ConditionalOnProperty (spring.security.user.name) did not find property 'name'; NestedCondition on UserDetailsServiceAutoConfiguration.MissingAlternativeOrUserPropertiesConfigured.MissingAlternative @ConditionalOnMissingClass did not find unwanted classes 'org.springframework.security.oauth2.client.registration.ClientRegistrationRepository', 'org.springframework.security.oauth2.server.resource.introspection.OpaqueTokenIntrospector', 'org.springframework.security.saml2.provider.service.registration.RelyingPartyRegistrationRepository' (UserDetailsServiceAutoConfiguration.MissingAlternativeOrUserPropertiesConfigured)

   ValidationAutoConfiguration:
      Did not match:
         - @ConditionalOnClass did not find required class 'jakarta.validation.executable.ExecutableValidator' (OnClassCondition)

   WavefrontAutoConfiguration:
      Did not match:
         - @ConditionalOnClass did not find required class 'com.wavefront.sdk.common.application.ApplicationTags' (OnClassCondition)

   WavefrontMetricsExportAutoConfiguration:
      Did not match:
         - @ConditionalOnClass did not find required class 'com.wavefront.sdk.common.WavefrontSender' (OnClassCondition)

   WavefrontTracingAutoConfiguration:
      Did not match:
         - @ConditionalOnClass did not find required class 'com.wavefront.sdk.common.WavefrontSender' (OnClassCondition)

   WebClientAutoConfiguration:
      Did not match:
         - @ConditionalOnClass did not find required class 'org.springframework.web.reactive.function.client.WebClient' (OnClassCondition)

   WebClientObservationConfiguration:
      Did not match:
         - @ConditionalOnClass did not find required class 'org.springframework.web.reactive.function.client.WebClient' (OnClassCondition)

   WebFluxAutoConfiguration:
      Did not match:
         - @ConditionalOnClass did not find required class 'org.springframework.web.reactive.config.WebFluxConfigurer' (OnClassCondition)

   WebFluxEndpointManagementContextConfiguration:
      Did not match:
         - @ConditionalOnClass did not find required class 'org.springframework.web.reactive.DispatcherHandler' (OnClassCondition)

   WebFluxObservationAutoConfiguration:
      Did not match:
         - @ConditionalOnWebApplication did not find reactive web application classes (OnWebApplicationCondition)

   WebMvcAutoConfiguration#hiddenHttpMethodFilter:
      Did not match:
         - @ConditionalOnProperty (spring.mvc.hiddenmethod.filter.enabled) did not find property 'enabled' (OnPropertyCondition)

   WebMvcAutoConfiguration.ProblemDetailsErrorHandlingConfiguration:
      Did not match:
         - @ConditionalOnProperty (spring.mvc.problemdetails.enabled=true) did not find property 'enabled' (OnPropertyCondition)

   WebMvcAutoConfiguration.ResourceChainCustomizerConfiguration:
      Did not match:
         - @ConditionalOnEnabledResourceChain did not find class org.webjars.WebJarAssetLocator (OnEnabledResourceChainCondition)

   WebMvcAutoConfiguration.WebMvcAutoConfigurationAdapter#beanNameViewResolver:
      Did not match:
         - @ConditionalOnMissingBean (types: org.springframework.web.servlet.view.BeanNameViewResolver; SearchStrategy: all) found beans of type 'org.springframework.web.servlet.view.BeanNameViewResolver' beanNameViewResolver (OnBeanCondition)

   WebMvcEndpointManagementContextConfiguration#managementHealthEndpointWebMvcHandlerMapping:
      Did not match:
         - Management Port actual port type (SAME) did not match required type (DIFFERENT) (OnManagementPortCondition)

   WebServiceTemplateAutoConfiguration:
      Did not match:
         - @ConditionalOnClass did not find required class 'org.springframework.oxm.Marshaller' (OnClassCondition)

   WebServicesAutoConfiguration:
      Did not match:
         - @ConditionalOnClass did not find required class 'org.springframework.ws.transport.http.MessageDispatcherServlet' (OnClassCondition)

   WebSessionIdResolverAutoConfiguration:
      Did not match:
         - @ConditionalOnClass did not find required class 'reactor.core.publisher.Mono' (OnClassCondition)

   WebSocketMessagingAutoConfiguration:
      Did not match:
         - @ConditionalOnClass did not find required class 'org.springframework.web.socket.config.annotation.WebSocketMessageBrokerConfigurer' (OnClassCondition)

   WebSocketReactiveAutoConfiguration:
      Did not match:
         - @ConditionalOnWebApplication did not find reactive web application classes (OnWebApplicationCondition)

   WebSocketServletAutoConfiguration.JettyWebSocketConfiguration:
      Did not match:
         - @ConditionalOnClass did not find required class 'org.eclipse.jetty.ee10.websocket.jakarta.server.config.JakartaWebSocketServletContainerInitializer' (OnClassCondition)

   WebSocketServletAutoConfiguration.UndertowWebSocketConfiguration:
      Did not match:
         - @ConditionalOnClass did not find required class 'io.undertow.websockets.jsr.Bootstrap' (OnClassCondition)

   XADataSourceAutoConfiguration:
      Did not match:
         - @ConditionalOnBean (types: org.springframework.boot.jdbc.XADataSourceWrapper; SearchStrategy: all) did not find any beans of type org.springframework.boot.jdbc.XADataSourceWrapper (OnBeanCondition)
      Matched:
         - @ConditionalOnClass found required classes 'javax.sql.DataSource', 'jakarta.transaction.TransactionManager', 'org.springframework.jdbc.datasource.embedded.EmbeddedDatabaseType' (OnClassCondition)

   ZipkinAutoConfiguration:
      Did not match:
         - @ConditionalOnClass did not find required class 'zipkin2.reporter.Encoding' (OnClassCondition)


Exclusions:
-----------

    None


Unconditional classes:
----------------------

    org.springframework.boot.autoconfigure.context.ConfigurationPropertiesAutoConfiguration

    org.springframework.boot.actuate.autoconfigure.availability.AvailabilityHealthContributorAutoConfiguration

    org.springframework.boot.autoconfigure.ssl.SslAutoConfiguration

    org.springframework.boot.actuate.autoconfigure.info.InfoContributorAutoConfiguration

    org.springframework.boot.autoconfigure.context.PropertyPlaceholderAutoConfiguration

    org.springframework.boot.autoconfigure.context.LifecycleAutoConfiguration

    org.springframework.boot.actuate.autoconfigure.metrics.integration.IntegrationMetricsAutoConfiguration

    org.springframework.boot.actuate.autoconfigure.endpoint.EndpointAutoConfiguration

    org.springframework.boot.actuate.autoconfigure.web.server.ManagementContextAutoConfiguration

    org.springframework.boot.actuate.autoconfigure.health.HealthContributorAutoConfiguration

    org.springframework.boot.actuate.autoconfigure.endpoint.jackson.JacksonEndpointAutoConfiguration

    org.springframework.boot.autoconfigure.availability.ApplicationAvailabilityAutoConfiguration

    org.springframework.boot.autoconfigure.info.ProjectInfoAutoConfiguration



2024-08-26T16:51:02.458+01:00  INFO 10572 --- [Tenant Rent Backend] [           main] c.s.t.TenantRentApplicationTests         : Started TenantRentApplicationTests in 12.985 seconds (process running for 14.696)
2024-08-26T16:51:02.844+01:00 DEBUG 10572 --- [Tenant Rent Backend] [           main] o.s.b.a.ApplicationAvailabilityBean      : Application availability state LivenessState changed to CORRECT
2024-08-26T16:51:02.848+01:00 DEBUG 10572 --- [Tenant Rent Backend] [           main] o.s.b.a.ApplicationAvailabilityBean      : Application availability state ReadinessState changed to ACCEPTING_TRAFFIC
2024-08-26T16:51:02.860+01:00 DEBUG 10572 --- [Tenant Rent Backend] [           main] org.springframework.test.context.cache   : Spring test ApplicationContext cache statistics: [DefaultContextCache@572d1f18 size = 1, maxSize = 32, parentContextCount = 0, hitCount = 0, missCount = 1, failureCount = 0]
2024-08-26T16:51:02.861+01:00 DEBUG 10572 --- [Tenant Rent Backend] [           main] o.s.t.c.w.ServletTestExecutionListener   : Setting up MockHttpServletRequest, MockHttpServletResponse, ServletWebRequest, and RequestContextHolder for test class com.springRest.tenantRent.TenantRentApplicationTests
2024-08-26T16:51:02.889+01:00 DEBUG 10572 --- [Tenant Rent Backend] [           main] DependencyInjectionTestExecutionListener : Performing dependency injection for test class com.springRest.tenantRent.TenantRentApplicationTests
2024-08-26T16:51:02.889+01:00 DEBUG 10572 --- [Tenant Rent Backend] [           main] org.springframework.test.context.cache   : Spring test ApplicationContext cache statistics: [DefaultContextCache@572d1f18 size = 1, maxSize = 32, parentContextCount = 0, hitCount = 1, missCount = 1, failureCount = 0]
2024-08-26T16:51:02.893+01:00 DEBUG 10572 --- [Tenant Rent Backend] [           main] org.springframework.test.context.cache   : Spring test ApplicationContext cache statistics: [DefaultContextCache@572d1f18 size = 1, maxSize = 32, parentContextCount = 0, hitCount = 2, missCount = 1, failureCount = 0]
2024-08-26T16:51:02.958+01:00 DEBUG 10572 --- [Tenant Rent Backend] [           main] sContextBeforeModesTestExecutionListener : Before test method: class [TenantRentApplicationTests], method [contextLoads], class annotated with @DirtiesContext [false] with mode [null], method annotated with @DirtiesContext [false] with mode [null]
2024-08-26T16:51:02.963+01:00 DEBUG 10572 --- [Tenant Rent Backend] [           main] org.springframework.test.context.cache   : Spring test ApplicationContext cache statistics: [DefaultContextCache@572d1f18 size = 1, maxSize = 32, parentContextCount = 0, hitCount = 3, missCount = 1, failureCount = 0]
2024-08-26T16:51:02.963+01:00 DEBUG 10572 --- [Tenant Rent Backend] [           main] org.springframework.test.context.cache   : Spring test ApplicationContext cache statistics: [DefaultContextCache@572d1f18 size = 1, maxSize = 32, parentContextCount = 0, hitCount = 4, missCount = 1, failureCount = 0]
2024-08-26T16:51:04.180+01:00 DEBUG 10572 --- [Tenant Rent Backend] [           main] org.springframework.test.context.cache   : Spring test ApplicationContext cache statistics: [DefaultContextCache@572d1f18 size = 1, maxSize = 32, parentContextCount = 0, hitCount = 5, missCount = 1, failureCount = 0]
2024-08-26T16:51:04.188+01:00 DEBUG 10572 --- [Tenant Rent Backend] [           main] org.springframework.test.context.cache   : Spring test ApplicationContext cache statistics: [DefaultContextCache@572d1f18 size = 1, maxSize = 32, parentContextCount = 0, hitCount = 6, missCount = 1, failureCount = 0]
2024-08-26T16:51:04.189+01:00 DEBUG 10572 --- [Tenant Rent Backend] [           main] org.springframework.test.context.cache   : Spring test ApplicationContext cache statistics: [DefaultContextCache@572d1f18 size = 1, maxSize = 32, parentContextCount = 0, hitCount = 7, missCount = 1, failureCount = 0]
2024-08-26T16:51:04.189+01:00 DEBUG 10572 --- [Tenant Rent Backend] [           main] org.springframework.test.context.cache   : Spring test ApplicationContext cache statistics: [DefaultContextCache@572d1f18 size = 1, maxSize = 32, parentContextCount = 0, hitCount = 8, missCount = 1, failureCount = 0]
2024-08-26T16:51:04.191+01:00 DEBUG 10572 --- [Tenant Rent Backend] [           main] org.springframework.test.context.cache   : Spring test ApplicationContext cache statistics: [DefaultContextCache@572d1f18 size = 1, maxSize = 32, parentContextCount = 0, hitCount = 9, missCount = 1, failureCount = 0]
2024-08-26T16:51:04.193+01:00 DEBUG 10572 --- [Tenant Rent Backend] [           main] org.springframework.test.context.cache   : Spring test ApplicationContext cache statistics: [DefaultContextCache@572d1f18 size = 1, maxSize = 32, parentContextCount = 0, hitCount = 10, missCount = 1, failureCount = 0]
2024-08-26T16:51:04.202+01:00 DEBUG 10572 --- [Tenant Rent Backend] [           main] org.springframework.test.context.cache   : Spring test ApplicationContext cache statistics: [DefaultContextCache@572d1f18 size = 1, maxSize = 32, parentContextCount = 0, hitCount = 11, missCount = 1, failureCount = 0]
2024-08-26T16:51:04.203+01:00 DEBUG 10572 --- [Tenant Rent Backend] [           main] .c.s.DirtiesContextTestExecutionListener : After test method: class [TenantRentApplicationTests], method [contextLoads], class annotated with @DirtiesContext [false] with mode [null], method annotated with @DirtiesContext [false] with mode [null]
2024-08-26T16:51:04.203+01:00 DEBUG 10572 --- [Tenant Rent Backend] [           main] o.s.t.c.w.ServletTestExecutionListener   : Resetting RequestContextHolder for test class com.springRest.tenantRent.TenantRentApplicationTests
]]></system-out>
    <system-err><![CDATA[WARNING: A Java agent has been loaded dynamically (C:\Users\DELL\.m2\repository\net\bytebuddy\byte-buddy-agent\1.14.18\byte-buddy-agent-1.14.18.jar)
WARNING: If a serviceability tool is in use, please run with -XX:+EnableDynamicAgentLoading to hide this warning
WARNING: If a serviceability tool is not in use, please run with -Djdk.instrument.traceUsage for more information
WARNING: Dynamic loading of agents will be disallowed by default in a future release
]]></system-err>
  </testcase>
</testsuite>