<?xml version="1.0" encoding="UTF-8"?>
<testsuite xmlns:xsi="http://www.w3.org/2001/XMLSchema-instance" xsi:noNamespaceSchemaLocation="https://maven.apache.org/surefire/maven-surefire-plugin/xsd/surefire-test-report-3.0.xsd" version="3.0" name="com.springRest.RestAPI.RestApiApplicationTests" time="12.904" tests="1" errors="0" skipped="0" failures="0">
  <properties>
[...]
</properties>
  <testcase name="contextLoads" classname="com.springRest.RestAPI.RestApiApplicationTests" time="1.098">
    <system-out><![CDATA[18:49:23.251 [main] INFO org.springframework.test.context.support.AnnotationConfigContextLoaderUtils -- Could not detect default configuration classes for test class [com.springRest.RestAPI.RestApiApplicationTests]: RestApiApplicationTests does not declare any static, non-private, non-final, nested classes annotated with @Configuration.
18:49:23.496 [main] INFO org.springframework.boot.test.context.SpringBootTestContextBootstrapper -- Found @SpringBootConfiguration com.springRest.RestAPI.RestApiApplication for test class com.springRest.RestAPI.RestApiApplicationTests

  .   ____          _            __ _ _
 /\\ / ___'_ __ _ _(_)_ __  __ _ \ \ \ \
( ( )\___ | '_ | '_| | '_ \/ _` | \ \ \ \
 \\/  ___)| |_)| | | | | || (_| |  ) ) ) )
  '  |____| .__|_| |_|_| |_\__, | / / / /
 =========|_|==============|___/=/_/_/_/

 :: Spring Boot ::                (v3.3.2)

2024-08-02T18:49:24.433+01:00  INFO 16684 --- [REST API] [           main] c.s.RestAPI.RestApiApplicationTests      : Starting RestApiApplicationTests using Java 21.0.3 with PID 16684 (started by DELL in C:\Users\DELL\source\repos\nsalunke729\RestAPI\build)
2024-08-02T18:49:24.436+01:00  INFO 16684 --- [REST API] [           main] c.s.RestAPI.RestApiApplicationTests      : The following 1 profile is active: "dev"
2024-08-02T18:49:24.437+01:00 DEBUG 16684 --- [REST API] [           main] o.s.boot.SpringApplication               : Loading source class com.springRest.RestAPI.RestApiApplication
2024-08-02T18:49:24.488+01:00 DEBUG 16684 --- [REST API] [           main] o.s.w.c.s.GenericWebApplicationContext   : Refreshing org.springframework.web.context.support.GenericWebApplicationContext@29539e36
2024-08-02T18:49:24.516+01:00 DEBUG 16684 --- [REST API] [           main] o.s.b.f.s.DefaultListableBeanFactory     : Creating shared instance of singleton bean 'org.springframework.context.annotation.internalConfigurationAnnotationProcessor'
2024-08-02T18:49:24.537+01:00 DEBUG 16684 --- [REST API] [           main] o.s.b.f.s.DefaultListableBeanFactory     : Creating shared instance of singleton bean 'org.springframework.boot.autoconfigure.internalCachingMetadataReaderFactory'
2024-08-02T18:49:24.622+01:00 DEBUG 16684 --- [REST API] [           main] o.s.c.a.ClassPathBeanDefinitionScanner   : Identified candidate component class: file [C:\Users\DELL\source\repos\nsalunke729\RestAPI\build\target\classes\com\springRest\RestAPI\controller\PropertyController.class]
2024-08-02T18:49:24.637+01:00 DEBUG 16684 --- [REST API] [           main] o.s.c.a.ClassPathBeanDefinitionScanner   : Identified candidate component class: file [C:\Users\DELL\source\repos\nsalunke729\RestAPI\build\target\classes\com\springRest\RestAPI\controller\RentPaymentController.class]
2024-08-02T18:49:24.639+01:00 DEBUG 16684 --- [REST API] [           main] o.s.c.a.ClassPathBeanDefinitionScanner   : Identified candidate component class: file [C:\Users\DELL\source\repos\nsalunke729\RestAPI\build\target\classes\com\springRest\RestAPI\controller\TenantController.class]
2024-08-02T18:49:24.641+01:00 DEBUG 16684 --- [REST API] [           main] o.s.c.a.ClassPathBeanDefinitionScanner   : Identified candidate component class: file [C:\Users\DELL\source\repos\nsalunke729\RestAPI\build\target\classes\com\springRest\RestAPI\controller\tenants.class]
2024-08-02T18:49:24.654+01:00 DEBUG 16684 --- [REST API] [           main] o.s.c.a.ClassPathBeanDefinitionScanner   : Ignored because not a concrete top-level class: file [C:\Users\DELL\source\repos\nsalunke729\RestAPI\build\target\classes\com\springRest\RestAPI\repository\RentPaymentRepository.class]
2024-08-02T18:49:24.655+01:00 DEBUG 16684 --- [REST API] [           main] o.s.c.a.ClassPathBeanDefinitionScanner   : Ignored because not a concrete top-level class: file [C:\Users\DELL\source\repos\nsalunke729\RestAPI\build\target\classes\com\springRest\RestAPI\repository\TenantRepository.class]
2024-08-02T18:49:24.657+01:00 DEBUG 16684 --- [REST API] [           main] o.s.c.a.ClassPathBeanDefinitionScanner   : Identified candidate component class: file [C:\Users\DELL\source\repos\nsalunke729\RestAPI\build\target\classes\com\springRest\RestAPI\service\RentPaymentService.class]
2024-08-02T18:49:24.659+01:00 DEBUG 16684 --- [REST API] [           main] o.s.c.a.ClassPathBeanDefinitionScanner   : Identified candidate component class: file [C:\Users\DELL\source\repos\nsalunke729\RestAPI\build\target\classes\com\springRest\RestAPI\service\TenantService.class]
2024-08-02T18:49:25.717+01:00  INFO 16684 --- [REST API] [           main] .s.d.r.c.RepositoryConfigurationDelegate : Bootstrapping Spring Data JPA repositories in DEFAULT mode.
2024-08-02T18:49:25.717+01:00 DEBUG 16684 --- [REST API] [           main] o.s.b.f.s.DefaultListableBeanFactory     : Creating shared instance of singleton bean 'org.springframework.boot.autoconfigure.AutoConfigurationPackages'
2024-08-02T18:49:25.742+01:00 DEBUG 16684 --- [REST API] [           main] o.s.b.a.AutoConfigurationPackages        : @EnableAutoConfiguration was declared on a class in the package 'com.springRest.RestAPI'. Automatic @Repository and @Entity scanning is enabled.
2024-08-02T18:49:25.744+01:00 DEBUG 16684 --- [REST API] [           main] .s.d.r.c.RepositoryConfigurationDelegate : Scanning for JPA repositories in packages com.springRest.RestAPI.
2024-08-02T18:49:25.765+01:00 DEBUG 16684 --- [REST API] [           main] o.s.d.r.c.RepositoryComponentProvider    : Identified candidate component class: file [C:\Users\DELL\source\repos\nsalunke729\RestAPI\build\target\classes\com\springRest\RestAPI\repository\RentPaymentRepository.class]
2024-08-02T18:49:25.765+01:00 DEBUG 16684 --- [REST API] [           main] o.s.d.r.c.RepositoryComponentProvider    : Identified candidate component class: file [C:\Users\DELL\source\repos\nsalunke729\RestAPI\build\target\classes\com\springRest\RestAPI\repository\TenantRepository.class]
2024-08-02T18:49:25.843+01:00  INFO 16684 --- [REST API] [           main] .s.d.r.c.RepositoryConfigurationDelegate : Finished Spring Data repository scanning in 92 ms. Found 2 JPA repository interfaces.
2024-08-02T18:49:26.150+01:00 DEBUG 16684 --- [REST API] [           main] o.s.b.f.s.DefaultListableBeanFactory     : Creating shared instance of singleton bean 'propertySourcesPlaceholderConfigurer'
2024-08-02T18:49:26.154+01:00 DEBUG 16684 --- [REST API] [           main] o.s.b.f.s.DefaultListableBeanFactory     : Creating shared instance of singleton bean 'org.springframework.boot.test.mock.mockito.MockitoPostProcessor'
2024-08-02T18:49:26.156+01:00 DEBUG 16684 --- [REST API] [           main] o.s.b.f.s.DefaultListableBeanFactory     : Creating shared instance of singleton bean 'emBeanDefinitionRegistrarPostProcessor'
2024-08-02T18:49:26.157+01:00 DEBUG 16684 --- [REST API] [           main] o.s.b.f.s.DefaultListableBeanFactory     : Creating shared instance of singleton bean 'org.springframework.boot.sql.init.dependency.DatabaseInitializationDependencyConfigurer$DependsOnDatabaseInitializationPostProcessor'
2024-08-02T18:49:26.221+01:00 DEBUG 16684 --- [REST API] [           main] o.s.b.f.s.DefaultListableBeanFactory     : Creating shared instance of singleton bean 'org.springframework.context.event.internalEventListenerProcessor'
2024-08-02T18:49:26.224+01:00 DEBUG 16684 --- [REST API] [           main] o.s.b.f.s.DefaultListableBeanFactory     : Creating shared instance of singleton bean 'preserveErrorControllerTargetClassPostProcessor'
2024-08-02T18:49:26.225+01:00 DEBUG 16684 --- [REST API] [           main] o.s.b.f.s.DefaultListableBeanFactory     : Creating shared instance of singleton bean 'org.springframework.context.event.internalEventListenerFactory'
2024-08-02T18:49:26.226+01:00 DEBUG 16684 --- [REST API] [           main] o.s.b.f.s.DefaultListableBeanFactory     : Creating shared instance of singleton bean 'org.springframework.transaction.config.internalTransactionalEventListenerFactory'
2024-08-02T18:49:26.231+01:00 DEBUG 16684 --- [REST API] [           main] o.s.b.f.s.DefaultListableBeanFactory     : Creating shared instance of singleton bean 'org.springframework.boot.test.mock.mockito.MockitoPostProcessor$SpyPostProcessor'
2024-08-02T18:49:26.231+01:00 DEBUG 16684 --- [REST API] [           main] o.s.b.f.s.DefaultListableBeanFactory     : Creating shared instance of singleton bean 'org.springframework.context.annotation.internalAutowiredAnnotationProcessor'
2024-08-02T18:49:26.235+01:00 DEBUG 16684 --- [REST API] [           main] o.s.b.f.s.DefaultListableBeanFactory     : Creating shared instance of singleton bean 'org.springframework.context.annotation.internalCommonAnnotationProcessor'
2024-08-02T18:49:26.238+01:00 DEBUG 16684 --- [REST API] [           main] o.s.b.f.s.DefaultListableBeanFactory     : Creating shared instance of singleton bean 'org.springframework.context.annotation.internalPersistenceAnnotationProcessor'
2024-08-02T18:49:26.239+01:00 DEBUG 16684 --- [REST API] [           main] o.s.b.f.s.DefaultListableBeanFactory     : Creating shared instance of singleton bean 'org.springframework.boot.context.properties.ConfigurationPropertiesBindingPostProcessor'
2024-08-02T18:49:26.240+01:00 DEBUG 16684 --- [REST API] [           main] o.s.b.f.s.DefaultListableBeanFactory     : Creating shared instance of singleton bean 'org.springframework.boot.context.internalConfigurationPropertiesBinder'
2024-08-02T18:49:26.244+01:00 DEBUG 16684 --- [REST API] [           main] o.s.b.f.s.DefaultListableBeanFactory     : Creating shared instance of singleton bean 'jdbcConnectionDetailsHikariBeanPostProcessor'
2024-08-02T18:49:26.250+01:00 DEBUG 16684 --- [REST API] [           main] o.s.b.f.s.DefaultListableBeanFactory     : Creating shared instance of singleton bean 'org.springframework.aop.config.internalAutoProxyCreator'
2024-08-02T18:49:26.277+01:00 DEBUG 16684 --- [REST API] [           main] o.s.b.f.s.DefaultListableBeanFactory     : Creating shared instance of singleton bean 'persistenceExceptionTranslationPostProcessor'
2024-08-02T18:49:26.302+01:00 DEBUG 16684 --- [REST API] [           main] o.s.b.f.s.DefaultListableBeanFactory     : Autowiring by type from bean name 'persistenceExceptionTranslationPostProcessor' via factory method to bean named 'environment'
2024-08-02T18:49:26.312+01:00 DEBUG 16684 --- [REST API] [           main] o.s.b.f.s.DefaultListableBeanFactory     : Creating shared instance of singleton bean 'webServerFactoryCustomizerBeanPostProcessor'
2024-08-02T18:49:26.312+01:00 DEBUG 16684 --- [REST API] [           main] o.s.b.f.s.DefaultListableBeanFactory     : Creating shared instance of singleton bean 'errorPageRegistrarBeanPostProcessor'
2024-08-02T18:49:26.314+01:00 DEBUG 16684 --- [REST API] [           main] o.s.b.f.s.DefaultListableBeanFactory     : Creating shared instance of singleton bean 'projectingArgumentResolverBeanPostProcessor'
2024-08-02T18:49:26.316+01:00 DEBUG 16684 --- [REST API] [           main] o.s.b.f.s.DefaultListableBeanFactory     : Creating shared instance of singleton bean 'org.springframework.transaction.config.internalTransactionAdvisor'
2024-08-02T18:49:26.316+01:00 DEBUG 16684 --- [REST API] [           main] o.s.b.f.s.DefaultListableBeanFactory     : Creating shared instance of singleton bean 'org.springframework.transaction.annotation.ProxyTransactionManagementConfiguration'
2024-08-02T18:49:26.345+01:00 DEBUG 16684 --- [REST API] [           main] o.s.b.f.s.DefaultListableBeanFactory     : Creating shared instance of singleton bean 'transactionAttributeSource'
2024-08-02T18:49:26.346+01:00 DEBUG 16684 --- [REST API] [           main] o.s.b.f.s.DefaultListableBeanFactory     : Creating shared instance of singleton bean 'transactionInterceptor'
2024-08-02T18:49:26.346+01:00 DEBUG 16684 --- [REST API] [           main] o.s.b.f.s.DefaultListableBeanFactory     : Autowiring by type from bean name 'transactionInterceptor' via factory method to bean named 'transactionAttributeSource'
2024-08-02T18:49:26.362+01:00 DEBUG 16684 --- [REST API] [           main] o.s.b.f.s.DefaultListableBeanFactory     : Autowiring by type from bean name 'org.springframework.transaction.config.internalTransactionAdvisor' via factory method to bean named 'transactionAttributeSource'
2024-08-02T18:49:26.362+01:00 DEBUG 16684 --- [REST API] [           main] o.s.b.f.s.DefaultListableBeanFactory     : Autowiring by type from bean name 'org.springframework.transaction.config.internalTransactionAdvisor' via factory method to bean named 'transactionInterceptor'
2024-08-02T18:49:26.430+01:00 DEBUG 16684 --- [REST API] [           main] o.s.u.c.s.UiApplicationContextUtils      : Unable to locate ThemeSource with name 'themeSource': using default [org.springframework.ui.context.support.ResourceBundleThemeSource@34a2d6e0]
2024-08-02T18:49:26.430+01:00 DEBUG 16684 --- [REST API] [           main] o.s.b.f.s.DefaultListableBeanFactory     : Creating shared instance of singleton bean 'dataSourceScriptDatabaseInitializer'
2024-08-02T18:49:26.430+01:00 DEBUG 16684 --- [REST API] [           main] o.s.b.f.s.DefaultListableBeanFactory     : Creating shared instance of singleton bean 'org.springframework.boot.autoconfigure.sql.init.DataSourceInitializationConfiguration'
2024-08-02T18:49:26.430+01:00 DEBUG 16684 --- [REST API] [           main] o.s.b.f.s.DefaultListableBeanFactory     : Creating shared instance of singleton bean 'dataSource'
2024-08-02T18:49:26.430+01:00 DEBUG 16684 --- [REST API] [           main] o.s.b.f.s.DefaultListableBeanFactory     : Creating shared instance of singleton bean 'org.springframework.boot.autoconfigure.jdbc.DataSourceConfiguration$Hikari'
2024-08-02T18:49:26.437+01:00 DEBUG 16684 --- [REST API] [           main] o.s.b.f.s.DefaultListableBeanFactory     : Creating shared instance of singleton bean 'spring.datasource-org.springframework.boot.autoconfigure.jdbc.DataSourceProperties'
2024-08-02T18:49:26.438+01:00 DEBUG 16684 --- [REST API] [           main] o.s.b.f.s.DefaultListableBeanFactory     : Creating shared instance of singleton bean 'org.springframework.boot.context.properties.BoundConfigurationProperties'
2024-08-02T18:49:26.518+01:00 DEBUG 16684 --- [REST API] [           main] o.s.b.f.s.DefaultListableBeanFactory     : Creating shared instance of singleton bean 'jdbcConnectionDetails'
2024-08-02T18:49:26.519+01:00 DEBUG 16684 --- [REST API] [           main] o.s.b.f.s.DefaultListableBeanFactory     : Creating shared instance of singleton bean 'org.springframework.boot.autoconfigure.jdbc.DataSourceAutoConfiguration$PooledDataSourceConfiguration'
2024-08-02T18:49:26.520+01:00 DEBUG 16684 --- [REST API] [           main] o.s.b.f.s.DefaultListableBeanFactory     : Autowiring by type from bean name 'jdbcConnectionDetails' via factory method to bean named 'spring.datasource-org.springframework.boot.autoconfigure.jdbc.DataSourceProperties'
2024-08-02T18:49:26.522+01:00 DEBUG 16684 --- [REST API] [           main] o.s.b.f.s.DefaultListableBeanFactory     : Autowiring by type from bean name 'dataSource' via factory method to bean named 'spring.datasource-org.springframework.boot.autoconfigure.jdbc.DataSourceProperties'
2024-08-02T18:49:26.522+01:00 DEBUG 16684 --- [REST API] [           main] o.s.b.f.s.DefaultListableBeanFactory     : Autowiring by type from bean name 'dataSource' via factory method to bean named 'jdbcConnectionDetails'
2024-08-02T18:49:26.809+01:00 DEBUG 16684 --- [REST API] [           main] o.s.b.f.s.DefaultListableBeanFactory     : Creating shared instance of singleton bean 'spring.sql.init-org.springframework.boot.autoconfigure.sql.init.SqlInitializationProperties'
2024-08-02T18:49:26.817+01:00 DEBUG 16684 --- [REST API] [           main] o.s.b.f.s.DefaultListableBeanFactory     : Autowiring by type from bean name 'dataSourceScriptDatabaseInitializer' via factory method to bean named 'dataSource'
2024-08-02T18:49:26.817+01:00 DEBUG 16684 --- [REST API] [           main] o.s.b.f.s.DefaultListableBeanFactory     : Autowiring by type from bean name 'dataSourceScriptDatabaseInitializer' via factory method to bean named 'spring.sql.init-org.springframework.boot.autoconfigure.sql.init.SqlInitializationProperties'
2024-08-02T18:49:26.843+01:00 DEBUG 16684 --- [REST API] [           main] o.s.b.f.s.DefaultListableBeanFactory     : Creating shared instance of singleton bean 'entityManagerFactory'
2024-08-02T18:49:26.844+01:00 DEBUG 16684 --- [REST API] [           main] o.s.b.f.s.DefaultListableBeanFactory     : Creating shared instance of singleton bean 'org.springframework.boot.autoconfigure.orm.jpa.HibernateJpaConfiguration'
2024-08-02T18:49:26.844+01:00 DEBUG 16684 --- [REST API] [           main] o.s.b.f.s.DefaultListableBeanFactory     : Creating shared instance of singleton bean 'spring.jpa-org.springframework.boot.autoconfigure.orm.jpa.JpaProperties'
2024-08-02T18:49:26.856+01:00 DEBUG 16684 --- [REST API] [           main] o.s.b.f.s.DefaultListableBeanFactory     : Creating shared instance of singleton bean 'spring.jpa.hibernate-org.springframework.boot.autoconfigure.orm.jpa.HibernateProperties'
2024-08-02T18:49:26.863+01:00 DEBUG 16684 --- [REST API] [           main] o.s.b.f.s.DefaultListableBeanFactory     : Autowiring by type from bean name 'org.springframework.boot.autoconfigure.orm.jpa.HibernateJpaConfiguration' via constructor to bean named 'dataSource'
2024-08-02T18:49:26.863+01:00 DEBUG 16684 --- [REST API] [           main] o.s.b.f.s.DefaultListableBeanFactory     : Autowiring by type from bean name 'org.springframework.boot.autoconfigure.orm.jpa.HibernateJpaConfiguration' via constructor to bean named 'spring.jpa-org.springframework.boot.autoconfigure.orm.jpa.JpaProperties'
2024-08-02T18:49:26.863+01:00 DEBUG 16684 --- [REST API] [           main] o.s.b.f.s.DefaultListableBeanFactory     : Autowiring by type from bean name 'org.springframework.boot.autoconfigure.orm.jpa.HibernateJpaConfiguration' via constructor to bean named 'org.springframework.beans.factory.support.DefaultListableBeanFactory@6f815e7f'
2024-08-02T18:49:26.863+01:00 DEBUG 16684 --- [REST API] [           main] o.s.b.f.s.DefaultListableBeanFactory     : Autowiring by type from bean name 'org.springframework.boot.autoconfigure.orm.jpa.HibernateJpaConfiguration' via constructor to bean named 'spring.jpa.hibernate-org.springframework.boot.autoconfigure.orm.jpa.HibernateProperties'
2024-08-02T18:49:26.871+01:00 DEBUG 16684 --- [REST API] [           main] o.s.b.f.s.DefaultListableBeanFactory     : Creating shared instance of singleton bean 'hikariPoolDataSourceMetadataProvider'
2024-08-02T18:49:26.871+01:00 DEBUG 16684 --- [REST API] [           main] o.s.b.f.s.DefaultListableBeanFactory     : Creating shared instance of singleton bean 'org.springframework.boot.autoconfigure.jdbc.metadata.DataSourcePoolMetadataProvidersConfiguration$HikariPoolDataSourceMetadataProviderConfiguration'
2024-08-02T18:49:26.882+01:00 DEBUG 16684 --- [REST API] [           main] o.s.b.f.s.DefaultListableBeanFactory     : Creating shared instance of singleton bean 'entityManagerFactoryBuilder'
2024-08-02T18:49:26.882+01:00 DEBUG 16684 --- [REST API] [           main] o.s.b.f.s.DefaultListableBeanFactory     : Creating shared instance of singleton bean 'jpaVendorAdapter'
2024-08-02T18:49:26.939+01:00 DEBUG 16684 --- [REST API] [           main] o.s.b.f.s.DefaultListableBeanFactory     : Autowiring by type from bean name 'entityManagerFactoryBuilder' via factory method to bean named 'jpaVendorAdapter'
2024-08-02T18:49:26.948+01:00 DEBUG 16684 --- [REST API] [           main] o.s.b.f.s.DefaultListableBeanFactory     : Creating shared instance of singleton bean 'persistenceManagedTypes'
2024-08-02T18:49:26.954+01:00 DEBUG 16684 --- [REST API] [           main] o.s.b.f.s.DefaultListableBeanFactory     : Autowiring by type from bean name 'persistenceManagedTypes' via factory method to bean named 'org.springframework.beans.factory.support.DefaultListableBeanFactory@6f815e7f'
2024-08-02T18:49:26.954+01:00 DEBUG 16684 --- [REST API] [           main] o.s.b.f.s.DefaultListableBeanFactory     : Autowiring by type from bean name 'persistenceManagedTypes' via factory method to bean named 'org.springframework.web.context.support.GenericWebApplicationContext@29539e36'
2024-08-02T18:49:27.035+01:00 DEBUG 16684 --- [REST API] [           main] o.s.b.f.s.DefaultListableBeanFactory     : Autowiring by type from bean name 'entityManagerFactory' via factory method to bean named 'entityManagerFactoryBuilder'
2024-08-02T18:49:27.035+01:00 DEBUG 16684 --- [REST API] [           main] o.s.b.f.s.DefaultListableBeanFactory     : Autowiring by type from bean name 'entityManagerFactory' via factory method to bean named 'persistenceManagedTypes'
2024-08-02T18:49:27.096+01:00 DEBUG 16684 --- [REST API] [           main] j.LocalContainerEntityManagerFactoryBean : Building JPA container EntityManagerFactory for persistence unit 'default'
2024-08-02T18:49:27.163+01:00  INFO 16684 --- [REST API] [           main] o.hibernate.jpa.internal.util.LogHelper  : HHH000204: Processing PersistenceUnitInfo [name: default]
2024-08-02T18:49:27.325+01:00  INFO 16684 --- [REST API] [           main] org.hibernate.Version                    : HHH000412: Hibernate ORM core version 6.5.2.Final
2024-08-02T18:49:27.393+01:00  INFO 16684 --- [REST API] [           main] o.h.c.internal.RegionFactoryInitiator    : HHH000026: Second-level cache disabled
2024-08-02T18:49:28.059+01:00  INFO 16684 --- [REST API] [           main] o.s.o.j.p.SpringPersistenceUnitInfo      : No LoadTimeWeaver setup: ignoring JPA class transformer
2024-08-02T18:49:28.104+01:00  INFO 16684 --- [REST API] [           main] com.zaxxer.hikari.HikariDataSource       : HikariPool-1 - Starting...
2024-08-02T18:49:28.167+01:00 DEBUG 16684 --- [REST API] [           main] c.m.s.jdbc.internals.SQLServerDriver     : Property:serverName Value:127.0.0.1
2024-08-02T18:49:28.168+01:00 DEBUG 16684 --- [REST API] [           main] c.m.s.jdbc.internals.SQLServerDriver     : Property:portNumber Value:1433
2024-08-02T18:49:28.168+01:00 DEBUG 16684 --- [REST API] [           main] c.m.s.jdbc.internals.SQLServerDriver     : Property:databaseName Value:master
2024-08-02T18:49:28.168+01:00 DEBUG 16684 --- [REST API] [           main] c.m.s.jdbc.internals.SQLServerDriver     : Property:trustServerCertificate Value:true
2024-08-02T18:49:28.168+01:00 DEBUG 16684 --- [REST API] [           main] c.m.s.jdbc.internals.SQLServerDriver     : Property:integratedSecurity Value:false
2024-08-02T18:49:28.168+01:00 DEBUG 16684 --- [REST API] [           main] c.m.s.jdbc.internals.SQLServerDriver     : Property:encrypt Value:false
2024-08-02T18:49:28.181+01:00 DEBUG 16684 --- [REST API] [           main] com.microsoft.sqlserver.jdbc.Driver      : Microsoft JDBC Driver 12.2.0.0 for SQL Server
2024-08-02T18:49:28.181+01:00 DEBUG 16684 --- [REST API] [           main] c.m.s.jdbc.internals.SQLServerDriver     : Property:serverName Value:127.0.0.1
2024-08-02T18:49:28.182+01:00 DEBUG 16684 --- [REST API] [           main] c.m.s.jdbc.internals.SQLServerDriver     : Property:portNumber Value:1433
2024-08-02T18:49:28.182+01:00 DEBUG 16684 --- [REST API] [           main] c.m.s.jdbc.internals.SQLServerDriver     : Property:databaseName Value:master
2024-08-02T18:49:28.182+01:00 DEBUG 16684 --- [REST API] [           main] c.m.s.jdbc.internals.SQLServerDriver     : Property:trustServerCertificate Value:true
2024-08-02T18:49:28.182+01:00 DEBUG 16684 --- [REST API] [           main] c.m.s.jdbc.internals.SQLServerDriver     : Property:integratedSecurity Value:false
2024-08-02T18:49:28.182+01:00 DEBUG 16684 --- [REST API] [           main] c.m.s.jdbc.internals.SQLServerDriver     : Property:encrypt Value:false
2024-08-02T18:49:28.254+01:00 DEBUG 16684 --- [REST API] [           main] c.m.s.j.internals.SQLServerConnection    : ConnectionID:1 created by (SQLServerDriver:1)
2024-08-02T18:49:28.259+01:00 DEBUG 16684 --- [REST API] [           main] c.m.s.j.internals.SQLServerConnection    : ConnectionID:1 This attempt server name: 127.0.0.1 port: 1433 InstanceName: null useParallel: false
2024-08-02T18:49:28.259+01:00 DEBUG 16684 --- [REST API] [           main] c.m.s.j.internals.SQLServerConnection    : ConnectionID:1 This attempt endtime: 1722620972008
2024-08-02T18:49:28.259+01:00 DEBUG 16684 --- [REST API] [           main] c.m.s.j.internals.SQLServerConnection    : ConnectionID:1 This attempt No: 0
2024-08-02T18:49:28.259+01:00 DEBUG 16684 --- [REST API] [           main] c.m.s.j.internals.SQLServerConnection    : ConnectionID:1 Connecting with server: 127.0.0.1 port: 1433 Timeout slice: 3749 Timeout Full: 30
2024-08-02T18:49:28.291+01:00 DEBUG 16684 --- [REST API] [           main] c.m.s.j.internals.SQLServerConnection    : ConnectionID:1 ClientConnectionId: 4051a705-cf12-4254-b568-8513ff9c7825 Server returned major version:16
2024-08-02T18:49:28.605+01:00 DEBUG 16684 --- [REST API] [           main] c.m.s.jdbc.internals.SQLServerStatement  : SQLServerStatement:1 created by (ConnectionID:1 ClientConnectionId: 4051a705-cf12-4254-b568-8513ff9c7825)
2024-08-02T18:49:28.606+01:00 DEBUG 16684 --- [REST API] [           main] c.m.s.jdbc.internals.SQLServerStatement  : SQLServerStatement:1 Executing (not server cursor) SELECT 1
2024-08-02T18:49:28.664+01:00 DEBUG 16684 --- [REST API] [           main] c.m.s.jdbc.internals.SQLServerResultSet  : SQLServerResultSet:1 created by (SQLServerStatement:1)
2024-08-02T18:49:28.672+01:00  INFO 16684 --- [REST API] [           main] com.zaxxer.hikari.pool.HikariPool        : HikariPool-1 - Added connection ConnectionID:1 ClientConnectionId: 4051a705-cf12-4254-b568-8513ff9c7825
2024-08-02T18:49:28.682+01:00  INFO 16684 --- [REST API] [           main] com.zaxxer.hikari.HikariDataSource       : HikariPool-1 - Start completed.
2024-08-02T18:49:28.695+01:00 DEBUG 16684 --- [REST API] [           main] c.m.s.j.i.SQLServerDatabaseMetaData      :  SQLServerDatabaseMetaData:1 created by (ConnectionID:1 ClientConnectionId: 4051a705-cf12-4254-b568-8513ff9c7825)
2024-08-02T18:49:28.732+01:00  WARN 16684 --- [REST API] [           main] org.hibernate.orm.deprecation            : HHH90000025: SQLServerDialect does not need to be specified explicitly using 'hibernate.dialect' (remove the property setting and it will be selected by default)
2024-08-02T18:49:28.749+01:00 DEBUG 16684 --- [REST API] [           main] c.m.s.jdbc.internals.SQLServerStatement  : SQLServerStatement:2 created by (ConnectionID:1 ClientConnectionId: 4051a705-cf12-4254-b568-8513ff9c7825)
2024-08-02T18:49:28.750+01:00 DEBUG 16684 --- [REST API] [           main] c.m.s.jdbc.internals.SQLServerStatement  : SQLServerStatement:2 Executing (not server cursor) SELECT SCHEMA_NAME()
2024-08-02T18:49:28.750+01:00 DEBUG 16684 --- [REST API] [           main] c.m.s.jdbc.internals.SQLServerResultSet  : SQLServerResultSet:2 created by (SQLServerStatement:2)
2024-08-02T18:49:28.754+01:00 DEBUG 16684 --- [REST API] [           main] c.m.s.jdbc.internals.SQLServerStatement  : SQLServerStatement:3 created by (ConnectionID:1 ClientConnectionId: 4051a705-cf12-4254-b568-8513ff9c7825)
2024-08-02T18:49:28.754+01:00 DEBUG 16684 --- [REST API] [           main] c.m.s.jdbc.internals.SQLServerStatement  : SQLServerStatement:3 Executing (not server cursor) SELECT SCHEMA_NAME()
2024-08-02T18:49:28.760+01:00 DEBUG 16684 --- [REST API] [           main] c.m.s.jdbc.internals.SQLServerResultSet  : SQLServerResultSet:3 created by (SQLServerStatement:3)
2024-08-02T18:49:28.761+01:00 DEBUG 16684 --- [REST API] [           main] c.m.s.jdbc.internals.SQLServerClob       : SQLServerClob:1 created by (ConnectionID:1 ClientConnectionId: 4051a705-cf12-4254-b568-8513ff9c7825)
2024-08-02T18:49:28.761+01:00 DEBUG 16684 --- [REST API] [           main] c.m.s.jdbc.internals.SQLServerNClob      : SQLServerNClob:2 created by (ConnectionID:1 ClientConnectionId: 4051a705-cf12-4254-b568-8513ff9c7825)
2024-08-02T18:49:28.820+01:00 DEBUG 16684 --- [REST API] [onnection adder] com.microsoft.sqlserver.jdbc.Driver      : Microsoft JDBC Driver 12.2.0.0 for SQL Server
2024-08-02T18:49:28.820+01:00 DEBUG 16684 --- [REST API] [onnection adder] c.m.s.jdbc.internals.SQLServerDriver     : Property:serverName Value:127.0.0.1
2024-08-02T18:49:28.820+01:00 DEBUG 16684 --- [REST API] [onnection adder] c.m.s.jdbc.internals.SQLServerDriver     : Property:portNumber Value:1433
2024-08-02T18:49:28.827+01:00 DEBUG 16684 --- [REST API] [onnection adder] c.m.s.jdbc.internals.SQLServerDriver     : Property:databaseName Value:master
2024-08-02T18:49:28.842+01:00 DEBUG 16684 --- [REST API] [onnection adder] c.m.s.jdbc.internals.SQLServerDriver     : Property:trustServerCertificate Value:true
2024-08-02T18:49:28.842+01:00 DEBUG 16684 --- [REST API] [onnection adder] c.m.s.jdbc.internals.SQLServerDriver     : Property:integratedSecurity Value:false
2024-08-02T18:49:28.842+01:00 DEBUG 16684 --- [REST API] [onnection adder] c.m.s.jdbc.internals.SQLServerDriver     : Property:encrypt Value:false
2024-08-02T18:49:28.842+01:00 DEBUG 16684 --- [REST API] [onnection adder] c.m.s.j.internals.SQLServerConnection    : ConnectionID:2 created by (SQLServerDriver:1)
2024-08-02T18:49:28.842+01:00 DEBUG 16684 --- [REST API] [onnection adder] c.m.s.j.internals.SQLServerConnection    : ConnectionID:2 This attempt server name: 127.0.0.1 port: 1433 InstanceName: null useParallel: false
2024-08-02T18:49:28.842+01:00 DEBUG 16684 --- [REST API] [onnection adder] c.m.s.j.internals.SQLServerConnection    : ConnectionID:2 This attempt endtime: 1722620972592
2024-08-02T18:49:28.842+01:00 DEBUG 16684 --- [REST API] [onnection adder] c.m.s.j.internals.SQLServerConnection    : ConnectionID:2 This attempt No: 0
2024-08-02T18:49:28.846+01:00 DEBUG 16684 --- [REST API] [onnection adder] c.m.s.j.internals.SQLServerConnection    : ConnectionID:2 Connecting with server: 127.0.0.1 port: 1433 Timeout slice: 3746 Timeout Full: 30
2024-08-02T18:49:28.852+01:00 DEBUG 16684 --- [REST API] [onnection adder] c.m.s.j.internals.SQLServerConnection    : ConnectionID:2 ClientConnectionId: 03c38e67-ac6a-496c-b6de-9dc0126045a4 Server returned major version:16
2024-08-02T18:49:29.019+01:00 DEBUG 16684 --- [REST API] [onnection adder] com.microsoft.sqlserver.jdbc.Driver      : Microsoft JDBC Driver 12.2.0.0 for SQL Server
2024-08-02T18:49:29.019+01:00 DEBUG 16684 --- [REST API] [onnection adder] c.m.s.jdbc.internals.SQLServerDriver     : Property:serverName Value:127.0.0.1
2024-08-02T18:49:29.019+01:00 DEBUG 16684 --- [REST API] [onnection adder] c.m.s.jdbc.internals.SQLServerDriver     : Property:portNumber Value:1433
2024-08-02T18:49:29.019+01:00 DEBUG 16684 --- [REST API] [onnection adder] c.m.s.jdbc.internals.SQLServerDriver     : Property:databaseName Value:master
2024-08-02T18:49:29.019+01:00 DEBUG 16684 --- [REST API] [onnection adder] c.m.s.jdbc.internals.SQLServerDriver     : Property:trustServerCertificate Value:true
2024-08-02T18:49:29.019+01:00 DEBUG 16684 --- [REST API] [onnection adder] c.m.s.jdbc.internals.SQLServerDriver     : Property:integratedSecurity Value:false
2024-08-02T18:49:29.020+01:00 DEBUG 16684 --- [REST API] [onnection adder] c.m.s.jdbc.internals.SQLServerDriver     : Property:encrypt Value:false
2024-08-02T18:49:29.020+01:00 DEBUG 16684 --- [REST API] [onnection adder] c.m.s.j.internals.SQLServerConnection    : ConnectionID:3 created by (SQLServerDriver:1)
2024-08-02T18:49:29.020+01:00 DEBUG 16684 --- [REST API] [onnection adder] c.m.s.j.internals.SQLServerConnection    : ConnectionID:3 This attempt server name: 127.0.0.1 port: 1433 InstanceName: null useParallel: false
2024-08-02T18:49:29.020+01:00 DEBUG 16684 --- [REST API] [onnection adder] c.m.s.j.internals.SQLServerConnection    : ConnectionID:3 This attempt endtime: 1722620972770
2024-08-02T18:49:29.020+01:00 DEBUG 16684 --- [REST API] [onnection adder] c.m.s.j.internals.SQLServerConnection    : ConnectionID:3 This attempt No: 0
2024-08-02T18:49:29.023+01:00 DEBUG 16684 --- [REST API] [onnection adder] c.m.s.j.internals.SQLServerConnection    : ConnectionID:3 Connecting with server: 127.0.0.1 port: 1433 Timeout slice: 3750 Timeout Full: 30
2024-08-02T18:49:29.025+01:00 DEBUG 16684 --- [REST API] [onnection adder] c.m.s.j.internals.SQLServerConnection    : ConnectionID:3 ClientConnectionId: 8c038d02-93fa-4ab0-8054-d090ed822a21 Server returned major version:16
2024-08-02T18:49:29.100+01:00 DEBUG 16684 --- [REST API] [onnection adder] com.microsoft.sqlserver.jdbc.Driver      : Microsoft JDBC Driver 12.2.0.0 for SQL Server
2024-08-02T18:49:29.100+01:00 DEBUG 16684 --- [REST API] [onnection adder] c.m.s.jdbc.internals.SQLServerDriver     : Property:serverName Value:127.0.0.1
2024-08-02T18:49:29.100+01:00 DEBUG 16684 --- [REST API] [onnection adder] c.m.s.jdbc.internals.SQLServerDriver     : Property:portNumber Value:1433
2024-08-02T18:49:29.100+01:00 DEBUG 16684 --- [REST API] [onnection adder] c.m.s.jdbc.internals.SQLServerDriver     : Property:databaseName Value:master
2024-08-02T18:49:29.100+01:00 DEBUG 16684 --- [REST API] [onnection adder] c.m.s.jdbc.internals.SQLServerDriver     : Property:trustServerCertificate Value:true
2024-08-02T18:49:29.100+01:00 DEBUG 16684 --- [REST API] [onnection adder] c.m.s.jdbc.internals.SQLServerDriver     : Property:integratedSecurity Value:false
2024-08-02T18:49:29.100+01:00 DEBUG 16684 --- [REST API] [onnection adder] c.m.s.jdbc.internals.SQLServerDriver     : Property:encrypt Value:false
2024-08-02T18:49:29.102+01:00 DEBUG 16684 --- [REST API] [onnection adder] c.m.s.j.internals.SQLServerConnection    : ConnectionID:4 created by (SQLServerDriver:1)
2024-08-02T18:49:29.102+01:00 DEBUG 16684 --- [REST API] [onnection adder] c.m.s.j.internals.SQLServerConnection    : ConnectionID:4 This attempt server name: 127.0.0.1 port: 1433 InstanceName: null useParallel: false
2024-08-02T18:49:29.102+01:00 DEBUG 16684 --- [REST API] [onnection adder] c.m.s.j.internals.SQLServerConnection    : ConnectionID:4 This attempt endtime: 1722620972852
2024-08-02T18:49:29.102+01:00 DEBUG 16684 --- [REST API] [onnection adder] c.m.s.j.internals.SQLServerConnection    : ConnectionID:4 This attempt No: 0
2024-08-02T18:49:29.102+01:00 DEBUG 16684 --- [REST API] [onnection adder] c.m.s.j.internals.SQLServerConnection    : ConnectionID:4 Connecting with server: 127.0.0.1 port: 1433 Timeout slice: 3750 Timeout Full: 30
2024-08-02T18:49:29.102+01:00 DEBUG 16684 --- [REST API] [onnection adder] c.m.s.j.internals.SQLServerConnection    : ConnectionID:4 ClientConnectionId: d17d95b2-1d11-457f-be40-1438062b03fe Server returned major version:16
2024-08-02T18:49:29.248+01:00 DEBUG 16684 --- [REST API] [onnection adder] com.microsoft.sqlserver.jdbc.Driver      : Microsoft JDBC Driver 12.2.0.0 for SQL Server
2024-08-02T18:49:29.250+01:00 DEBUG 16684 --- [REST API] [onnection adder] c.m.s.jdbc.internals.SQLServerDriver     : Property:serverName Value:127.0.0.1
2024-08-02T18:49:29.250+01:00 DEBUG 16684 --- [REST API] [onnection adder] c.m.s.jdbc.internals.SQLServerDriver     : Property:portNumber Value:1433
2024-08-02T18:49:29.250+01:00 DEBUG 16684 --- [REST API] [onnection adder] c.m.s.jdbc.internals.SQLServerDriver     : Property:databaseName Value:master
2024-08-02T18:49:29.250+01:00 DEBUG 16684 --- [REST API] [onnection adder] c.m.s.jdbc.internals.SQLServerDriver     : Property:trustServerCertificate Value:true
2024-08-02T18:49:29.250+01:00 DEBUG 16684 --- [REST API] [onnection adder] c.m.s.jdbc.internals.SQLServerDriver     : Property:integratedSecurity Value:false
2024-08-02T18:49:29.250+01:00 DEBUG 16684 --- [REST API] [onnection adder] c.m.s.jdbc.internals.SQLServerDriver     : Property:encrypt Value:false
2024-08-02T18:49:29.250+01:00 DEBUG 16684 --- [REST API] [onnection adder] c.m.s.j.internals.SQLServerConnection    : ConnectionID:5 created by (SQLServerDriver:1)
2024-08-02T18:49:29.250+01:00 DEBUG 16684 --- [REST API] [onnection adder] c.m.s.j.internals.SQLServerConnection    : ConnectionID:5 This attempt server name: 127.0.0.1 port: 1433 InstanceName: null useParallel: false
2024-08-02T18:49:29.250+01:00 DEBUG 16684 --- [REST API] [onnection adder] c.m.s.j.internals.SQLServerConnection    : ConnectionID:5 This attempt endtime: 1722620973000
2024-08-02T18:49:29.250+01:00 DEBUG 16684 --- [REST API] [onnection adder] c.m.s.j.internals.SQLServerConnection    : ConnectionID:5 This attempt No: 0
2024-08-02T18:49:29.250+01:00 DEBUG 16684 --- [REST API] [onnection adder] c.m.s.j.internals.SQLServerConnection    : ConnectionID:5 Connecting with server: 127.0.0.1 port: 1433 Timeout slice: 3750 Timeout Full: 30
2024-08-02T18:49:29.344+01:00 DEBUG 16684 --- [REST API] [onnection adder] c.m.s.j.internals.SQLServerConnection    : ConnectionID:5 ClientConnectionId: 258a2167-d8d6-4b52-b80b-1692a53c929f Server returned major version:16
2024-08-02T18:49:29.472+01:00 DEBUG 16684 --- [REST API] [onnection adder] com.microsoft.sqlserver.jdbc.Driver      : Microsoft JDBC Driver 12.2.0.0 for SQL Server
2024-08-02T18:49:29.472+01:00 DEBUG 16684 --- [REST API] [onnection adder] c.m.s.jdbc.internals.SQLServerDriver     : Property:serverName Value:127.0.0.1
2024-08-02T18:49:29.478+01:00 DEBUG 16684 --- [REST API] [onnection adder] c.m.s.jdbc.internals.SQLServerDriver     : Property:portNumber Value:1433
2024-08-02T18:49:29.478+01:00 DEBUG 16684 --- [REST API] [onnection adder] c.m.s.jdbc.internals.SQLServerDriver     : Property:databaseName Value:master
2024-08-02T18:49:29.478+01:00 DEBUG 16684 --- [REST API] [onnection adder] c.m.s.jdbc.internals.SQLServerDriver     : Property:trustServerCertificate Value:true
2024-08-02T18:49:29.478+01:00 DEBUG 16684 --- [REST API] [onnection adder] c.m.s.jdbc.internals.SQLServerDriver     : Property:integratedSecurity Value:false
2024-08-02T18:49:29.478+01:00 DEBUG 16684 --- [REST API] [onnection adder] c.m.s.jdbc.internals.SQLServerDriver     : Property:encrypt Value:false
2024-08-02T18:49:29.478+01:00 DEBUG 16684 --- [REST API] [onnection adder] c.m.s.j.internals.SQLServerConnection    : ConnectionID:6 created by (SQLServerDriver:1)
2024-08-02T18:49:29.478+01:00 DEBUG 16684 --- [REST API] [onnection adder] c.m.s.j.internals.SQLServerConnection    : ConnectionID:6 This attempt server name: 127.0.0.1 port: 1433 InstanceName: null useParallel: false
2024-08-02T18:49:29.478+01:00 DEBUG 16684 --- [REST API] [onnection adder] c.m.s.j.internals.SQLServerConnection    : ConnectionID:6 This attempt endtime: 1722620973228
2024-08-02T18:49:29.478+01:00 DEBUG 16684 --- [REST API] [onnection adder] c.m.s.j.internals.SQLServerConnection    : ConnectionID:6 This attempt No: 0
2024-08-02T18:49:29.478+01:00 DEBUG 16684 --- [REST API] [onnection adder] c.m.s.j.internals.SQLServerConnection    : ConnectionID:6 Connecting with server: 127.0.0.1 port: 1433 Timeout slice: 3750 Timeout Full: 30
2024-08-02T18:49:29.481+01:00 DEBUG 16684 --- [REST API] [onnection adder] c.m.s.j.internals.SQLServerConnection    : ConnectionID:6 ClientConnectionId: 3ce40541-34fb-421c-91fd-f7d81d9237b2 Server returned major version:16
2024-08-02T18:49:29.601+01:00 DEBUG 16684 --- [REST API] [onnection adder] com.microsoft.sqlserver.jdbc.Driver      : Microsoft JDBC Driver 12.2.0.0 for SQL Server
2024-08-02T18:49:29.601+01:00 DEBUG 16684 --- [REST API] [onnection adder] c.m.s.jdbc.internals.SQLServerDriver     : Property:serverName Value:127.0.0.1
2024-08-02T18:49:29.601+01:00 DEBUG 16684 --- [REST API] [onnection adder] c.m.s.jdbc.internals.SQLServerDriver     : Property:portNumber Value:1433
2024-08-02T18:49:29.601+01:00 DEBUG 16684 --- [REST API] [onnection adder] c.m.s.jdbc.internals.SQLServerDriver     : Property:databaseName Value:master
2024-08-02T18:49:29.601+01:00 DEBUG 16684 --- [REST API] [onnection adder] c.m.s.jdbc.internals.SQLServerDriver     : Property:trustServerCertificate Value:true
2024-08-02T18:49:29.601+01:00 DEBUG 16684 --- [REST API] [onnection adder] c.m.s.jdbc.internals.SQLServerDriver     : Property:integratedSecurity Value:false
2024-08-02T18:49:29.601+01:00 DEBUG 16684 --- [REST API] [onnection adder] c.m.s.jdbc.internals.SQLServerDriver     : Property:encrypt Value:false
2024-08-02T18:49:29.601+01:00 DEBUG 16684 --- [REST API] [onnection adder] c.m.s.j.internals.SQLServerConnection    : ConnectionID:7 created by (SQLServerDriver:1)
2024-08-02T18:49:29.601+01:00 DEBUG 16684 --- [REST API] [onnection adder] c.m.s.j.internals.SQLServerConnection    : ConnectionID:7 This attempt server name: 127.0.0.1 port: 1433 InstanceName: null useParallel: false
2024-08-02T18:49:29.601+01:00 DEBUG 16684 --- [REST API] [onnection adder] c.m.s.j.internals.SQLServerConnection    : ConnectionID:7 This attempt endtime: 1722620973351
2024-08-02T18:49:29.601+01:00 DEBUG 16684 --- [REST API] [onnection adder] c.m.s.j.internals.SQLServerConnection    : ConnectionID:7 This attempt No: 0
2024-08-02T18:49:29.601+01:00 DEBUG 16684 --- [REST API] [onnection adder] c.m.s.j.internals.SQLServerConnection    : ConnectionID:7 Connecting with server: 127.0.0.1 port: 1433 Timeout slice: 3750 Timeout Full: 30
2024-08-02T18:49:29.603+01:00 DEBUG 16684 --- [REST API] [onnection adder] c.m.s.j.internals.SQLServerConnection    : ConnectionID:7 ClientConnectionId: b76115d7-7afd-413a-b3ac-9d086cb9363a Server returned major version:16
2024-08-02T18:49:29.717+01:00 DEBUG 16684 --- [REST API] [onnection adder] com.microsoft.sqlserver.jdbc.Driver      : Microsoft JDBC Driver 12.2.0.0 for SQL Server
2024-08-02T18:49:29.717+01:00 DEBUG 16684 --- [REST API] [onnection adder] c.m.s.jdbc.internals.SQLServerDriver     : Property:serverName Value:127.0.0.1
2024-08-02T18:49:29.717+01:00 DEBUG 16684 --- [REST API] [onnection adder] c.m.s.jdbc.internals.SQLServerDriver     : Property:portNumber Value:1433
2024-08-02T18:49:29.717+01:00 DEBUG 16684 --- [REST API] [onnection adder] c.m.s.jdbc.internals.SQLServerDriver     : Property:databaseName Value:master
2024-08-02T18:49:29.717+01:00 DEBUG 16684 --- [REST API] [onnection adder] c.m.s.jdbc.internals.SQLServerDriver     : Property:trustServerCertificate Value:true
2024-08-02T18:49:29.717+01:00 DEBUG 16684 --- [REST API] [onnection adder] c.m.s.jdbc.internals.SQLServerDriver     : Property:integratedSecurity Value:false
2024-08-02T18:49:29.717+01:00 DEBUG 16684 --- [REST API] [onnection adder] c.m.s.jdbc.internals.SQLServerDriver     : Property:encrypt Value:false
2024-08-02T18:49:29.717+01:00 DEBUG 16684 --- [REST API] [onnection adder] c.m.s.j.internals.SQLServerConnection    : ConnectionID:8 created by (SQLServerDriver:1)
2024-08-02T18:49:29.717+01:00 DEBUG 16684 --- [REST API] [onnection adder] c.m.s.j.internals.SQLServerConnection    : ConnectionID:8 This attempt server name: 127.0.0.1 port: 1433 InstanceName: null useParallel: false
2024-08-02T18:49:29.717+01:00 DEBUG 16684 --- [REST API] [onnection adder] c.m.s.j.internals.SQLServerConnection    : ConnectionID:8 This attempt endtime: 1722620973467
2024-08-02T18:49:29.717+01:00 DEBUG 16684 --- [REST API] [onnection adder] c.m.s.j.internals.SQLServerConnection    : ConnectionID:8 This attempt No: 0
2024-08-02T18:49:29.717+01:00 DEBUG 16684 --- [REST API] [onnection adder] c.m.s.j.internals.SQLServerConnection    : ConnectionID:8 Connecting with server: 127.0.0.1 port: 1433 Timeout slice: 3750 Timeout Full: 30
2024-08-02T18:49:29.722+01:00 DEBUG 16684 --- [REST API] [onnection adder] c.m.s.j.internals.SQLServerConnection    : ConnectionID:8 ClientConnectionId: 39d0e981-c552-41d9-91d3-eb9496ffc6ff Server returned major version:16
2024-08-02T18:49:29.819+01:00 DEBUG 16684 --- [REST API] [onnection adder] com.microsoft.sqlserver.jdbc.Driver      : Microsoft JDBC Driver 12.2.0.0 for SQL Server
2024-08-02T18:49:29.819+01:00 DEBUG 16684 --- [REST API] [onnection adder] c.m.s.jdbc.internals.SQLServerDriver     : Property:serverName Value:127.0.0.1
2024-08-02T18:49:29.819+01:00 DEBUG 16684 --- [REST API] [onnection adder] c.m.s.jdbc.internals.SQLServerDriver     : Property:portNumber Value:1433
2024-08-02T18:49:29.819+01:00 DEBUG 16684 --- [REST API] [onnection adder] c.m.s.jdbc.internals.SQLServerDriver     : Property:databaseName Value:master
2024-08-02T18:49:29.819+01:00 DEBUG 16684 --- [REST API] [onnection adder] c.m.s.jdbc.internals.SQLServerDriver     : Property:trustServerCertificate Value:true
2024-08-02T18:49:29.821+01:00 DEBUG 16684 --- [REST API] [onnection adder] c.m.s.jdbc.internals.SQLServerDriver     : Property:integratedSecurity Value:false
2024-08-02T18:49:29.821+01:00 DEBUG 16684 --- [REST API] [onnection adder] c.m.s.jdbc.internals.SQLServerDriver     : Property:encrypt Value:false
2024-08-02T18:49:29.821+01:00 DEBUG 16684 --- [REST API] [onnection adder] c.m.s.j.internals.SQLServerConnection    : ConnectionID:9 created by (SQLServerDriver:1)
2024-08-02T18:49:29.824+01:00 DEBUG 16684 --- [REST API] [onnection adder] c.m.s.j.internals.SQLServerConnection    : ConnectionID:9 This attempt server name: 127.0.0.1 port: 1433 InstanceName: null useParallel: false
2024-08-02T18:49:29.824+01:00 DEBUG 16684 --- [REST API] [onnection adder] c.m.s.j.internals.SQLServerConnection    : ConnectionID:9 This attempt endtime: 1722620973574
2024-08-02T18:49:29.825+01:00 DEBUG 16684 --- [REST API] [onnection adder] c.m.s.j.internals.SQLServerConnection    : ConnectionID:9 This attempt No: 0
2024-08-02T18:49:29.826+01:00 DEBUG 16684 --- [REST API] [onnection adder] c.m.s.j.internals.SQLServerConnection    : ConnectionID:9 Connecting with server: 127.0.0.1 port: 1433 Timeout slice: 3748 Timeout Full: 30
2024-08-02T18:49:29.828+01:00 DEBUG 16684 --- [REST API] [onnection adder] c.m.s.j.internals.SQLServerConnection    : ConnectionID:9 ClientConnectionId: 7fa3c889-b2eb-4fac-97c0-187c2dc5d9e7 Server returned major version:16
2024-08-02T18:49:29.918+01:00 DEBUG 16684 --- [REST API] [onnection adder] com.microsoft.sqlserver.jdbc.Driver      : Microsoft JDBC Driver 12.2.0.0 for SQL Server
2024-08-02T18:49:29.918+01:00 DEBUG 16684 --- [REST API] [onnection adder] c.m.s.jdbc.internals.SQLServerDriver     : Property:serverName Value:127.0.0.1
2024-08-02T18:49:29.918+01:00 DEBUG 16684 --- [REST API] [onnection adder] c.m.s.jdbc.internals.SQLServerDriver     : Property:portNumber Value:1433
2024-08-02T18:49:29.918+01:00 DEBUG 16684 --- [REST API] [onnection adder] c.m.s.jdbc.internals.SQLServerDriver     : Property:databaseName Value:master
2024-08-02T18:49:29.918+01:00 DEBUG 16684 --- [REST API] [onnection adder] c.m.s.jdbc.internals.SQLServerDriver     : Property:trustServerCertificate Value:true
2024-08-02T18:49:29.918+01:00 DEBUG 16684 --- [REST API] [onnection adder] c.m.s.jdbc.internals.SQLServerDriver     : Property:integratedSecurity Value:false
2024-08-02T18:49:29.918+01:00 DEBUG 16684 --- [REST API] [onnection adder] c.m.s.jdbc.internals.SQLServerDriver     : Property:encrypt Value:false
2024-08-02T18:49:29.918+01:00 DEBUG 16684 --- [REST API] [onnection adder] c.m.s.j.internals.SQLServerConnection    : ConnectionID:10 created by (SQLServerDriver:1)
2024-08-02T18:49:29.918+01:00 DEBUG 16684 --- [REST API] [onnection adder] c.m.s.j.internals.SQLServerConnection    : ConnectionID:10 This attempt server name: 127.0.0.1 port: 1433 InstanceName: null useParallel: false
2024-08-02T18:49:29.919+01:00 DEBUG 16684 --- [REST API] [onnection adder] c.m.s.j.internals.SQLServerConnection    : ConnectionID:10 This attempt endtime: 1722620973668
2024-08-02T18:49:29.919+01:00 DEBUG 16684 --- [REST API] [onnection adder] c.m.s.j.internals.SQLServerConnection    : ConnectionID:10 This attempt No: 0
2024-08-02T18:49:29.919+01:00 DEBUG 16684 --- [REST API] [onnection adder] c.m.s.j.internals.SQLServerConnection    : ConnectionID:10 Connecting with server: 127.0.0.1 port: 1433 Timeout slice: 3749 Timeout Full: 30
2024-08-02T18:49:29.920+01:00 DEBUG 16684 --- [REST API] [onnection adder] c.m.s.j.internals.SQLServerConnection    : ConnectionID:10 ClientConnectionId: 2891618f-3ca3-4e4f-a235-1e3f93f435d3 Server returned major version:16
2024-08-02T18:49:30.826+01:00  INFO 16684 --- [REST API] [           main] o.h.e.t.j.p.i.JtaPlatformInitiator       : HHH000489: No JTA platform available (set 'hibernate.transaction.jta.platform' to enable JTA platform integration)
2024-08-02T18:49:30.871+01:00 DEBUG 16684 --- [REST API] [           main] c.m.s.jdbc.internals.SQLServerStatement  : SQLServerStatement:4 created by (ConnectionID:1 ClientConnectionId: 4051a705-cf12-4254-b568-8513ff9c7825)
2024-08-02T18:49:30.871+01:00 DEBUG 16684 --- [REST API] [           main] c.m.s.jdbc.internals.SQLServerStatement  : SQLServerStatement:4 Executing (not server cursor) SELECT 1
2024-08-02T18:49:30.873+01:00 DEBUG 16684 --- [REST API] [           main] c.m.s.jdbc.internals.SQLServerResultSet  : SQLServerResultSet:4 created by (SQLServerStatement:4)
2024-08-02T18:49:30.886+01:00 DEBUG 16684 --- [REST API] [           main] c.m.s.jdbc.internals.SQLServerStatement  : SQLServerPreparedStatement:5 created by (ConnectionID:1 ClientConnectionId: 4051a705-cf12-4254-b568-8513ff9c7825)
2024-08-02T18:49:30.894+01:00 DEBUG 16684 --- [REST API] [           main] c.m.s.jdbc.internals.SQLServerStatement  : SQLServerPreparedStatement:5: calling sp_executesql: SQL:select * from INFORMATION_SCHEMA.SEQUENCES
2024-08-02T18:49:30.972+01:00 DEBUG 16684 --- [REST API] [           main] c.m.s.jdbc.internals.SQLServerResultSet  : SQLServerResultSet:5 created by (SQLServerPreparedStatement:5)
2024-08-02T18:49:31.003+01:00 DEBUG 16684 --- [REST API] [           main] c.m.s.jdbc.internals.SQLServerStatement  : SQLServerCallableStatement:6 created by (ConnectionID:1 ClientConnectionId: 4051a705-cf12-4254-b568-8513ff9c7825)
2024-08-02T18:49:31.015+01:00 DEBUG 16684 --- [REST API] [           main] c.m.s.jdbc.internals.SQLServerStatement  : SQLServerCallableStatement:6: calling sp_executesql: SQL:EXEC sp_tables @P0, @P1, @P2, @P3
2024-08-02T18:49:31.212+01:00 DEBUG 16684 --- [REST API] [           main] c.m.s.jdbc.internals.SQLServerResultSet  : SQLServerResultSet:6 created by (SQLServerCallableStatement:6)
2024-08-02T18:49:31.219+01:00 DEBUG 16684 --- [REST API] [           main] c.m.s.jdbc.internals.SQLServerStatement  : SQLServerStatement:7 created by (ConnectionID:1 ClientConnectionId: 4051a705-cf12-4254-b568-8513ff9c7825)
2024-08-02T18:49:31.219+01:00 DEBUG 16684 --- [REST API] [           main] c.m.s.jdbc.internals.SQLServerStatement  : SQLServerStatement:7 Executing (not server cursor) SELECT CAST(SERVERPROPERTY('EngineEdition') as INT)
2024-08-02T18:49:31.219+01:00 DEBUG 16684 --- [REST API] [           main] c.m.s.jdbc.internals.SQLServerResultSet  : SQLServerResultSet:7 created by (SQLServerStatement:7)
2024-08-02T18:49:31.219+01:00 DEBUG 16684 --- [REST API] [           main] c.m.s.jdbc.internals.SQLServerStatement  : SQLServerPreparedStatement:8 created by (ConnectionID:1 ClientConnectionId: 4051a705-cf12-4254-b568-8513ff9c7825)
2024-08-02T18:49:31.224+01:00 DEBUG 16684 --- [REST API] [           main] c.m.s.jdbc.internals.SQLServerStatement  : SQLServerPreparedStatement:8: calling sp_executesql: SQL:DECLARE @mssqljdbc_temp_sp_columns_result TABLE(TABLE_QUALIFIER SYSNAME, TABLE_OWNER SYSNAME,TABLE_NAME SYSNAME, COLUMN_NAME SYSNAME, DATA_TYPE SMALLINT, TYPE_NAME SYSNAME, PRECISION INT,LENGTH INT, SCALE SMALLINT, RADIX SMALLINT, NULLABLE SMALLINT, REMARKS VARCHAR(254), COLUMN_DEF NVARCHAR(4000),SQL_DATA_TYPE SMALLINT, SQL_DATETIME_SUB SMALLINT, CHAR_OCTET_LENGTH INT, ORDINAL_POSITION INT,IS_NULLABLE VARCHAR(254), SS_IS_SPARSE SMALLINT, SS_IS_COLUMN_SET SMALLINT, SS_IS_COMPUTED SMALLINT,SS_IS_IDENTITY SMALLINT, SS_UDT_CATALOG_NAME NVARCHAR(128), SS_UDT_SCHEMA_NAME NVARCHAR(128),SS_UDT_ASSEMBLY_TYPE_NAME NVARCHAR(max), SS_XML_SCHEMACOLLECTION_CATALOG_NAME NVARCHAR(128),SS_XML_SCHEMACOLLECTION_SCHEMA_NAME NVARCHAR(128), SS_XML_SCHEMACOLLECTION_NAME NVARCHAR(128),SS_DATA_TYPE TINYINT);INSERT INTO @mssqljdbc_temp_sp_columns_result EXEC sp_columns_100 @P0,@P1,@P2,@P3,@P4,@P5;SELECT TABLE_QUALIFIER AS TABLE_CAT, TABLE_OWNER AS TABLE_SCHEM, TABLE_NAME, COLUMN_NAME, DATA_TYPE,TYPE_NAME, PRECISION AS COLUMN_SIZE, LENGTH AS BUFFER_LENGTH, SCALE AS DECIMAL_DIGITS, RADIX AS NUM_PREC_RADIX,NULLABLE, REMARKS, COLUMN_DEF, SQL_DATA_TYPE, SQL_DATETIME_SUB, CHAR_OCTET_LENGTH, ORDINAL_POSITION, IS_NULLABLE,NULL AS SCOPE_CATALOG, NULL AS SCOPE_SCHEMA, NULL AS SCOPE_TABLE, SS_DATA_TYPE AS SOURCE_DATA_TYPE,CASE SS_IS_IDENTITY WHEN 0 THEN 'NO' WHEN 1 THEN 'YES' WHEN '' THEN '' END AS IS_AUTOINCREMENT,CASE SS_IS_COMPUTED WHEN 0 THEN 'NO' WHEN 1 THEN 'YES' WHEN '' THEN '' END AS IS_GENERATEDCOLUMN, SS_IS_SPARSE, SS_IS_COLUMN_SET, SS_UDT_CATALOG_NAME, SS_UDT_SCHEMA_NAME, SS_UDT_ASSEMBLY_TYPE_NAME,SS_XML_SCHEMACOLLECTION_CATALOG_NAME, SS_XML_SCHEMACOLLECTION_SCHEMA_NAME, SS_XML_SCHEMACOLLECTION_NAME FROM @mssqljdbc_temp_sp_columns_result ORDER BY TABLE_CAT, TABLE_SCHEM, TABLE_NAME, ORDINAL_POSITION;
2024-08-02T18:49:31.724+01:00 DEBUG 16684 --- [REST API] [           main] c.m.s.jdbc.internals.SQLServerResultSet  : SQLServerResultSet:8 created by (SQLServerPreparedStatement:8)
Hibernate: 
    create table rent_payments (
        id int identity not null,
        amount int not null,
        payment_date datetime2(6) not null,
        payment_method varchar(50) not null,
        payment_status varchar(50) not null,
        tenant_id int not null,
        primary key (id)
    )
2024-08-02T18:49:31.743+01:00 DEBUG 16684 --- [REST API] [           main] c.m.s.jdbc.internals.SQLServerStatement  : SQLServerStatement:9 created by (ConnectionID:1 ClientConnectionId: 4051a705-cf12-4254-b568-8513ff9c7825)
2024-08-02T18:49:31.743+01:00 DEBUG 16684 --- [REST API] [           main] c.m.s.jdbc.internals.SQLServerStatement  : SQLServerStatement:9 Executing (not server cursor) 
    create table rent_payments (
        id int identity not null,
        amount int not null,
        payment_date datetime2(6) not null,
        payment_method varchar(50) not null,
        payment_status varchar(50) not null,
        tenant_id int not null,
        primary key (id)
    )
Hibernate: 
    create table tenants (
        id int identity not null,
        contact bigint not null,
        end_date datetime2(6),
        name varchar(50) not null,
        rent int not null,
        room_no int not null,
        start_date datetime2(6) not null,
        primary key (id)
    )
2024-08-02T18:49:31.753+01:00 DEBUG 16684 --- [REST API] [           main] c.m.s.jdbc.internals.SQLServerStatement  : SQLServerStatement:9 Executing (not server cursor) 
    create table tenants (
        id int identity not null,
        contact bigint not null,
        end_date datetime2(6),
        name varchar(50) not null,
        rent int not null,
        room_no int not null,
        start_date datetime2(6) not null,
        primary key (id)
    )
2024-08-02T18:49:31.756+01:00 DEBUG 16684 --- [REST API] [           main] c.m.s.jdbc.internals.SQLServerException  : *** SQLException: com.microsoft.sqlserver.jdbc.SQLServerException: There is already an object named 'tenants' in the database. Msg 2714, Level 16, State 6, There is already an object named 'tenants' in the database.
2024-08-02T18:49:31.757+01:00  WARN 16684 --- [REST API] [           main] o.h.t.s.i.ExceptionHandlerLoggedImpl     : GenerationTarget encountered exception accepting command : Error executing DDL "
    create table tenants (
        id int identity not null,
        contact bigint not null,
        end_date datetime2(6),
        name varchar(50) not null,
        rent int not null,
        room_no int not null,
        start_date datetime2(6) not null,
        primary key (id)
    )" via JDBC [There is already an object named 'tenants' in the database.]

org.hibernate.tool.schema.spi.CommandAcceptanceException: Error executing DDL "
    create table tenants (
        id int identity not null,
        contact bigint not null,
        end_date datetime2(6),
        name varchar(50) not null,
        rent int not null,
        room_no int not null,
        start_date datetime2(6) not null,
        primary key (id)
    )" via JDBC [There is already an object named 'tenants' in the database.]
	at org.hibernate.tool.schema.internal.exec.GenerationTargetToDatabase.accept(GenerationTargetToDatabase.java:94) ~[hibernate-core-6.5.2.Final.jar:6.5.2.Final]
	at org.hibernate.tool.schema.internal.AbstractSchemaMigrator.applySqlString(AbstractSchemaMigrator.java:575) ~[hibernate-core-6.5.2.Final.jar:6.5.2.Final]
	at org.hibernate.tool.schema.internal.AbstractSchemaMigrator.applySqlStrings(AbstractSchemaMigrator.java:515) ~[hibernate-core-6.5.2.Final.jar:6.5.2.Final]
	at org.hibernate.tool.schema.internal.AbstractSchemaMigrator.createTable(AbstractSchemaMigrator.java:315) ~[hibernate-core-6.5.2.Final.jar:6.5.2.Final]
	at org.hibernate.tool.schema.internal.GroupedSchemaMigratorImpl.performTablesMigration(GroupedSchemaMigratorImpl.java:80) ~[hibernate-core-6.5.2.Final.jar:6.5.2.Final]
	at org.hibernate.tool.schema.internal.AbstractSchemaMigrator.performMigration(AbstractSchemaMigrator.java:232) ~[hibernate-core-6.5.2.Final.jar:6.5.2.Final]
	at org.hibernate.tool.schema.internal.AbstractSchemaMigrator.doMigration(AbstractSchemaMigrator.java:117) ~[hibernate-core-6.5.2.Final.jar:6.5.2.Final]
	at org.hibernate.tool.schema.spi.SchemaManagementToolCoordinator.performDatabaseAction(SchemaManagementToolCoordinator.java:280) ~[hibernate-core-6.5.2.Final.jar:6.5.2.Final]
	at org.hibernate.tool.schema.spi.SchemaManagementToolCoordinator.lambda$process$5(SchemaManagementToolCoordinator.java:144) ~[hibernate-core-6.5.2.Final.jar:6.5.2.Final]
	at java.base/java.util.HashMap.forEach(HashMap.java:1429) ~[na:na]
	at org.hibernate.tool.schema.spi.SchemaManagementToolCoordinator.process(SchemaManagementToolCoordinator.java:141) ~[hibernate-core-6.5.2.Final.jar:6.5.2.Final]
	at org.hibernate.boot.internal.SessionFactoryObserverForSchemaExport.sessionFactoryCreated(SessionFactoryObserverForSchemaExport.java:37) ~[hibernate-core-6.5.2.Final.jar:6.5.2.Final]
	at org.hibernate.internal.SessionFactoryObserverChain.sessionFactoryCreated(SessionFactoryObserverChain.java:35) ~[hibernate-core-6.5.2.Final.jar:6.5.2.Final]
	at org.hibernate.internal.SessionFactoryImpl.<init>(SessionFactoryImpl.java:322) ~[hibernate-core-6.5.2.Final.jar:6.5.2.Final]
	at org.hibernate.boot.internal.SessionFactoryBuilderImpl.build(SessionFactoryBuilderImpl.java:457) ~[hibernate-core-6.5.2.Final.jar:6.5.2.Final]
	at org.hibernate.jpa.boot.internal.EntityManagerFactoryBuilderImpl.build(EntityManagerFactoryBuilderImpl.java:1506) ~[hibernate-core-6.5.2.Final.jar:6.5.2.Final]
	at org.springframework.orm.jpa.vendor.SpringHibernateJpaPersistenceProvider.createContainerEntityManagerFactory(SpringHibernateJpaPersistenceProvider.java:75) ~[spring-orm-6.1.11.jar:6.1.11]
	at org.springframework.orm.jpa.LocalContainerEntityManagerFactoryBean.createNativeEntityManagerFactory(LocalContainerEntityManagerFactoryBean.java:390) ~[spring-orm-6.1.11.jar:6.1.11]
	at org.springframework.orm.jpa.AbstractEntityManagerFactoryBean.buildNativeEntityManagerFactory(AbstractEntityManagerFactoryBean.java:409) ~[spring-orm-6.1.11.jar:6.1.11]
	at org.springframework.orm.jpa.AbstractEntityManagerFactoryBean.afterPropertiesSet(AbstractEntityManagerFactoryBean.java:396) ~[spring-orm-6.1.11.jar:6.1.11]
	at org.springframework.orm.jpa.LocalContainerEntityManagerFactoryBean.afterPropertiesSet(LocalContainerEntityManagerFactoryBean.java:366) ~[spring-orm-6.1.11.jar:6.1.11]
	at org.springframework.beans.factory.support.AbstractAutowireCapableBeanFactory.invokeInitMethods(AbstractAutowireCapableBeanFactory.java:1853) ~[spring-beans-6.1.11.jar:6.1.11]
	at org.springframework.beans.factory.support.AbstractAutowireCapableBeanFactory.initializeBean(AbstractAutowireCapableBeanFactory.java:1802) ~[spring-beans-6.1.11.jar:6.1.11]
	at org.springframework.beans.factory.support.AbstractAutowireCapableBeanFactory.doCreateBean(AbstractAutowireCapableBeanFactory.java:600) ~[spring-beans-6.1.11.jar:6.1.11]
	at org.springframework.beans.factory.support.AbstractAutowireCapableBeanFactory.createBean(AbstractAutowireCapableBeanFactory.java:522) ~[spring-beans-6.1.11.jar:6.1.11]
	at org.springframework.beans.factory.support.AbstractBeanFactory.lambda$doGetBean$0(AbstractBeanFactory.java:337) ~[spring-beans-6.1.11.jar:6.1.11]
	at org.springframework.beans.factory.support.DefaultSingletonBeanRegistry.getSingleton(DefaultSingletonBeanRegistry.java:234) ~[spring-beans-6.1.11.jar:6.1.11]
	at org.springframework.beans.factory.support.AbstractBeanFactory.doGetBean(AbstractBeanFactory.java:335) ~[spring-beans-6.1.11.jar:6.1.11]
	at org.springframework.beans.factory.support.AbstractBeanFactory.getBean(AbstractBeanFactory.java:205) ~[spring-beans-6.1.11.jar:6.1.11]
	at org.springframework.context.support.AbstractApplicationContext.finishBeanFactoryInitialization(AbstractApplicationContext.java:954) ~[spring-context-6.1.11.jar:6.1.11]
	at org.springframework.context.support.AbstractApplicationContext.refresh(AbstractApplicationContext.java:625) ~[spring-context-6.1.11.jar:6.1.11]
	at org.springframework.boot.SpringApplication.refresh(SpringApplication.java:754) ~[spring-boot-3.3.2.jar:3.3.2]
	at org.springframework.boot.SpringApplication.refreshContext(SpringApplication.java:456) ~[spring-boot-3.3.2.jar:3.3.2]
	at org.springframework.boot.SpringApplication.run(SpringApplication.java:335) ~[spring-boot-3.3.2.jar:3.3.2]
	at org.springframework.boot.test.context.SpringBootContextLoader.lambda$loadContext$3(SpringBootContextLoader.java:137) ~[spring-boot-test-3.3.2.jar:3.3.2]
	at org.springframework.util.function.ThrowingSupplier.get(ThrowingSupplier.java:58) ~[spring-core-6.1.11.jar:6.1.11]
	at org.springframework.util.function.ThrowingSupplier.get(ThrowingSupplier.java:46) ~[spring-core-6.1.11.jar:6.1.11]
	at org.springframework.boot.SpringApplication.withHook(SpringApplication.java:1463) ~[spring-boot-3.3.2.jar:3.3.2]
	at org.springframework.boot.test.context.SpringBootContextLoader$ContextLoaderHook.run(SpringBootContextLoader.java:553) ~[spring-boot-test-3.3.2.jar:3.3.2]
	at org.springframework.boot.test.context.SpringBootContextLoader.loadContext(SpringBootContextLoader.java:137) ~[spring-boot-test-3.3.2.jar:3.3.2]
	at org.springframework.boot.test.context.SpringBootContextLoader.loadContext(SpringBootContextLoader.java:108) ~[spring-boot-test-3.3.2.jar:3.3.2]
	at org.springframework.test.context.cache.DefaultCacheAwareContextLoaderDelegate.loadContextInternal(DefaultCacheAwareContextLoaderDelegate.java:225) ~[spring-test-6.1.11.jar:6.1.11]
	at org.springframework.test.context.cache.DefaultCacheAwareContextLoaderDelegate.loadContext(DefaultCacheAwareContextLoaderDelegate.java:152) ~[spring-test-6.1.11.jar:6.1.11]
	at org.springframework.test.context.support.DefaultTestContext.getApplicationContext(DefaultTestContext.java:130) ~[spring-test-6.1.11.jar:6.1.11]
	at org.springframework.test.context.web.ServletTestExecutionListener.setUpRequestContextIfNecessary(ServletTestExecutionListener.java:191) ~[spring-test-6.1.11.jar:6.1.11]
	at org.springframework.test.context.web.ServletTestExecutionListener.prepareTestInstance(ServletTestExecutionListener.java:130) ~[spring-test-6.1.11.jar:6.1.11]
	at org.springframework.test.context.TestContextManager.prepareTestInstance(TestContextManager.java:260) ~[spring-test-6.1.11.jar:6.1.11]
	at org.springframework.test.context.junit.jupiter.SpringExtension.postProcessTestInstance(SpringExtension.java:163) ~[spring-test-6.1.11.jar:6.1.11]
	at org.junit.jupiter.engine.descriptor.ClassBasedTestDescriptor.lambda$invokeTestInstancePostProcessors$10(ClassBasedTestDescriptor.java:378) ~[junit-jupiter-engine-5.10.3.jar:5.10.3]
	at org.junit.jupiter.engine.descriptor.ClassBasedTestDescriptor.executeAndMaskThrowable(ClassBasedTestDescriptor.java:383) ~[junit-jupiter-engine-5.10.3.jar:5.10.3]
	at org.junit.jupiter.engine.descriptor.ClassBasedTestDescriptor.lambda$invokeTestInstancePostProcessors$11(ClassBasedTestDescriptor.java:378) ~[junit-jupiter-engine-5.10.3.jar:5.10.3]
	at java.base/java.util.stream.ReferencePipeline$3$1.accept(ReferencePipeline.java:197) ~[na:na]
	at java.base/java.util.stream.ReferencePipeline$2$1.accept(ReferencePipeline.java:179) ~[na:na]
	at java.base/java.util.ArrayList$ArrayListSpliterator.forEachRemaining(ArrayList.java:1708) ~[na:na]
	at java.base/java.util.stream.AbstractPipeline.copyInto(AbstractPipeline.java:509) ~[na:na]
	at java.base/java.util.stream.AbstractPipeline.wrapAndCopyInto(AbstractPipeline.java:499) ~[na:na]
	at java.base/java.util.stream.StreamSpliterators$WrappingSpliterator.forEachRemaining(StreamSpliterators.java:310) ~[na:na]
	at java.base/java.util.stream.Streams$ConcatSpliterator.forEachRemaining(Streams.java:735) ~[na:na]
	at java.base/java.util.stream.Streams$ConcatSpliterator.forEachRemaining(Streams.java:734) ~[na:na]
	at java.base/java.util.stream.ReferencePipeline$Head.forEach(ReferencePipeline.java:762) ~[na:na]
	at org.junit.jupiter.engine.descriptor.ClassBasedTestDescriptor.invokeTestInstancePostProcessors(ClassBasedTestDescriptor.java:377) ~[junit-jupiter-engine-5.10.3.jar:5.10.3]
	at org.junit.jupiter.engine.descriptor.ClassBasedTestDescriptor.lambda$instantiateAndPostProcessTestInstance$6(ClassBasedTestDescriptor.java:290) ~[junit-jupiter-engine-5.10.3.jar:5.10.3]
	at org.junit.platform.engine.support.hierarchical.ThrowableCollector.execute(ThrowableCollector.java:73) ~[junit-platform-engine-1.10.3.jar:1.10.3]
	at org.junit.jupiter.engine.descriptor.ClassBasedTestDescriptor.instantiateAndPostProcessTestInstance(ClassBasedTestDescriptor.java:289) ~[junit-jupiter-engine-5.10.3.jar:5.10.3]
	at org.junit.jupiter.engine.descriptor.ClassBasedTestDescriptor.lambda$testInstancesProvider$4(ClassBasedTestDescriptor.java:279) ~[junit-jupiter-engine-5.10.3.jar:5.10.3]
	at java.base/java.util.Optional.orElseGet(Optional.java:364) ~[na:na]
	at org.junit.jupiter.engine.descriptor.ClassBasedTestDescriptor.lambda$testInstancesProvider$5(ClassBasedTestDescriptor.java:278) ~[junit-jupiter-engine-5.10.3.jar:5.10.3]
	at org.junit.jupiter.engine.execution.TestInstancesProvider.getTestInstances(TestInstancesProvider.java:31) ~[junit-jupiter-engine-5.10.3.jar:5.10.3]
	at org.junit.jupiter.engine.descriptor.TestMethodTestDescriptor.lambda$prepare$0(TestMethodTestDescriptor.java:106) ~[junit-jupiter-engine-5.10.3.jar:5.10.3]
	at org.junit.platform.engine.support.hierarchical.ThrowableCollector.execute(ThrowableCollector.java:73) ~[junit-platform-engine-1.10.3.jar:1.10.3]
	at org.junit.jupiter.engine.descriptor.TestMethodTestDescriptor.prepare(TestMethodTestDescriptor.java:105) ~[junit-jupiter-engine-5.10.3.jar:5.10.3]
	at org.junit.jupiter.engine.descriptor.TestMethodTestDescriptor.prepare(TestMethodTestDescriptor.java:69) ~[junit-jupiter-engine-5.10.3.jar:5.10.3]
	at org.junit.platform.engine.support.hierarchical.NodeTestTask.lambda$prepare$2(NodeTestTask.java:123) ~[junit-platform-engine-1.10.3.jar:1.10.3]
	at org.junit.platform.engine.support.hierarchical.ThrowableCollector.execute(ThrowableCollector.java:73) ~[junit-platform-engine-1.10.3.jar:1.10.3]
	at org.junit.platform.engine.support.hierarchical.NodeTestTask.prepare(NodeTestTask.java:123) ~[junit-platform-engine-1.10.3.jar:1.10.3]
	at org.junit.platform.engine.support.hierarchical.NodeTestTask.execute(NodeTestTask.java:90) ~[junit-platform-engine-1.10.3.jar:1.10.3]
	at java.base/java.util.ArrayList.forEach(ArrayList.java:1596) ~[na:na]
	at org.junit.platform.engine.support.hierarchical.SameThreadHierarchicalTestExecutorService.invokeAll(SameThreadHierarchicalTestExecutorService.java:41) ~[junit-platform-engine-1.10.3.jar:1.10.3]
	at org.junit.platform.engine.support.hierarchical.NodeTestTask.lambda$executeRecursively$6(NodeTestTask.java:155) ~[junit-platform-engine-1.10.3.jar:1.10.3]
	at org.junit.platform.engine.support.hierarchical.ThrowableCollector.execute(ThrowableCollector.java:73) ~[junit-platform-engine-1.10.3.jar:1.10.3]
	at org.junit.platform.engine.support.hierarchical.NodeTestTask.lambda$executeRecursively$8(NodeTestTask.java:141) ~[junit-platform-engine-1.10.3.jar:1.10.3]
	at org.junit.platform.engine.support.hierarchical.Node.around(Node.java:137) ~[junit-platform-engine-1.10.3.jar:1.10.3]
	at org.junit.platform.engine.support.hierarchical.NodeTestTask.lambda$executeRecursively$9(NodeTestTask.java:139) ~[junit-platform-engine-1.10.3.jar:1.10.3]
	at org.junit.platform.engine.support.hierarchical.ThrowableCollector.execute(ThrowableCollector.java:73) ~[junit-platform-engine-1.10.3.jar:1.10.3]
	at org.junit.platform.engine.support.hierarchical.NodeTestTask.executeRecursively(NodeTestTask.java:138) ~[junit-platform-engine-1.10.3.jar:1.10.3]
	at org.junit.platform.engine.support.hierarchical.NodeTestTask.execute(NodeTestTask.java:95) ~[junit-platform-engine-1.10.3.jar:1.10.3]
	at java.base/java.util.ArrayList.forEach(ArrayList.java:1596) ~[na:na]
	at org.junit.platform.engine.support.hierarchical.SameThreadHierarchicalTestExecutorService.invokeAll(SameThreadHierarchicalTestExecutorService.java:41) ~[junit-platform-engine-1.10.3.jar:1.10.3]
	at org.junit.platform.engine.support.hierarchical.NodeTestTask.lambda$executeRecursively$6(NodeTestTask.java:155) ~[junit-platform-engine-1.10.3.jar:1.10.3]
	at org.junit.platform.engine.support.hierarchical.ThrowableCollector.execute(ThrowableCollector.java:73) ~[junit-platform-engine-1.10.3.jar:1.10.3]
	at org.junit.platform.engine.support.hierarchical.NodeTestTask.lambda$executeRecursively$8(NodeTestTask.java:141) ~[junit-platform-engine-1.10.3.jar:1.10.3]
	at org.junit.platform.engine.support.hierarchical.Node.around(Node.java:137) ~[junit-platform-engine-1.10.3.jar:1.10.3]
	at org.junit.platform.engine.support.hierarchical.NodeTestTask.lambda$executeRecursively$9(NodeTestTask.java:139) ~[junit-platform-engine-1.10.3.jar:1.10.3]
	at org.junit.platform.engine.support.hierarchical.ThrowableCollector.execute(ThrowableCollector.java:73) ~[junit-platform-engine-1.10.3.jar:1.10.3]
	at org.junit.platform.engine.support.hierarchical.NodeTestTask.executeRecursively(NodeTestTask.java:138) ~[junit-platform-engine-1.10.3.jar:1.10.3]
	at org.junit.platform.engine.support.hierarchical.NodeTestTask.execute(NodeTestTask.java:95) ~[junit-platform-engine-1.10.3.jar:1.10.3]
	at org.junit.platform.engine.support.hierarchical.SameThreadHierarchicalTestExecutorService.submit(SameThreadHierarchicalTestExecutorService.java:35) ~[junit-platform-engine-1.10.3.jar:1.10.3]
	at org.junit.platform.engine.support.hierarchical.HierarchicalTestExecutor.execute(HierarchicalTestExecutor.java:57) ~[junit-platform-engine-1.10.3.jar:1.10.3]
	at org.junit.platform.engine.support.hierarchical.HierarchicalTestEngine.execute(HierarchicalTestEngine.java:54) ~[junit-platform-engine-1.10.3.jar:1.10.3]
	at org.junit.platform.launcher.core.EngineExecutionOrchestrator.execute(EngineExecutionOrchestrator.java:198) ~[junit-platform-launcher-1.10.3.jar:1.10.3]
	at org.junit.platform.launcher.core.EngineExecutionOrchestrator.execute(EngineExecutionOrchestrator.java:169) ~[junit-platform-launcher-1.10.3.jar:1.10.3]
	at org.junit.platform.launcher.core.EngineExecutionOrchestrator.execute(EngineExecutionOrchestrator.java:93) ~[junit-platform-launcher-1.10.3.jar:1.10.3]
	at org.junit.platform.launcher.core.EngineExecutionOrchestrator.lambda$execute$0(EngineExecutionOrchestrator.java:58) ~[junit-platform-launcher-1.10.3.jar:1.10.3]
	at org.junit.platform.launcher.core.EngineExecutionOrchestrator.withInterceptedStreams(EngineExecutionOrchestrator.java:141) ~[junit-platform-launcher-1.10.3.jar:1.10.3]
	at org.junit.platform.launcher.core.EngineExecutionOrchestrator.execute(EngineExecutionOrchestrator.java:57) ~[junit-platform-launcher-1.10.3.jar:1.10.3]
	at org.junit.platform.launcher.core.DefaultLauncher.execute(DefaultLauncher.java:103) ~[junit-platform-launcher-1.10.3.jar:1.10.3]
	at org.junit.platform.launcher.core.DefaultLauncher.execute(DefaultLauncher.java:85) ~[junit-platform-launcher-1.10.3.jar:1.10.3]
	at org.junit.platform.launcher.core.DelegatingLauncher.execute(DelegatingLauncher.java:47) ~[junit-platform-launcher-1.10.3.jar:1.10.3]
	at org.apache.maven.surefire.junitplatform.LazyLauncher.execute(LazyLauncher.java:56) ~[surefire-junit-platform-3.2.5.jar:3.2.5]
	at org.apache.maven.surefire.junitplatform.JUnitPlatformProvider.execute(JUnitPlatformProvider.java:184) ~[surefire-junit-platform-3.2.5.jar:3.2.5]
	at org.apache.maven.surefire.junitplatform.JUnitPlatformProvider.invokeAllTests(JUnitPlatformProvider.java:148) ~[surefire-junit-platform-3.2.5.jar:3.2.5]
	at org.apache.maven.surefire.junitplatform.JUnitPlatformProvider.invoke(JUnitPlatformProvider.java:122) ~[surefire-junit-platform-3.2.5.jar:3.2.5]
	at org.apache.maven.surefire.booter.ForkedBooter.runSuitesInProcess(ForkedBooter.java:385) ~[surefire-booter-3.2.5.jar:3.2.5]
	at org.apache.maven.surefire.booter.ForkedBooter.execute(ForkedBooter.java:162) ~[surefire-booter-3.2.5.jar:3.2.5]
	at org.apache.maven.surefire.booter.ForkedBooter.run(ForkedBooter.java:507) ~[surefire-booter-3.2.5.jar:3.2.5]
	at org.apache.maven.surefire.booter.ForkedBooter.main(ForkedBooter.java:495) ~[surefire-booter-3.2.5.jar:3.2.5]
Caused by: com.microsoft.sqlserver.jdbc.SQLServerException: There is already an object named 'tenants' in the database.
	at com.microsoft.sqlserver.jdbc.SQLServerException.makeFromDatabaseError(SQLServerException.java:265) ~[mssql-jdbc-12.2.0.jre8.jar:na]
	at com.microsoft.sqlserver.jdbc.SQLServerStatement.getNextResult(SQLServerStatement.java:1695) ~[mssql-jdbc-12.2.0.jre8.jar:na]
	at com.microsoft.sqlserver.jdbc.SQLServerStatement.doExecuteStatement(SQLServerStatement.java:920) ~[mssql-jdbc-12.2.0.jre8.jar:na]
	at com.microsoft.sqlserver.jdbc.SQLServerStatement$StmtExecCmd.doExecute(SQLServerStatement.java:814) ~[mssql-jdbc-12.2.0.jre8.jar:na]
	at com.microsoft.sqlserver.jdbc.TDSCommand.execute(IOBuffer.java:7685) ~[mssql-jdbc-12.2.0.jre8.jar:na]
	at com.microsoft.sqlserver.jdbc.SQLServerConnection.executeCommand(SQLServerConnection.java:4048) ~[mssql-jdbc-12.2.0.jre8.jar:na]
	at com.microsoft.sqlserver.jdbc.SQLServerStatement.executeCommand(SQLServerStatement.java:272) ~[mssql-jdbc-12.2.0.jre8.jar:na]
	at com.microsoft.sqlserver.jdbc.SQLServerStatement.executeStatement(SQLServerStatement.java:246) ~[mssql-jdbc-12.2.0.jre8.jar:na]
	at com.microsoft.sqlserver.jdbc.SQLServerStatement.execute(SQLServerStatement.java:787) ~[mssql-jdbc-12.2.0.jre8.jar:na]
	at com.zaxxer.hikari.pool.ProxyStatement.execute(ProxyStatement.java:94) ~[HikariCP-5.1.0.jar:na]
	at com.zaxxer.hikari.pool.HikariProxyStatement.execute(HikariProxyStatement.java) ~[HikariCP-5.1.0.jar:na]
	at org.hibernate.tool.schema.internal.exec.GenerationTargetToDatabase.accept(GenerationTargetToDatabase.java:80) ~[hibernate-core-6.5.2.Final.jar:6.5.2.Final]
	... 115 common frames omitted

Hibernate: 
    alter table rent_payments 
       add constraint FKjuhiygpeaxmmn9lw36cb2v2oy 
       foreign key (tenant_id) 
       references tenants
2024-08-02T18:49:31.764+01:00 DEBUG 16684 --- [REST API] [           main] c.m.s.jdbc.internals.SQLServerStatement  : SQLServerStatement:9 Executing (not server cursor) 
    alter table rent_payments 
       add constraint FKjuhiygpeaxmmn9lw36cb2v2oy 
       foreign key (tenant_id) 
       references tenants
2024-08-02T18:49:31.774+01:00  INFO 16684 --- [REST API] [           main] j.LocalContainerEntityManagerFactoryBean : Initialized JPA EntityManagerFactory for persistence unit 'default'
2024-08-02T18:49:31.777+01:00 DEBUG 16684 --- [REST API] [           main] o.s.b.f.s.DefaultListableBeanFactory     : Creating shared instance of singleton bean 'restApiApplication'
2024-08-02T18:49:31.790+01:00 DEBUG 16684 --- [REST API] [           main] o.s.c.e.PropertySourcesPropertyResolver  : Found key 'environment.name' in PropertySource 'environmentProperties' with value of type String
2024-08-02T18:49:31.793+01:00 DEBUG 16684 --- [REST API] [           main] o.s.b.f.s.DefaultListableBeanFactory     : Creating shared instance of singleton bean 'propertyController'
2024-08-02T18:49:31.795+01:00 DEBUG 16684 --- [REST API] [           main] o.s.c.e.PropertySourcesPropertyResolver  : Found key 'environment.name' in PropertySource 'environmentProperties' with value of type String
2024-08-02T18:49:31.796+01:00 DEBUG 16684 --- [REST API] [           main] o.s.b.f.s.DefaultListableBeanFactory     : Creating shared instance of singleton bean 'rentPaymentController'
2024-08-02T18:49:31.809+01:00 DEBUG 16684 --- [REST API] [           main] o.s.b.f.s.DefaultListableBeanFactory     : Creating shared instance of singleton bean 'rentPaymentService'
2024-08-02T18:49:31.809+01:00 DEBUG 16684 --- [REST API] [           main] o.s.b.f.s.DefaultListableBeanFactory     : Creating shared instance of singleton bean 'rentPaymentRepository'
2024-08-02T18:49:31.823+01:00 DEBUG 16684 --- [REST API] [           main] o.s.b.f.s.DefaultListableBeanFactory     : Creating shared instance of singleton bean 'jpa.named-queries#1'
2024-08-02T18:49:31.831+01:00 DEBUG 16684 --- [REST API] [           main] o.s.b.f.s.DefaultListableBeanFactory     : Creating shared instance of singleton bean 'jpa.RentPaymentRepository.fragments#0'
2024-08-02T18:49:31.862+01:00 DEBUG 16684 --- [REST API] [           main] o.s.b.f.s.DefaultListableBeanFactory     : Creating shared instance of singleton bean 'jpaSharedEM_entityManagerFactory'
2024-08-02T18:49:32.008+01:00 DEBUG 16684 --- [REST API] [           main] o.s.b.f.s.DefaultListableBeanFactory     : Creating shared instance of singleton bean 'jpaMappingContext'
2024-08-02T18:49:32.008+01:00 DEBUG 16684 --- [REST API] [           main] .c.JpaMetamodelMappingContextFactoryBean : Initializing JpaMetamodelMappingContext…
2024-08-02T18:49:32.079+01:00 DEBUG 16684 --- [REST API] [           main] .c.JpaMetamodelMappingContextFactoryBean : Finished initializing JpaMetamodelMappingContext
2024-08-02T18:49:32.157+01:00 DEBUG 16684 --- [REST API] [           main] tor$SharedEntityManagerInvocationHandler : Creating new EntityManager for shared EntityManager invocation
2024-08-02T18:49:32.366+01:00 DEBUG 16684 --- [REST API] [           main] tor$SharedEntityManagerInvocationHandler : Creating new EntityManager for shared EntityManager invocation
2024-08-02T18:49:32.589+01:00 DEBUG 16684 --- [REST API] [           main] o.s.d.r.c.s.RepositoryFactorySupport     : Initializing repository instance for com.springRest.RestAPI.repository.RentPaymentRepository…
2024-08-02T18:49:32.618+01:00 DEBUG 16684 --- [REST API] [           main] tor$SharedEntityManagerInvocationHandler : Creating new EntityManager for shared EntityManager invocation
2024-08-02T18:49:32.658+01:00 DEBUG 16684 --- [REST API] [           main] o.s.d.r.c.s.RepositoryFactorySupport     : Finished creation of repository instance for com.springRest.RestAPI.repository.RentPaymentRepository.
2024-08-02T18:49:32.677+01:00 DEBUG 16684 --- [REST API] [           main] o.s.b.f.s.DefaultListableBeanFactory     : Autowiring by type from bean name 'rentPaymentService' via constructor to bean named 'rentPaymentRepository'
2024-08-02T18:49:32.686+01:00 DEBUG 16684 --- [REST API] [           main] o.s.b.f.s.DefaultListableBeanFactory     : Creating shared instance of singleton bean 'tenantService'
[...]

   QuartzAutoConfiguration:
      Did not match:
         - @ConditionalOnClass did not find required class 'org.quartz.Scheduler' (OnClassCondition)

   R2dbcAutoConfiguration:
      Did not match:
         - @ConditionalOnClass did not find required class 'io.r2dbc.spi.ConnectionFactory' (OnClassCondition)

   R2dbcDataAutoConfiguration:
      Did not match:
         - @ConditionalOnClass did not find required class 'org.springframework.data.r2dbc.core.R2dbcEntityTemplate' (OnClassCondition)

   R2dbcInitializationConfiguration:
      Did not match:
         - @ConditionalOnClass did not find required classes 'io.r2dbc.spi.ConnectionFactory', 'org.springframework.r2dbc.connection.init.DatabasePopulator' (OnClassCondition)

   R2dbcRepositoriesAutoConfiguration:
      Did not match:
         - @ConditionalOnClass did not find required class 'io.r2dbc.spi.ConnectionFactory' (OnClassCondition)

   R2dbcTransactionManagerAutoConfiguration:
      Did not match:
         - @ConditionalOnClass did not find required class 'org.springframework.r2dbc.connection.R2dbcTransactionManager' (OnClassCondition)

   RSocketGraphQlClientAutoConfiguration:
      Did not match:
         - @ConditionalOnClass did not find required class 'graphql.GraphQL' (OnClassCondition)

   RSocketMessagingAutoConfiguration:
      Did not match:
         - @ConditionalOnClass did not find required class 'io.rsocket.RSocket' (OnClassCondition)

   RSocketRequesterAutoConfiguration:
      Did not match:
         - @ConditionalOnClass did not find required class 'io.rsocket.RSocket' (OnClassCondition)

   RSocketSecurityAutoConfiguration:
      Did not match:
         - @ConditionalOnClass did not find required class 'org.springframework.security.rsocket.core.SecuritySocketAcceptorInterceptor' (OnClassCondition)

   RSocketServerAutoConfiguration:
      Did not match:
         - @ConditionalOnClass did not find required class 'io.rsocket.core.RSocketServer' (OnClassCondition)

   RSocketStrategiesAutoConfiguration:
      Did not match:
         - @ConditionalOnClass did not find required class 'io.netty.buffer.PooledByteBufAllocator' (OnClassCondition)

   RabbitAutoConfiguration:
      Did not match:
         - @ConditionalOnClass did not find required class 'com.rabbitmq.client.Channel' (OnClassCondition)

   ReactiveElasticsearchClientAutoConfiguration:
      Did not match:
         - @ConditionalOnClass did not find required class 'co.elastic.clients.transport.ElasticsearchTransport' (OnClassCondition)

   ReactiveElasticsearchRepositoriesAutoConfiguration:
      Did not match:
         - @ConditionalOnClass did not find required class 'org.springframework.data.elasticsearch.client.elc.ReactiveElasticsearchClient' (OnClassCondition)

   ReactiveMultipartAutoConfiguration:
      Did not match:
         - @ConditionalOnClass did not find required class 'org.springframework.web.reactive.config.WebFluxConfigurer' (OnClassCondition)

   ReactiveOAuth2ClientAutoConfiguration:
      Did not match:
         - @ConditionalOnClass did not find required class 'reactor.core.publisher.Flux' (OnClassCondition)

   ReactiveOAuth2ResourceServerAutoConfiguration:
      Did not match:
         - @ConditionalOnClass did not find required class 'org.springframework.security.config.annotation.web.reactive.EnableWebFluxSecurity' (OnClassCondition)

   ReactiveSecurityAutoConfiguration:
      Did not match:
         - @ConditionalOnClass did not find required class 'reactor.core.publisher.Flux' (OnClassCondition)

   ReactiveUserDetailsServiceAutoConfiguration:
      Did not match:
         - @ConditionalOnClass did not find required class 'org.springframework.security.authentication.ReactiveAuthenticationManager' (OnClassCondition)

   ReactiveWebServerFactoryAutoConfiguration:
      Did not match:
         - @ConditionalOnWebApplication did not find reactive web application classes (OnWebApplicationCondition)

   ReactorAutoConfiguration:
      Did not match:
         - @ConditionalOnClass did not find required class 'reactor.core.publisher.Hooks' (OnClassCondition)

   RedisAutoConfiguration:
      Did not match:
         - @ConditionalOnClass did not find required class 'org.springframework.data.redis.core.RedisOperations' (OnClassCondition)

   RedisCacheConfiguration:
      Did not match:
         - @ConditionalOnClass did not find required class 'org.springframework.data.redis.connection.RedisConnectionFactory' (OnClassCondition)

   RedisReactiveAutoConfiguration:
      Did not match:
         - @ConditionalOnClass did not find required class 'reactor.core.publisher.Flux' (OnClassCondition)

   RedisRepositoriesAutoConfiguration:
      Did not match:
         - @ConditionalOnClass did not find required class 'org.springframework.data.redis.repository.configuration.EnableRedisRepositories' (OnClassCondition)

   RepositoryRestMvcAutoConfiguration:
      Did not match:
         - @ConditionalOnClass did not find required class 'org.springframework.data.rest.webmvc.config.RepositoryRestMvcConfiguration' (OnClassCondition)

   Saml2RelyingPartyAutoConfiguration:
      Did not match:
         - @ConditionalOnClass did not find required class 'org.springframework.security.saml2.provider.service.registration.RelyingPartyRegistrationRepository' (OnClassCondition)

   SecurityAutoConfiguration:
      Did not match:
         - @ConditionalOnClass did not find required class 'org.springframework.security.authentication.DefaultAuthenticationEventPublisher' (OnClassCondition)

   SecurityFilterAutoConfiguration:
      Did not match:
         - @ConditionalOnClass did not find required class 'org.springframework.security.config.http.SessionCreationPolicy' (OnClassCondition)

   SendGridAutoConfiguration:
      Did not match:
         - @ConditionalOnClass did not find required class 'com.sendgrid.SendGrid' (OnClassCondition)

   ServletWebServerFactoryAutoConfiguration.ForwardedHeaderFilterConfiguration:
      Did not match:
         - @ConditionalOnProperty (server.forward-headers-strategy=framework) did not find property 'server.forward-headers-strategy' (OnPropertyCondition)

   ServletWebServerFactoryConfiguration.EmbeddedJetty:
      Did not match:
         - @ConditionalOnClass did not find required classes 'org.eclipse.jetty.server.Server', 'org.eclipse.jetty.util.Loader', 'org.eclipse.jetty.ee10.webapp.WebAppContext' (OnClassCondition)

   ServletWebServerFactoryConfiguration.EmbeddedUndertow:
      Did not match:
         - @ConditionalOnClass did not find required classes 'io.undertow.Undertow', 'org.xnio.SslClientAuthMode' (OnClassCondition)

   SessionAutoConfiguration:
      Did not match:
         - @ConditionalOnClass did not find required class 'org.springframework.session.Session' (OnClassCondition)

   SpringApplicationAdminJmxAutoConfiguration:
      Did not match:
         - @ConditionalOnProperty (spring.application.admin.enabled=true) did not find property 'enabled' (OnPropertyCondition)

   TaskExecutorConfigurations.SimpleAsyncTaskExecutorBuilderConfiguration#simpleAsyncTaskExecutorBuilderVirtualThreads:
      Did not match:
         - @ConditionalOnMissingBean (types: org.springframework.boot.task.SimpleAsyncTaskExecutorBuilder; SearchStrategy: all) found beans of type 'org.springframework.boot.task.SimpleAsyncTaskExecutorBuilder' simpleAsyncTaskExecutorBuilder (OnBeanCondition)

   TaskExecutorConfigurations.TaskExecutorConfiguration#applicationTaskExecutorVirtualThreads:
      Did not match:
         - @ConditionalOnThreading did not find VIRTUAL (OnThreadingCondition)

   TaskSchedulingAutoConfiguration#scheduledBeanLazyInitializationExcludeFilter:
      Did not match:
         - @ConditionalOnBean (names: org.springframework.context.annotation.internalScheduledAnnotationProcessor; SearchStrategy: all) did not find any beans named org.springframework.context.annotation.internalScheduledAnnotationProcessor (OnBeanCondition)

   TaskSchedulingConfigurations.SimpleAsyncTaskSchedulerBuilderConfiguration#simpleAsyncTaskSchedulerBuilderVirtualThreads:
      Did not match:
         - @ConditionalOnMissingBean (types: org.springframework.boot.task.SimpleAsyncTaskSchedulerBuilder; SearchStrategy: all) found beans of type 'org.springframework.boot.task.SimpleAsyncTaskSchedulerBuilder' simpleAsyncTaskSchedulerBuilder (OnBeanCondition)

   TaskSchedulingConfigurations.TaskSchedulerConfiguration:
      Did not match:
         - @ConditionalOnBean (names: org.springframework.context.annotation.internalScheduledAnnotationProcessor; SearchStrategy: all) did not find any beans named org.springframework.context.annotation.internalScheduledAnnotationProcessor (OnBeanCondition)

   ThymeleafAutoConfiguration:
      Did not match:
         - @ConditionalOnClass did not find required class 'org.thymeleaf.spring6.SpringTemplateEngine' (OnClassCondition)

   TransactionAutoConfiguration#transactionalOperator:
      Did not match:
         - @ConditionalOnSingleCandidate (types: org.springframework.transaction.ReactiveTransactionManager; SearchStrategy: all) did not find any beans (OnBeanCondition)

   TransactionAutoConfiguration.AspectJTransactionManagementConfiguration:
      Did not match:
         - @ConditionalOnBean (types: org.springframework.transaction.aspectj.AbstractTransactionAspect; SearchStrategy: all) did not find any beans of type org.springframework.transaction.aspectj.AbstractTransactionAspect (OnBeanCondition)

   TransactionAutoConfiguration.EnableTransactionManagementConfiguration.JdkDynamicAutoProxyConfiguration:
      Did not match:
         - @ConditionalOnProperty (spring.aop.proxy-target-class=false) did not find property 'proxy-target-class' (OnPropertyCondition)

   UserDetailsServiceAutoConfiguration:
      Did not match:
         - @ConditionalOnClass did not find required class 'org.springframework.security.authentication.AuthenticationManager' (OnClassCondition)

   ValidationAutoConfiguration:
      Did not match:
         - @ConditionalOnClass did not find required class 'jakarta.validation.executable.ExecutableValidator' (OnClassCondition)

   WebClientAutoConfiguration:
      Did not match:
         - @ConditionalOnClass did not find required class 'org.springframework.web.reactive.function.client.WebClient' (OnClassCondition)

   WebFluxAutoConfiguration:
      Did not match:
         - @ConditionalOnClass did not find required class 'org.springframework.web.reactive.config.WebFluxConfigurer' (OnClassCondition)

   WebMvcAutoConfiguration#hiddenHttpMethodFilter:
      Did not match:
         - @ConditionalOnProperty (spring.mvc.hiddenmethod.filter.enabled) did not find property 'enabled' (OnPropertyCondition)

   WebMvcAutoConfiguration.ProblemDetailsErrorHandlingConfiguration:
      Did not match:
         - @ConditionalOnProperty (spring.mvc.problemdetails.enabled=true) did not find property 'enabled' (OnPropertyCondition)

   WebMvcAutoConfiguration.ResourceChainCustomizerConfiguration:
      Did not match:
         - @ConditionalOnEnabledResourceChain did not find class org.webjars.WebJarAssetLocator (OnEnabledResourceChainCondition)

   WebMvcAutoConfiguration.WebMvcAutoConfigurationAdapter#beanNameViewResolver:
      Did not match:
         - @ConditionalOnMissingBean (types: org.springframework.web.servlet.view.BeanNameViewResolver; SearchStrategy: all) found beans of type 'org.springframework.web.servlet.view.BeanNameViewResolver' beanNameViewResolver (OnBeanCondition)

   WebServiceTemplateAutoConfiguration:
      Did not match:
         - @ConditionalOnClass did not find required class 'org.springframework.oxm.Marshaller' (OnClassCondition)

   WebServicesAutoConfiguration:
      Did not match:
         - @ConditionalOnClass did not find required class 'org.springframework.ws.transport.http.MessageDispatcherServlet' (OnClassCondition)

   WebSessionIdResolverAutoConfiguration:
      Did not match:
         - @ConditionalOnClass did not find required class 'reactor.core.publisher.Mono' (OnClassCondition)

   WebSocketMessagingAutoConfiguration:
      Did not match:
         - @ConditionalOnClass did not find required class 'org.springframework.web.socket.config.annotation.WebSocketMessageBrokerConfigurer' (OnClassCondition)

   WebSocketReactiveAutoConfiguration:
      Did not match:
         - @ConditionalOnWebApplication did not find reactive web application classes (OnWebApplicationCondition)

   WebSocketServletAutoConfiguration.JettyWebSocketConfiguration:
      Did not match:
         - @ConditionalOnClass did not find required class 'org.eclipse.jetty.ee10.websocket.jakarta.server.config.JakartaWebSocketServletContainerInitializer' (OnClassCondition)

   WebSocketServletAutoConfiguration.UndertowWebSocketConfiguration:
      Did not match:
         - @ConditionalOnClass did not find required class 'io.undertow.websockets.jsr.Bootstrap' (OnClassCondition)

   XADataSourceAutoConfiguration:
      Did not match:
         - @ConditionalOnBean (types: org.springframework.boot.jdbc.XADataSourceWrapper; SearchStrategy: all) did not find any beans of type org.springframework.boot.jdbc.XADataSourceWrapper (OnBeanCondition)
      Matched:
         - @ConditionalOnClass found required classes 'javax.sql.DataSource', 'jakarta.transaction.TransactionManager', 'org.springframework.jdbc.datasource.embedded.EmbeddedDatabaseType' (OnClassCondition)


Exclusions:
-----------

    None


Unconditional classes:
----------------------

    org.springframework.boot.autoconfigure.context.ConfigurationPropertiesAutoConfiguration

    org.springframework.boot.autoconfigure.ssl.SslAutoConfiguration

    org.springframework.boot.autoconfigure.context.LifecycleAutoConfiguration

    org.springframework.boot.autoconfigure.context.PropertyPlaceholderAutoConfiguration

    org.springframework.boot.autoconfigure.availability.ApplicationAvailabilityAutoConfiguration

    org.springframework.boot.autoconfigure.info.ProjectInfoAutoConfiguration



2024-08-02T18:49:34.683+01:00  INFO 16684 --- [REST API] [           main] c.s.RestAPI.RestApiApplicationTests      : Started RestApiApplicationTests in 10.804 seconds (process running for 12.751)
2024-08-02T18:49:34.688+01:00 DEBUG 16684 --- [REST API] [           main] o.s.b.a.ApplicationAvailabilityBean      : Application availability state LivenessState changed to CORRECT
2024-08-02T18:49:34.693+01:00 DEBUG 16684 --- [REST API] [           main] o.s.b.a.ApplicationAvailabilityBean      : Application availability state ReadinessState changed to ACCEPTING_TRAFFIC
2024-08-02T18:49:34.697+01:00 DEBUG 16684 --- [REST API] [           main] org.springframework.test.context.cache   : Spring test ApplicationContext cache statistics: [DefaultContextCache@6db2a260 size = 1, maxSize = 32, parentContextCount = 0, hitCount = 0, missCount = 1, failureCount = 0]
2024-08-02T18:49:34.697+01:00 DEBUG 16684 --- [REST API] [           main] o.s.t.c.w.ServletTestExecutionListener   : Setting up MockHttpServletRequest, MockHttpServletResponse, ServletWebRequest, and RequestContextHolder for test class com.springRest.RestAPI.RestApiApplicationTests
2024-08-02T18:49:34.734+01:00 DEBUG 16684 --- [REST API] [           main] DependencyInjectionTestExecutionListener : Performing dependency injection for test class com.springRest.RestAPI.RestApiApplicationTests
2024-08-02T18:49:34.734+01:00 DEBUG 16684 --- [REST API] [           main] org.springframework.test.context.cache   : Spring test ApplicationContext cache statistics: [DefaultContextCache@6db2a260 size = 1, maxSize = 32, parentContextCount = 0, hitCount = 1, missCount = 1, failureCount = 0]
2024-08-02T18:49:34.734+01:00 DEBUG 16684 --- [REST API] [           main] org.springframework.test.context.cache   : Spring test ApplicationContext cache statistics: [DefaultContextCache@6db2a260 size = 1, maxSize = 32, parentContextCount = 0, hitCount = 2, missCount = 1, failureCount = 0]
2024-08-02T18:49:34.757+01:00 DEBUG 16684 --- [REST API] [           main] sContextBeforeModesTestExecutionListener : Before test method: class [RestApiApplicationTests], method [contextLoads], class annotated with @DirtiesContext [false] with mode [null], method annotated with @DirtiesContext [false] with mode [null]
2024-08-02T18:49:34.762+01:00 DEBUG 16684 --- [REST API] [           main] org.springframework.test.context.cache   : Spring test ApplicationContext cache statistics: [DefaultContextCache@6db2a260 size = 1, maxSize = 32, parentContextCount = 0, hitCount = 3, missCount = 1, failureCount = 0]
2024-08-02T18:49:34.763+01:00 DEBUG 16684 --- [REST API] [           main] org.springframework.test.context.cache   : Spring test ApplicationContext cache statistics: [DefaultContextCache@6db2a260 size = 1, maxSize = 32, parentContextCount = 0, hitCount = 4, missCount = 1, failureCount = 0]
2024-08-02T18:49:35.816+01:00 DEBUG 16684 --- [REST API] [           main] org.springframework.test.context.cache   : Spring test ApplicationContext cache statistics: [DefaultContextCache@6db2a260 size = 1, maxSize = 32, parentContextCount = 0, hitCount = 5, missCount = 1, failureCount = 0]
2024-08-02T18:49:35.824+01:00 DEBUG 16684 --- [REST API] [           main] org.springframework.test.context.cache   : Spring test ApplicationContext cache statistics: [DefaultContextCache@6db2a260 size = 1, maxSize = 32, parentContextCount = 0, hitCount = 6, missCount = 1, failureCount = 0]
2024-08-02T18:49:35.825+01:00 DEBUG 16684 --- [REST API] [           main] org.springframework.test.context.cache   : Spring test ApplicationContext cache statistics: [DefaultContextCache@6db2a260 size = 1, maxSize = 32, parentContextCount = 0, hitCount = 7, missCount = 1, failureCount = 0]
2024-08-02T18:49:35.825+01:00 DEBUG 16684 --- [REST API] [           main] org.springframework.test.context.cache   : Spring test ApplicationContext cache statistics: [DefaultContextCache@6db2a260 size = 1, maxSize = 32, parentContextCount = 0, hitCount = 8, missCount = 1, failureCount = 0]
2024-08-02T18:49:35.826+01:00 DEBUG 16684 --- [REST API] [           main] org.springframework.test.context.cache   : Spring test ApplicationContext cache statistics: [DefaultContextCache@6db2a260 size = 1, maxSize = 32, parentContextCount = 0, hitCount = 9, missCount = 1, failureCount = 0]
2024-08-02T18:49:35.828+01:00 DEBUG 16684 --- [REST API] [           main] org.springframework.test.context.cache   : Spring test ApplicationContext cache statistics: [DefaultContextCache@6db2a260 size = 1, maxSize = 32, parentContextCount = 0, hitCount = 10, missCount = 1, failureCount = 0]
2024-08-02T18:49:35.829+01:00 DEBUG 16684 --- [REST API] [           main] org.springframework.test.context.cache   : Spring test ApplicationContext cache statistics: [DefaultContextCache@6db2a260 size = 1, maxSize = 32, parentContextCount = 0, hitCount = 11, missCount = 1, failureCount = 0]
2024-08-02T18:49:35.829+01:00 DEBUG 16684 --- [REST API] [           main] .c.s.DirtiesContextTestExecutionListener : After test method: class [RestApiApplicationTests], method [contextLoads], class annotated with @DirtiesContext [false] with mode [null], method annotated with @DirtiesContext [false] with mode [null]
2024-08-02T18:49:35.829+01:00 DEBUG 16684 --- [REST API] [           main] o.s.t.c.w.ServletTestExecutionListener   : Resetting RequestContextHolder for test class com.springRest.RestAPI.RestApiApplicationTests
]]></system-out>
    <system-err><![CDATA[WARNING: A Java agent has been loaded dynamically (C:\Users\DELL\.m2\repository\net\bytebuddy\byte-buddy-agent\1.14.18\byte-buddy-agent-1.14.18.jar)
WARNING: If a serviceability tool is in use, please run with -XX:+EnableDynamicAgentLoading to hide this warning
WARNING: If a serviceability tool is not in use, please run with -Djdk.instrument.traceUsage for more information
WARNING: Dynamic loading of agents will be disallowed by default in a future release
]]></system-err>
  </testcase>
</testsuite>